[INFO ] 2021-07-26 14:50:20.417 [main] org.springframework.boot.test.context.SpringBootTestContextBootstrapper - Neither @ContextConfiguration nor @ContextHierarchy found for test class [com.qzsoft.tah.TestJunit], using SpringBootContextLoader
[INFO ] 2021-07-26 14:50:20.427 [main] org.springframework.test.context.support.AbstractContextLoader - Could not detect default resource locations for test class [com.qzsoft.tah.TestJunit]: no resource found for suffixes {-context.xml, Context.groovy}.
[INFO ] 2021-07-26 14:50:20.678 [main] org.springframework.boot.test.context.SpringBootTestContextBootstrapper - Loaded default TestExecutionListener class names from location [META-INF/spring.factories]: [org.springframework.boot.test.mock.mockito.MockitoTestExecutionListener, org.springframework.boot.test.mock.mockito.ResetMocksTestExecutionListener, org.springframework.boot.test.autoconfigure.restdocs.RestDocsTestExecutionListener, org.springframework.boot.test.autoconfigure.web.client.MockRestServiceServerResetTestExecutionListener, org.springframework.boot.test.autoconfigure.web.servlet.MockMvcPrintOnlyOnFailureTestExecutionListener, org.springframework.boot.test.autoconfigure.web.servlet.WebDriverTestExecutionListener, org.springframework.test.context.web.ServletTestExecutionListener, org.springframework.test.context.support.DirtiesContextBeforeModesTestExecutionListener, org.springframework.test.context.support.DependencyInjectionTestExecutionListener, org.springframework.test.context.support.DirtiesContextTestExecutionListener, org.springframework.test.context.transaction.TransactionalTestExecutionListener, org.springframework.test.context.jdbc.SqlScriptsTestExecutionListener, org.springframework.test.context.event.EventPublishingTestExecutionListener]
[INFO ] 2021-07-26 14:50:20.755 [main] org.springframework.boot.test.context.SpringBootTestContextBootstrapper - Using TestExecutionListeners: [org.springframework.test.context.web.ServletTestExecutionListener@44e3a2b2, org.springframework.test.context.support.DirtiesContextBeforeModesTestExecutionListener@101639ae, org.springframework.boot.test.mock.mockito.MockitoTestExecutionListener@4c550889, org.springframework.boot.test.autoconfigure.SpringBootDependencyInjectionTestExecutionListener@1d2bd371, org.springframework.test.context.support.DirtiesContextTestExecutionListener@44040454, org.springframework.test.context.transaction.TransactionalTestExecutionListener@65fe9e33, org.springframework.test.context.jdbc.SqlScriptsTestExecutionListener@18bc345, org.springframework.test.context.event.EventPublishingTestExecutionListener@42f8285e, org.springframework.boot.test.mock.mockito.ResetMocksTestExecutionListener@26bab2f1, org.springframework.boot.test.autoconfigure.restdocs.RestDocsTestExecutionListener@3724af13, org.springframework.boot.test.autoconfigure.web.client.MockRestServiceServerResetTestExecutionListener@68ead359, org.springframework.boot.test.autoconfigure.web.servlet.MockMvcPrintOnlyOnFailureTestExecutionListener@6b53bcc2, org.springframework.boot.test.autoconfigure.web.servlet.WebDriverTestExecutionListener@180da663]
[INFO ] 2021-07-26 14:50:21.338 [main] com.qzsoft.tah.TestJunit - Starting TestJunit on DESKTOP-2S2GF81 with PID 19612 (started by aq in D:\wsd\tah-collection\tah-wsd-platform)
[INFO ] 2021-07-26 14:50:21.340 [main] com.qzsoft.tah.TestJunit - The following profiles are active: dev
[INFO ] 2021-07-26 14:50:22.549 [main] org.springframework.data.repository.config.RepositoryConfigurationDelegate - Multiple Spring Data modules found, entering strict repository configuration mode!
[INFO ] 2021-07-26 14:50:22.552 [main] org.springframework.data.repository.config.RepositoryConfigurationDelegate - Bootstrapping Spring Data JPA repositories in DEFAULT mode.
[INFO ] 2021-07-26 14:50:22.613 [main] org.springframework.data.repository.config.RepositoryConfigurationDelegate - Finished Spring Data repository scanning in 39ms. Found 0 JPA repository interfaces.
[INFO ] 2021-07-26 14:50:22.642 [main] org.springframework.data.repository.config.RepositoryConfigurationDelegate - Multiple Spring Data modules found, entering strict repository configuration mode!
[INFO ] 2021-07-26 14:50:22.645 [main] org.springframework.data.repository.config.RepositoryConfigurationDelegate - Bootstrapping Spring Data Redis repositories in DEFAULT mode.
[INFO ] 2021-07-26 14:50:22.677 [main] org.springframework.data.repository.config.RepositoryConfigurationDelegate - Finished Spring Data repository scanning in 13ms. Found 0 Redis repository interfaces.
[INFO ] 2021-07-26 14:50:23.254 [main] org.springframework.context.support.PostProcessorRegistrationDelegate$BeanPostProcessorChecker - Bean 'org.springframework.transaction.annotation.ProxyTransactionManagementConfiguration' of type [org.springframework.transaction.annotation.ProxyTransactionManagementConfiguration] is not eligible for getting processed by all BeanPostProcessors (for example: not eligible for auto-proxying)
[INFO ] 2021-07-26 14:50:23.427 [main] org.springframework.context.support.PostProcessorRegistrationDelegate$BeanPostProcessorChecker - Bean 'redisConfig' of type [com.qzsoft.tah.config.RedisConfig$$EnhancerBySpringCGLIB$$6ec2bdc9] is not eligible for getting processed by all BeanPostProcessors (for example: not eligible for auto-proxying)
[INFO ] 2021-07-26 14:50:24.717 [main] org.springframework.boot.web.embedded.tomcat.TomcatWebServer - Tomcat initialized with port(s): 0 (http)
[INFO ] 2021-07-26 14:50:24.734 [main] org.apache.coyote.http11.Http11NioProtocol - Initializing ProtocolHandler ["http-nio-auto-1"]
[INFO ] 2021-07-26 14:50:24.735 [main] org.apache.catalina.core.StandardService - Starting service [Tomcat]
[INFO ] 2021-07-26 14:50:24.735 [main] org.apache.catalina.core.StandardEngine - Starting Servlet engine: [Apache Tomcat/9.0.29]
[INFO ] 2021-07-26 14:50:24.938 [main] org.apache.catalina.core.ContainerBase.[Tomcat].[localhost].[/] - Initializing Spring embedded WebApplicationContext
[INFO ] 2021-07-26 14:50:24.939 [main] org.springframework.web.context.ContextLoader - Root WebApplicationContext: initialization completed in 3512 ms
[INFO ] 2021-07-26 14:50:25.412 [main] com.alibaba.druid.pool.DruidDataSource - {dataSource-1} inited
[INFO ] 2021-07-26 14:50:25.654 [main] org.hibernate.jpa.internal.util.LogHelper - HHH000204: Processing PersistenceUnitInfo [name: default]
[INFO ] 2021-07-26 14:50:25.786 [main] org.hibernate.Version - HHH000412: Hibernate Core {5.4.9.Final}
[INFO ] 2021-07-26 14:50:25.985 [main] org.hibernate.annotations.common.Version - HCANN000001: Hibernate Commons Annotations {5.1.0.Final}
[INFO ] 2021-07-26 14:50:26.184 [main] org.hibernate.dialect.Dialect - HHH000400: Using dialect: org.hibernate.dialect.MySQL57Dialect
[INFO ] 2021-07-26 14:50:26.459 [main] org.hibernate.engine.transaction.jta.platform.internal.JtaPlatformInitiator - HHH000490: Using JtaPlatform implementation: [org.hibernate.engine.transaction.jta.platform.internal.NoJtaPlatform]
[INFO ] 2021-07-26 14:50:26.469 [main] org.springframework.orm.jpa.LocalContainerEntityManagerFactoryBean - Initialized JPA EntityManagerFactory for persistence unit 'default'
[INFO ] 2021-07-26 14:50:27.967 [main] org.springframework.scheduling.concurrent.ThreadPoolTaskExecutor - Initializing ExecutorService 'applicationTaskExecutor'
[INFO ] 2021-07-26 14:50:28.550 [main] org.quartz.impl.StdSchedulerFactory - Using default implementation for ThreadExecutor
[INFO ] 2021-07-26 14:50:28.568 [main] org.quartz.core.SchedulerSignalerImpl - Initialized Scheduler Signaller of type: class org.quartz.core.SchedulerSignalerImpl
[INFO ] 2021-07-26 14:50:28.570 [main] org.quartz.core.QuartzScheduler - Quartz Scheduler v.2.2.1 created.
[INFO ] 2021-07-26 14:50:28.572 [main] org.quartz.simpl.RAMJobStore - RAMJobStore initialized.
[INFO ] 2021-07-26 14:50:28.573 [main] org.quartz.core.QuartzScheduler - Scheduler meta-data: Quartz Scheduler (v2.2.1) 'quartzScheduler' with instanceId 'NON_CLUSTERED'
  Scheduler class: 'org.quartz.core.QuartzScheduler' - running locally.
  NOT STARTED.
  Currently in standby mode.
  Number of jobs executed: 0
  Using thread pool 'org.quartz.simpl.SimpleThreadPool' - with 10 threads.
  Using job-store 'org.quartz.simpl.RAMJobStore' - which does not support persistence. and is not clustered.

[INFO ] 2021-07-26 14:50:28.573 [main] org.quartz.impl.StdSchedulerFactory - Quartz scheduler 'quartzScheduler' initialized from an externally provided properties instance.
[INFO ] 2021-07-26 14:50:28.573 [main] org.quartz.impl.StdSchedulerFactory - Quartz scheduler version: 2.2.1
[INFO ] 2021-07-26 14:50:28.573 [main] org.quartz.core.QuartzScheduler - JobFactory set to: org.springframework.scheduling.quartz.SpringBeanJobFactory@18cb4ed1
[INFO ] 2021-07-26 14:50:28.631 [main] org.apache.catalina.core.ContainerBase.[Tomcat].[localhost].[/] - Initializing Spring TestDispatcherServlet ''
[INFO ] 2021-07-26 14:50:28.631 [main] org.springframework.test.web.servlet.TestDispatcherServlet - Initializing Servlet ''
[INFO ] 2021-07-26 14:50:28.649 [main] org.springframework.test.web.servlet.TestDispatcherServlet - Completed initialization in 18 ms
[INFO ] 2021-07-26 14:50:29.849 [main] org.springframework.scheduling.quartz.SchedulerFactoryBean - Starting Quartz Scheduler now
[INFO ] 2021-07-26 14:50:29.850 [main] org.quartz.core.QuartzScheduler - Scheduler quartzScheduler_$_NON_CLUSTERED started.
[INFO ] 2021-07-26 14:50:29.859 [main] org.apache.coyote.http11.Http11NioProtocol - Starting ProtocolHandler ["http-nio-auto-1"]
[INFO ] 2021-07-26 14:50:29.896 [main] org.springframework.boot.web.embedded.tomcat.TomcatWebServer - Tomcat started on port(s): 52444 (http) with context path ''
[INFO ] 2021-07-26 14:50:29.899 [main] com.qzsoft.tah.TestJunit - Started TestJunit in 9.067 seconds (JVM running for 10.511)
[INFO ] 2021-07-26 14:50:30.031 [SpringContextShutdownHook] org.quartz.core.QuartzScheduler - Scheduler quartzScheduler_$_NON_CLUSTERED paused.
[INFO ] 2021-07-26 14:50:30.031 [SpringContextShutdownHook] org.springframework.scheduling.quartz.SchedulerFactoryBean - Shutting down Quartz Scheduler
[INFO ] 2021-07-26 14:50:30.031 [SpringContextShutdownHook] org.quartz.core.QuartzScheduler - Scheduler quartzScheduler_$_NON_CLUSTERED shutting down.
[INFO ] 2021-07-26 14:50:30.031 [SpringContextShutdownHook] org.quartz.core.QuartzScheduler - Scheduler quartzScheduler_$_NON_CLUSTERED paused.
[INFO ] 2021-07-26 14:50:30.032 [SpringContextShutdownHook] org.quartz.core.QuartzScheduler - Scheduler quartzScheduler_$_NON_CLUSTERED shutdown complete.
[INFO ] 2021-07-26 14:50:30.033 [SpringContextShutdownHook] org.springframework.scheduling.concurrent.ThreadPoolTaskExecutor - Shutting down ExecutorService 'applicationTaskExecutor'
[INFO ] 2021-07-26 14:50:30.053 [SpringContextShutdownHook] org.springframework.orm.jpa.LocalContainerEntityManagerFactoryBean - Closing JPA EntityManagerFactory for persistence unit 'default'
[INFO ] 2021-07-26 14:50:30.065 [SpringContextShutdownHook] com.alibaba.druid.pool.DruidDataSource - {dataSource-1} closed
[INFO ] 2021-07-26 14:54:58.859 [main] org.springframework.boot.test.context.SpringBootTestContextBootstrapper - Neither @ContextConfiguration nor @ContextHierarchy found for test class [com.qzsoft.tah.TestJunit], using SpringBootContextLoader
[INFO ] 2021-07-26 14:54:58.868 [main] org.springframework.test.context.support.AbstractContextLoader - Could not detect default resource locations for test class [com.qzsoft.tah.TestJunit]: no resource found for suffixes {-context.xml, Context.groovy}.
[INFO ] 2021-07-26 14:54:59.086 [main] org.springframework.boot.test.context.SpringBootTestContextBootstrapper - Loaded default TestExecutionListener class names from location [META-INF/spring.factories]: [org.springframework.boot.test.mock.mockito.MockitoTestExecutionListener, org.springframework.boot.test.mock.mockito.ResetMocksTestExecutionListener, org.springframework.boot.test.autoconfigure.restdocs.RestDocsTestExecutionListener, org.springframework.boot.test.autoconfigure.web.client.MockRestServiceServerResetTestExecutionListener, org.springframework.boot.test.autoconfigure.web.servlet.MockMvcPrintOnlyOnFailureTestExecutionListener, org.springframework.boot.test.autoconfigure.web.servlet.WebDriverTestExecutionListener, org.springframework.test.context.web.ServletTestExecutionListener, org.springframework.test.context.support.DirtiesContextBeforeModesTestExecutionListener, org.springframework.test.context.support.DependencyInjectionTestExecutionListener, org.springframework.test.context.support.DirtiesContextTestExecutionListener, org.springframework.test.context.transaction.TransactionalTestExecutionListener, org.springframework.test.context.jdbc.SqlScriptsTestExecutionListener, org.springframework.test.context.event.EventPublishingTestExecutionListener]
[INFO ] 2021-07-26 14:54:59.105 [main] org.springframework.boot.test.context.SpringBootTestContextBootstrapper - Using TestExecutionListeners: [org.springframework.test.context.web.ServletTestExecutionListener@49872d67, org.springframework.test.context.support.DirtiesContextBeforeModesTestExecutionListener@56303b57, org.springframework.boot.test.mock.mockito.MockitoTestExecutionListener@4b2a01d4, org.springframework.boot.test.autoconfigure.SpringBootDependencyInjectionTestExecutionListener@8692d67, org.springframework.test.context.support.DirtiesContextTestExecutionListener@78f5c518, org.springframework.test.context.transaction.TransactionalTestExecutionListener@2f48b3d2, org.springframework.test.context.jdbc.SqlScriptsTestExecutionListener@34f7234e, org.springframework.test.context.event.EventPublishingTestExecutionListener@753432a2, org.springframework.boot.test.mock.mockito.ResetMocksTestExecutionListener@23bff419, org.springframework.boot.test.autoconfigure.restdocs.RestDocsTestExecutionListener@4983159f, org.springframework.boot.test.autoconfigure.web.client.MockRestServiceServerResetTestExecutionListener@44e3a2b2, org.springframework.boot.test.autoconfigure.web.servlet.MockMvcPrintOnlyOnFailureTestExecutionListener@101639ae, org.springframework.boot.test.autoconfigure.web.servlet.WebDriverTestExecutionListener@4c550889]
[INFO ] 2021-07-26 14:54:59.735 [main] com.qzsoft.tah.TestJunit - Starting TestJunit on DESKTOP-2S2GF81 with PID 31112 (started by aq in D:\wsd\tah-collection\tah-wsd-platform)
[INFO ] 2021-07-26 14:54:59.736 [main] com.qzsoft.tah.TestJunit - The following profiles are active: dev
[INFO ] 2021-07-26 14:55:00.678 [main] org.springframework.data.repository.config.RepositoryConfigurationDelegate - Multiple Spring Data modules found, entering strict repository configuration mode!
[INFO ] 2021-07-26 14:55:00.680 [main] org.springframework.data.repository.config.RepositoryConfigurationDelegate - Bootstrapping Spring Data JPA repositories in DEFAULT mode.
[INFO ] 2021-07-26 14:55:00.715 [main] org.springframework.data.repository.config.RepositoryConfigurationDelegate - Finished Spring Data repository scanning in 24ms. Found 0 JPA repository interfaces.
[INFO ] 2021-07-26 14:55:00.733 [main] org.springframework.data.repository.config.RepositoryConfigurationDelegate - Multiple Spring Data modules found, entering strict repository configuration mode!
[INFO ] 2021-07-26 14:55:00.735 [main] org.springframework.data.repository.config.RepositoryConfigurationDelegate - Bootstrapping Spring Data Redis repositories in DEFAULT mode.
[INFO ] 2021-07-26 14:55:00.752 [main] org.springframework.data.repository.config.RepositoryConfigurationDelegate - Finished Spring Data repository scanning in 7ms. Found 0 Redis repository interfaces.
[INFO ] 2021-07-26 14:55:01.257 [main] org.springframework.context.support.PostProcessorRegistrationDelegate$BeanPostProcessorChecker - Bean 'org.springframework.transaction.annotation.ProxyTransactionManagementConfiguration' of type [org.springframework.transaction.annotation.ProxyTransactionManagementConfiguration] is not eligible for getting processed by all BeanPostProcessors (for example: not eligible for auto-proxying)
[INFO ] 2021-07-26 14:55:01.504 [main] org.springframework.context.support.PostProcessorRegistrationDelegate$BeanPostProcessorChecker - Bean 'redisConfig' of type [com.qzsoft.tah.config.RedisConfig$$EnhancerBySpringCGLIB$$a8885ec2] is not eligible for getting processed by all BeanPostProcessors (for example: not eligible for auto-proxying)
[INFO ] 2021-07-26 14:55:02.895 [main] org.springframework.boot.web.embedded.tomcat.TomcatWebServer - Tomcat initialized with port(s): 0 (http)
[INFO ] 2021-07-26 14:55:02.912 [main] org.apache.coyote.http11.Http11NioProtocol - Initializing ProtocolHandler ["http-nio-auto-1"]
[INFO ] 2021-07-26 14:55:02.913 [main] org.apache.catalina.core.StandardService - Starting service [Tomcat]
[INFO ] 2021-07-26 14:55:02.913 [main] org.apache.catalina.core.StandardEngine - Starting Servlet engine: [Apache Tomcat/9.0.29]
[INFO ] 2021-07-26 14:55:03.230 [main] org.apache.catalina.core.ContainerBase.[Tomcat].[localhost].[/] - Initializing Spring embedded WebApplicationContext
[INFO ] 2021-07-26 14:55:03.230 [main] org.springframework.web.context.ContextLoader - Root WebApplicationContext: initialization completed in 3434 ms
[INFO ] 2021-07-26 14:55:03.718 [main] com.alibaba.druid.pool.DruidDataSource - {dataSource-1} inited
[INFO ] 2021-07-26 14:55:03.964 [main] org.hibernate.jpa.internal.util.LogHelper - HHH000204: Processing PersistenceUnitInfo [name: default]
[INFO ] 2021-07-26 14:55:04.059 [main] org.hibernate.Version - HHH000412: Hibernate Core {5.4.9.Final}
[INFO ] 2021-07-26 14:55:04.226 [main] org.hibernate.annotations.common.Version - HCANN000001: Hibernate Commons Annotations {5.1.0.Final}
[INFO ] 2021-07-26 14:55:04.401 [main] org.hibernate.dialect.Dialect - HHH000400: Using dialect: org.hibernate.dialect.MySQL57Dialect
[INFO ] 2021-07-26 14:55:04.655 [main] org.hibernate.engine.transaction.jta.platform.internal.JtaPlatformInitiator - HHH000490: Using JtaPlatform implementation: [org.hibernate.engine.transaction.jta.platform.internal.NoJtaPlatform]
[INFO ] 2021-07-26 14:55:04.664 [main] org.springframework.orm.jpa.LocalContainerEntityManagerFactoryBean - Initialized JPA EntityManagerFactory for persistence unit 'default'
[INFO ] 2021-07-26 14:55:06.154 [main] org.springframework.scheduling.concurrent.ThreadPoolTaskExecutor - Initializing ExecutorService 'applicationTaskExecutor'
[INFO ] 2021-07-26 14:55:06.711 [main] org.quartz.impl.StdSchedulerFactory - Using default implementation for ThreadExecutor
[INFO ] 2021-07-26 14:55:06.729 [main] org.quartz.core.SchedulerSignalerImpl - Initialized Scheduler Signaller of type: class org.quartz.core.SchedulerSignalerImpl
[INFO ] 2021-07-26 14:55:06.730 [main] org.quartz.core.QuartzScheduler - Quartz Scheduler v.2.2.1 created.
[INFO ] 2021-07-26 14:55:06.731 [main] org.quartz.simpl.RAMJobStore - RAMJobStore initialized.
[INFO ] 2021-07-26 14:55:06.732 [main] org.quartz.core.QuartzScheduler - Scheduler meta-data: Quartz Scheduler (v2.2.1) 'quartzScheduler' with instanceId 'NON_CLUSTERED'
  Scheduler class: 'org.quartz.core.QuartzScheduler' - running locally.
  NOT STARTED.
  Currently in standby mode.
  Number of jobs executed: 0
  Using thread pool 'org.quartz.simpl.SimpleThreadPool' - with 10 threads.
  Using job-store 'org.quartz.simpl.RAMJobStore' - which does not support persistence. and is not clustered.

[INFO ] 2021-07-26 14:55:06.732 [main] org.quartz.impl.StdSchedulerFactory - Quartz scheduler 'quartzScheduler' initialized from an externally provided properties instance.
[INFO ] 2021-07-26 14:55:06.733 [main] org.quartz.impl.StdSchedulerFactory - Quartz scheduler version: 2.2.1
[INFO ] 2021-07-26 14:55:06.733 [main] org.quartz.core.QuartzScheduler - JobFactory set to: org.springframework.scheduling.quartz.SpringBeanJobFactory@579ee82
[INFO ] 2021-07-26 14:55:06.796 [main] org.apache.catalina.core.ContainerBase.[Tomcat].[localhost].[/] - Initializing Spring TestDispatcherServlet ''
[INFO ] 2021-07-26 14:55:06.796 [main] org.springframework.test.web.servlet.TestDispatcherServlet - Initializing Servlet ''
[INFO ] 2021-07-26 14:55:06.814 [main] org.springframework.test.web.servlet.TestDispatcherServlet - Completed initialization in 18 ms
[INFO ] 2021-07-26 14:55:07.875 [main] org.springframework.scheduling.quartz.SchedulerFactoryBean - Starting Quartz Scheduler now
[INFO ] 2021-07-26 14:55:07.875 [main] org.quartz.core.QuartzScheduler - Scheduler quartzScheduler_$_NON_CLUSTERED started.
[INFO ] 2021-07-26 14:55:07.882 [main] org.apache.coyote.http11.Http11NioProtocol - Starting ProtocolHandler ["http-nio-auto-1"]
[INFO ] 2021-07-26 14:55:07.912 [main] org.springframework.boot.web.embedded.tomcat.TomcatWebServer - Tomcat started on port(s): 55804 (http) with context path ''
[INFO ] 2021-07-26 14:55:07.916 [main] com.qzsoft.tah.TestJunit - Started TestJunit in 8.747 seconds (JVM running for 10.065)
[INFO ] 2021-07-26 14:55:08.018 [SpringContextShutdownHook] org.quartz.core.QuartzScheduler - Scheduler quartzScheduler_$_NON_CLUSTERED paused.
[INFO ] 2021-07-26 14:55:08.019 [SpringContextShutdownHook] org.springframework.scheduling.quartz.SchedulerFactoryBean - Shutting down Quartz Scheduler
[INFO ] 2021-07-26 14:55:08.019 [SpringContextShutdownHook] org.quartz.core.QuartzScheduler - Scheduler quartzScheduler_$_NON_CLUSTERED shutting down.
[INFO ] 2021-07-26 14:55:08.019 [SpringContextShutdownHook] org.quartz.core.QuartzScheduler - Scheduler quartzScheduler_$_NON_CLUSTERED paused.
[INFO ] 2021-07-26 14:55:08.019 [SpringContextShutdownHook] org.quartz.core.QuartzScheduler - Scheduler quartzScheduler_$_NON_CLUSTERED shutdown complete.
[INFO ] 2021-07-26 14:55:08.021 [SpringContextShutdownHook] org.springframework.scheduling.concurrent.ThreadPoolTaskExecutor - Shutting down ExecutorService 'applicationTaskExecutor'
[INFO ] 2021-07-26 14:55:08.042 [SpringContextShutdownHook] org.springframework.orm.jpa.LocalContainerEntityManagerFactoryBean - Closing JPA EntityManagerFactory for persistence unit 'default'
[INFO ] 2021-07-26 14:55:08.052 [SpringContextShutdownHook] com.alibaba.druid.pool.DruidDataSource - {dataSource-1} closed
[INFO ] 2021-07-26 14:58:24.462 [main] org.springframework.boot.test.context.SpringBootTestContextBootstrapper - Neither @ContextConfiguration nor @ContextHierarchy found for test class [com.qzsoft.tah.TestJunit], using SpringBootContextLoader
[INFO ] 2021-07-26 14:58:24.473 [main] org.springframework.test.context.support.AbstractContextLoader - Could not detect default resource locations for test class [com.qzsoft.tah.TestJunit]: no resource found for suffixes {-context.xml, Context.groovy}.
[INFO ] 2021-07-26 14:58:24.738 [main] org.springframework.boot.test.context.SpringBootTestContextBootstrapper - Loaded default TestExecutionListener class names from location [META-INF/spring.factories]: [org.springframework.boot.test.mock.mockito.MockitoTestExecutionListener, org.springframework.boot.test.mock.mockito.ResetMocksTestExecutionListener, org.springframework.boot.test.autoconfigure.restdocs.RestDocsTestExecutionListener, org.springframework.boot.test.autoconfigure.web.client.MockRestServiceServerResetTestExecutionListener, org.springframework.boot.test.autoconfigure.web.servlet.MockMvcPrintOnlyOnFailureTestExecutionListener, org.springframework.boot.test.autoconfigure.web.servlet.WebDriverTestExecutionListener, org.springframework.test.context.web.ServletTestExecutionListener, org.springframework.test.context.support.DirtiesContextBeforeModesTestExecutionListener, org.springframework.test.context.support.DependencyInjectionTestExecutionListener, org.springframework.test.context.support.DirtiesContextTestExecutionListener, org.springframework.test.context.transaction.TransactionalTestExecutionListener, org.springframework.test.context.jdbc.SqlScriptsTestExecutionListener, org.springframework.test.context.event.EventPublishingTestExecutionListener]
[INFO ] 2021-07-26 14:58:24.758 [main] org.springframework.boot.test.context.SpringBootTestContextBootstrapper - Using TestExecutionListeners: [org.springframework.test.context.web.ServletTestExecutionListener@49872d67, org.springframework.test.context.support.DirtiesContextBeforeModesTestExecutionListener@56303b57, org.springframework.boot.test.mock.mockito.MockitoTestExecutionListener@4b2a01d4, org.springframework.boot.test.autoconfigure.SpringBootDependencyInjectionTestExecutionListener@8692d67, org.springframework.test.context.support.DirtiesContextTestExecutionListener@78f5c518, org.springframework.test.context.transaction.TransactionalTestExecutionListener@2f48b3d2, org.springframework.test.context.jdbc.SqlScriptsTestExecutionListener@34f7234e, org.springframework.test.context.event.EventPublishingTestExecutionListener@753432a2, org.springframework.boot.test.mock.mockito.ResetMocksTestExecutionListener@23bff419, org.springframework.boot.test.autoconfigure.restdocs.RestDocsTestExecutionListener@4983159f, org.springframework.boot.test.autoconfigure.web.client.MockRestServiceServerResetTestExecutionListener@44e3a2b2, org.springframework.boot.test.autoconfigure.web.servlet.MockMvcPrintOnlyOnFailureTestExecutionListener@101639ae, org.springframework.boot.test.autoconfigure.web.servlet.WebDriverTestExecutionListener@4c550889]
[INFO ] 2021-07-26 14:58:25.512 [main] com.qzsoft.tah.TestJunit - Starting TestJunit on DESKTOP-2S2GF81 with PID 34072 (started by aq in D:\wsd\tah-collection\tah-wsd-platform)
[INFO ] 2021-07-26 14:58:25.513 [main] com.qzsoft.tah.TestJunit - The following profiles are active: dev
[INFO ] 2021-07-26 14:58:26.763 [main] org.springframework.data.repository.config.RepositoryConfigurationDelegate - Multiple Spring Data modules found, entering strict repository configuration mode!
[INFO ] 2021-07-26 14:58:26.766 [main] org.springframework.data.repository.config.RepositoryConfigurationDelegate - Bootstrapping Spring Data JPA repositories in DEFAULT mode.
[INFO ] 2021-07-26 14:58:26.808 [main] org.springframework.data.repository.config.RepositoryConfigurationDelegate - Finished Spring Data repository scanning in 28ms. Found 0 JPA repository interfaces.
[INFO ] 2021-07-26 14:58:26.831 [main] org.springframework.data.repository.config.RepositoryConfigurationDelegate - Multiple Spring Data modules found, entering strict repository configuration mode!
[INFO ] 2021-07-26 14:58:26.834 [main] org.springframework.data.repository.config.RepositoryConfigurationDelegate - Bootstrapping Spring Data Redis repositories in DEFAULT mode.
[INFO ] 2021-07-26 14:58:26.852 [main] org.springframework.data.repository.config.RepositoryConfigurationDelegate - Finished Spring Data repository scanning in 7ms. Found 0 Redis repository interfaces.
[INFO ] 2021-07-26 14:58:27.520 [main] org.springframework.context.support.PostProcessorRegistrationDelegate$BeanPostProcessorChecker - Bean 'org.springframework.transaction.annotation.ProxyTransactionManagementConfiguration' of type [org.springframework.transaction.annotation.ProxyTransactionManagementConfiguration] is not eligible for getting processed by all BeanPostProcessors (for example: not eligible for auto-proxying)
[INFO ] 2021-07-26 14:58:27.744 [main] org.springframework.context.support.PostProcessorRegistrationDelegate$BeanPostProcessorChecker - Bean 'redisConfig' of type [com.qzsoft.tah.config.RedisConfig$$EnhancerBySpringCGLIB$$d6f5df14] is not eligible for getting processed by all BeanPostProcessors (for example: not eligible for auto-proxying)
[INFO ] 2021-07-26 14:58:29.256 [main] org.springframework.boot.web.embedded.tomcat.TomcatWebServer - Tomcat initialized with port(s): 0 (http)
[INFO ] 2021-07-26 14:58:29.267 [main] org.apache.coyote.http11.Http11NioProtocol - Initializing ProtocolHandler ["http-nio-auto-1"]
[INFO ] 2021-07-26 14:58:29.268 [main] org.apache.catalina.core.StandardService - Starting service [Tomcat]
[INFO ] 2021-07-26 14:58:29.268 [main] org.apache.catalina.core.StandardEngine - Starting Servlet engine: [Apache Tomcat/9.0.29]
[INFO ] 2021-07-26 14:58:29.447 [main] org.apache.catalina.core.ContainerBase.[Tomcat].[localhost].[/] - Initializing Spring embedded WebApplicationContext
[INFO ] 2021-07-26 14:58:29.448 [main] org.springframework.web.context.ContextLoader - Root WebApplicationContext: initialization completed in 3916 ms
[INFO ] 2021-07-26 14:58:29.866 [main] com.alibaba.druid.pool.DruidDataSource - {dataSource-1} inited
[INFO ] 2021-07-26 14:58:30.089 [main] org.hibernate.jpa.internal.util.LogHelper - HHH000204: Processing PersistenceUnitInfo [name: default]
[INFO ] 2021-07-26 14:58:30.182 [main] org.hibernate.Version - HHH000412: Hibernate Core {5.4.9.Final}
[INFO ] 2021-07-26 14:58:30.356 [main] org.hibernate.annotations.common.Version - HCANN000001: Hibernate Commons Annotations {5.1.0.Final}
[INFO ] 2021-07-26 14:58:30.521 [main] org.hibernate.dialect.Dialect - HHH000400: Using dialect: org.hibernate.dialect.MySQL57Dialect
[INFO ] 2021-07-26 14:58:30.780 [main] org.hibernate.engine.transaction.jta.platform.internal.JtaPlatformInitiator - HHH000490: Using JtaPlatform implementation: [org.hibernate.engine.transaction.jta.platform.internal.NoJtaPlatform]
[INFO ] 2021-07-26 14:58:30.789 [main] org.springframework.orm.jpa.LocalContainerEntityManagerFactoryBean - Initialized JPA EntityManagerFactory for persistence unit 'default'
[INFO ] 2021-07-26 14:58:32.264 [main] org.springframework.scheduling.concurrent.ThreadPoolTaskExecutor - Initializing ExecutorService 'applicationTaskExecutor'
[INFO ] 2021-07-26 14:58:32.850 [main] org.quartz.impl.StdSchedulerFactory - Using default implementation for ThreadExecutor
[INFO ] 2021-07-26 14:58:32.867 [main] org.quartz.core.SchedulerSignalerImpl - Initialized Scheduler Signaller of type: class org.quartz.core.SchedulerSignalerImpl
[INFO ] 2021-07-26 14:58:32.868 [main] org.quartz.core.QuartzScheduler - Quartz Scheduler v.2.2.1 created.
[INFO ] 2021-07-26 14:58:32.870 [main] org.quartz.simpl.RAMJobStore - RAMJobStore initialized.
[INFO ] 2021-07-26 14:58:32.871 [main] org.quartz.core.QuartzScheduler - Scheduler meta-data: Quartz Scheduler (v2.2.1) 'quartzScheduler' with instanceId 'NON_CLUSTERED'
  Scheduler class: 'org.quartz.core.QuartzScheduler' - running locally.
  NOT STARTED.
  Currently in standby mode.
  Number of jobs executed: 0
  Using thread pool 'org.quartz.simpl.SimpleThreadPool' - with 10 threads.
  Using job-store 'org.quartz.simpl.RAMJobStore' - which does not support persistence. and is not clustered.

[INFO ] 2021-07-26 14:58:32.871 [main] org.quartz.impl.StdSchedulerFactory - Quartz scheduler 'quartzScheduler' initialized from an externally provided properties instance.
[INFO ] 2021-07-26 14:58:32.871 [main] org.quartz.impl.StdSchedulerFactory - Quartz scheduler version: 2.2.1
[INFO ] 2021-07-26 14:58:32.871 [main] org.quartz.core.QuartzScheduler - JobFactory set to: org.springframework.scheduling.quartz.SpringBeanJobFactory@5e8e02a3
[INFO ] 2021-07-26 14:58:32.935 [main] org.apache.catalina.core.ContainerBase.[Tomcat].[localhost].[/] - Initializing Spring TestDispatcherServlet ''
[INFO ] 2021-07-26 14:58:32.935 [main] org.springframework.test.web.servlet.TestDispatcherServlet - Initializing Servlet ''
[INFO ] 2021-07-26 14:58:32.956 [main] org.springframework.test.web.servlet.TestDispatcherServlet - Completed initialization in 20 ms
[INFO ] 2021-07-26 14:58:34.064 [main] org.springframework.scheduling.quartz.SchedulerFactoryBean - Starting Quartz Scheduler now
[INFO ] 2021-07-26 14:58:34.064 [main] org.quartz.core.QuartzScheduler - Scheduler quartzScheduler_$_NON_CLUSTERED started.
[INFO ] 2021-07-26 14:58:34.072 [main] org.apache.coyote.http11.Http11NioProtocol - Starting ProtocolHandler ["http-nio-auto-1"]
[INFO ] 2021-07-26 14:58:34.103 [main] org.springframework.boot.web.embedded.tomcat.TomcatWebServer - Tomcat started on port(s): 56177 (http) with context path ''
[INFO ] 2021-07-26 14:58:34.107 [main] com.qzsoft.tah.TestJunit - Started TestJunit in 9.29 seconds (JVM running for 10.688)
[INFO ] 2021-07-26 14:58:34.208 [SpringContextShutdownHook] org.quartz.core.QuartzScheduler - Scheduler quartzScheduler_$_NON_CLUSTERED paused.
[INFO ] 2021-07-26 14:58:34.208 [SpringContextShutdownHook] org.springframework.scheduling.quartz.SchedulerFactoryBean - Shutting down Quartz Scheduler
[INFO ] 2021-07-26 14:58:34.209 [SpringContextShutdownHook] org.quartz.core.QuartzScheduler - Scheduler quartzScheduler_$_NON_CLUSTERED shutting down.
[INFO ] 2021-07-26 14:58:34.209 [SpringContextShutdownHook] org.quartz.core.QuartzScheduler - Scheduler quartzScheduler_$_NON_CLUSTERED paused.
[INFO ] 2021-07-26 14:58:34.209 [SpringContextShutdownHook] org.quartz.core.QuartzScheduler - Scheduler quartzScheduler_$_NON_CLUSTERED shutdown complete.
[INFO ] 2021-07-26 14:58:34.210 [SpringContextShutdownHook] org.springframework.scheduling.concurrent.ThreadPoolTaskExecutor - Shutting down ExecutorService 'applicationTaskExecutor'
[INFO ] 2021-07-26 14:58:34.230 [SpringContextShutdownHook] org.springframework.orm.jpa.LocalContainerEntityManagerFactoryBean - Closing JPA EntityManagerFactory for persistence unit 'default'
[INFO ] 2021-07-26 14:58:34.240 [SpringContextShutdownHook] com.alibaba.druid.pool.DruidDataSource - {dataSource-1} closed
[INFO ] 2021-07-26 14:59:21.478 [main] org.springframework.boot.test.context.SpringBootTestContextBootstrapper - Neither @ContextConfiguration nor @ContextHierarchy found for test class [com.qzsoft.tah.TestJunit], using SpringBootContextLoader
[INFO ] 2021-07-26 14:59:21.509 [main] org.springframework.test.context.support.AbstractContextLoader - Could not detect default resource locations for test class [com.qzsoft.tah.TestJunit]: no resource found for suffixes {-context.xml, Context.groovy}.
[INFO ] 2021-07-26 14:59:21.726 [main] org.springframework.boot.test.context.SpringBootTestContextBootstrapper - Loaded default TestExecutionListener class names from location [META-INF/spring.factories]: [org.springframework.boot.test.mock.mockito.MockitoTestExecutionListener, org.springframework.boot.test.mock.mockito.ResetMocksTestExecutionListener, org.springframework.boot.test.autoconfigure.restdocs.RestDocsTestExecutionListener, org.springframework.boot.test.autoconfigure.web.client.MockRestServiceServerResetTestExecutionListener, org.springframework.boot.test.autoconfigure.web.servlet.MockMvcPrintOnlyOnFailureTestExecutionListener, org.springframework.boot.test.autoconfigure.web.servlet.WebDriverTestExecutionListener, org.springframework.test.context.web.ServletTestExecutionListener, org.springframework.test.context.support.DirtiesContextBeforeModesTestExecutionListener, org.springframework.test.context.support.DependencyInjectionTestExecutionListener, org.springframework.test.context.support.DirtiesContextTestExecutionListener, org.springframework.test.context.transaction.TransactionalTestExecutionListener, org.springframework.test.context.jdbc.SqlScriptsTestExecutionListener, org.springframework.test.context.event.EventPublishingTestExecutionListener]
[INFO ] 2021-07-26 14:59:21.746 [main] org.springframework.boot.test.context.SpringBootTestContextBootstrapper - Using TestExecutionListeners: [org.springframework.test.context.web.ServletTestExecutionListener@49872d67, org.springframework.test.context.support.DirtiesContextBeforeModesTestExecutionListener@56303b57, org.springframework.boot.test.mock.mockito.MockitoTestExecutionListener@4b2a01d4, org.springframework.boot.test.autoconfigure.SpringBootDependencyInjectionTestExecutionListener@8692d67, org.springframework.test.context.support.DirtiesContextTestExecutionListener@78f5c518, org.springframework.test.context.transaction.TransactionalTestExecutionListener@2f48b3d2, org.springframework.test.context.jdbc.SqlScriptsTestExecutionListener@34f7234e, org.springframework.test.context.event.EventPublishingTestExecutionListener@753432a2, org.springframework.boot.test.mock.mockito.ResetMocksTestExecutionListener@23bff419, org.springframework.boot.test.autoconfigure.restdocs.RestDocsTestExecutionListener@4983159f, org.springframework.boot.test.autoconfigure.web.client.MockRestServiceServerResetTestExecutionListener@44e3a2b2, org.springframework.boot.test.autoconfigure.web.servlet.MockMvcPrintOnlyOnFailureTestExecutionListener@101639ae, org.springframework.boot.test.autoconfigure.web.servlet.WebDriverTestExecutionListener@4c550889]
[INFO ] 2021-07-26 14:59:22.298 [main] com.qzsoft.tah.TestJunit - Starting TestJunit on DESKTOP-2S2GF81 with PID 528 (started by aq in D:\wsd\tah-collection\tah-wsd-platform)
[INFO ] 2021-07-26 14:59:22.298 [main] com.qzsoft.tah.TestJunit - The following profiles are active: dev
[INFO ] 2021-07-26 14:59:23.276 [main] org.springframework.data.repository.config.RepositoryConfigurationDelegate - Multiple Spring Data modules found, entering strict repository configuration mode!
[INFO ] 2021-07-26 14:59:23.278 [main] org.springframework.data.repository.config.RepositoryConfigurationDelegate - Bootstrapping Spring Data JPA repositories in DEFAULT mode.
[INFO ] 2021-07-26 14:59:23.316 [main] org.springframework.data.repository.config.RepositoryConfigurationDelegate - Finished Spring Data repository scanning in 26ms. Found 0 JPA repository interfaces.
[INFO ] 2021-07-26 14:59:23.334 [main] org.springframework.data.repository.config.RepositoryConfigurationDelegate - Multiple Spring Data modules found, entering strict repository configuration mode!
[INFO ] 2021-07-26 14:59:23.335 [main] org.springframework.data.repository.config.RepositoryConfigurationDelegate - Bootstrapping Spring Data Redis repositories in DEFAULT mode.
[INFO ] 2021-07-26 14:59:23.353 [main] org.springframework.data.repository.config.RepositoryConfigurationDelegate - Finished Spring Data repository scanning in 8ms. Found 0 Redis repository interfaces.
[INFO ] 2021-07-26 14:59:23.937 [main] org.springframework.context.support.PostProcessorRegistrationDelegate$BeanPostProcessorChecker - Bean 'org.springframework.transaction.annotation.ProxyTransactionManagementConfiguration' of type [org.springframework.transaction.annotation.ProxyTransactionManagementConfiguration] is not eligible for getting processed by all BeanPostProcessors (for example: not eligible for auto-proxying)
[INFO ] 2021-07-26 14:59:24.134 [main] org.springframework.context.support.PostProcessorRegistrationDelegate$BeanPostProcessorChecker - Bean 'redisConfig' of type [com.qzsoft.tah.config.RedisConfig$$EnhancerBySpringCGLIB$$fd8c33c6] is not eligible for getting processed by all BeanPostProcessors (for example: not eligible for auto-proxying)
[INFO ] 2021-07-26 14:59:25.317 [main] org.springframework.boot.web.embedded.tomcat.TomcatWebServer - Tomcat initialized with port(s): 0 (http)
[INFO ] 2021-07-26 14:59:25.331 [main] org.apache.coyote.http11.Http11NioProtocol - Initializing ProtocolHandler ["http-nio-auto-1"]
[INFO ] 2021-07-26 14:59:25.332 [main] org.apache.catalina.core.StandardService - Starting service [Tomcat]
[INFO ] 2021-07-26 14:59:25.332 [main] org.apache.catalina.core.StandardEngine - Starting Servlet engine: [Apache Tomcat/9.0.29]
[INFO ] 2021-07-26 14:59:25.510 [main] org.apache.catalina.core.ContainerBase.[Tomcat].[localhost].[/] - Initializing Spring embedded WebApplicationContext
[INFO ] 2021-07-26 14:59:25.511 [main] org.springframework.web.context.ContextLoader - Root WebApplicationContext: initialization completed in 3160 ms
[INFO ] 2021-07-26 14:59:25.897 [main] com.alibaba.druid.pool.DruidDataSource - {dataSource-1} inited
[INFO ] 2021-07-26 14:59:26.128 [main] org.hibernate.jpa.internal.util.LogHelper - HHH000204: Processing PersistenceUnitInfo [name: default]
[INFO ] 2021-07-26 14:59:26.215 [main] org.hibernate.Version - HHH000412: Hibernate Core {5.4.9.Final}
[INFO ] 2021-07-26 14:59:26.377 [main] org.hibernate.annotations.common.Version - HCANN000001: Hibernate Commons Annotations {5.1.0.Final}
[INFO ] 2021-07-26 14:59:26.536 [main] org.hibernate.dialect.Dialect - HHH000400: Using dialect: org.hibernate.dialect.MySQL57Dialect
[INFO ] 2021-07-26 14:59:26.785 [main] org.hibernate.engine.transaction.jta.platform.internal.JtaPlatformInitiator - HHH000490: Using JtaPlatform implementation: [org.hibernate.engine.transaction.jta.platform.internal.NoJtaPlatform]
[INFO ] 2021-07-26 14:59:26.794 [main] org.springframework.orm.jpa.LocalContainerEntityManagerFactoryBean - Initialized JPA EntityManagerFactory for persistence unit 'default'
[INFO ] 2021-07-26 14:59:30.485 [main] org.springframework.scheduling.concurrent.ThreadPoolTaskExecutor - Initializing ExecutorService 'applicationTaskExecutor'
[INFO ] 2021-07-26 14:59:32.247 [main] org.quartz.impl.StdSchedulerFactory - Using default implementation for ThreadExecutor
[INFO ] 2021-07-26 14:59:32.273 [main] org.quartz.core.SchedulerSignalerImpl - Initialized Scheduler Signaller of type: class org.quartz.core.SchedulerSignalerImpl
[INFO ] 2021-07-26 14:59:32.275 [main] org.quartz.core.QuartzScheduler - Quartz Scheduler v.2.2.1 created.
[INFO ] 2021-07-26 14:59:32.277 [main] org.quartz.simpl.RAMJobStore - RAMJobStore initialized.
[INFO ] 2021-07-26 14:59:32.279 [main] org.quartz.core.QuartzScheduler - Scheduler meta-data: Quartz Scheduler (v2.2.1) 'quartzScheduler' with instanceId 'NON_CLUSTERED'
  Scheduler class: 'org.quartz.core.QuartzScheduler' - running locally.
  NOT STARTED.
  Currently in standby mode.
  Number of jobs executed: 0
  Using thread pool 'org.quartz.simpl.SimpleThreadPool' - with 10 threads.
  Using job-store 'org.quartz.simpl.RAMJobStore' - which does not support persistence. and is not clustered.

[INFO ] 2021-07-26 14:59:32.279 [main] org.quartz.impl.StdSchedulerFactory - Quartz scheduler 'quartzScheduler' initialized from an externally provided properties instance.
[INFO ] 2021-07-26 14:59:32.279 [main] org.quartz.impl.StdSchedulerFactory - Quartz scheduler version: 2.2.1
[INFO ] 2021-07-26 14:59:32.279 [main] org.quartz.core.QuartzScheduler - JobFactory set to: org.springframework.scheduling.quartz.SpringBeanJobFactory@3881b884
[INFO ] 2021-07-26 14:59:32.419 [main] org.apache.catalina.core.ContainerBase.[Tomcat].[localhost].[/] - Initializing Spring TestDispatcherServlet ''
[INFO ] 2021-07-26 14:59:32.419 [main] org.springframework.test.web.servlet.TestDispatcherServlet - Initializing Servlet ''
[INFO ] 2021-07-26 14:59:32.477 [main] org.springframework.test.web.servlet.TestDispatcherServlet - Completed initialization in 58 ms
[INFO ] 2021-07-26 14:59:34.090 [main] org.springframework.scheduling.quartz.SchedulerFactoryBean - Starting Quartz Scheduler now
[INFO ] 2021-07-26 14:59:34.091 [main] org.quartz.core.QuartzScheduler - Scheduler quartzScheduler_$_NON_CLUSTERED started.
[INFO ] 2021-07-26 14:59:34.107 [main] org.apache.coyote.http11.Http11NioProtocol - Starting ProtocolHandler ["http-nio-auto-1"]
[INFO ] 2021-07-26 14:59:34.144 [main] org.springframework.boot.web.embedded.tomcat.TomcatWebServer - Tomcat started on port(s): 56291 (http) with context path ''
[INFO ] 2021-07-26 14:59:34.147 [main] com.qzsoft.tah.TestJunit - Started TestJunit in 12.335 seconds (JVM running for 13.673)
[INFO ] 2021-07-26 14:59:34.578 [main] io.lettuce.core.EpollProvider - Starting without optional epoll library
[INFO ] 2021-07-26 14:59:34.581 [main] io.lettuce.core.KqueueProvider - Starting without optional kqueue library
[INFO ] 2021-07-26 14:59:36.601 [SpringContextShutdownHook] org.quartz.core.QuartzScheduler - Scheduler quartzScheduler_$_NON_CLUSTERED paused.
[INFO ] 2021-07-26 14:59:36.602 [SpringContextShutdownHook] org.springframework.scheduling.quartz.SchedulerFactoryBean - Shutting down Quartz Scheduler
[INFO ] 2021-07-26 14:59:36.602 [SpringContextShutdownHook] org.quartz.core.QuartzScheduler - Scheduler quartzScheduler_$_NON_CLUSTERED shutting down.
[INFO ] 2021-07-26 14:59:36.602 [SpringContextShutdownHook] org.quartz.core.QuartzScheduler - Scheduler quartzScheduler_$_NON_CLUSTERED paused.
[INFO ] 2021-07-26 14:59:36.603 [SpringContextShutdownHook] org.quartz.core.QuartzScheduler - Scheduler quartzScheduler_$_NON_CLUSTERED shutdown complete.
[INFO ] 2021-07-26 14:59:36.605 [SpringContextShutdownHook] org.springframework.scheduling.concurrent.ThreadPoolTaskExecutor - Shutting down ExecutorService 'applicationTaskExecutor'
[INFO ] 2021-07-26 14:59:37.749 [SpringContextShutdownHook] org.springframework.orm.jpa.LocalContainerEntityManagerFactoryBean - Closing JPA EntityManagerFactory for persistence unit 'default'
[INFO ] 2021-07-26 14:59:37.758 [SpringContextShutdownHook] com.alibaba.druid.pool.DruidDataSource - {dataSource-1} closed
