[2021-03-17T14:57:13.275] [ERROR] error - UnauthorizedError: Authentication Error
    at Object.throw (D:\works\projects\tah-server\node_modules\_koa@2.13.1@koa\lib\context.js:97:11)
    at jwt (D:\works\projects\tah-server\node_modules\_koa-jwt@4.0.0@koa-jwt\lib\index.js:23:22)
    at D:\works\projects\tah-server\node_modules\_koa-unless@1.0.7@koa-unless\index.js:29:12
    at dispatch (D:\works\projects\tah-server\node_modules\_koa-compose@4.1.0@koa-compose\index.js:42:32)
    at views (D:\works\projects\tah-server\node_modules\_koa-views@6.3.1@koa-views\src\index.js:91:12)
    at dispatch (D:\works\projects\tah-server\node_modules\_koa-compose@4.1.0@koa-compose\index.js:42:32)
    at logger (D:\works\projects\tah-server\node_modules\_koa-logger@3.2.1@koa-logger\index.js:67:13)
    at dispatch (D:\works\projects\tah-server\node_modules\_koa-compose@4.1.0@koa-compose\index.js:42:32)
    at filter (D:\works\projects\tah-server\node_modules\_koa-json@2.0.2@koa-json\index.js:25:12)
    at dispatch (D:\works\projects\tah-server\node_modules\_koa-compose@4.1.0@koa-compose\index.js:42:32)
    at createGenerator (D:\works\projects\tah-server\node_modules\_koa-convert@1.2.0@koa-convert\index.js:24:16)
    at createGenerator.next (<anonymous>)
    at Object.plugin (D:\works\projects\tah-server\node_modules\koa-better-body\dist\main\index.js:14:7)
    at plugin.next (<anonymous>)
    at onFulfilled (D:\works\projects\tah-server\node_modules\_co@4.6.0@co\index.js:65:19)
    at D:\works\projects\tah-server\node_modules\_co@4.6.0@co\index.js:54:5
[2021-03-17T14:57:45.624] [ERROR] error - UnauthorizedError: Authentication Error
    at Object.throw (D:\works\projects\tah-server\node_modules\_koa@2.13.1@koa\lib\context.js:97:11)
    at jwt (D:\works\projects\tah-server\node_modules\_koa-jwt@4.0.0@koa-jwt\lib\index.js:23:22)
    at D:\works\projects\tah-server\node_modules\_koa-unless@1.0.7@koa-unless\index.js:29:12
    at dispatch (D:\works\projects\tah-server\node_modules\_koa-compose@4.1.0@koa-compose\index.js:42:32)
    at views (D:\works\projects\tah-server\node_modules\_koa-views@6.3.1@koa-views\src\index.js:91:12)
    at dispatch (D:\works\projects\tah-server\node_modules\_koa-compose@4.1.0@koa-compose\index.js:42:32)
    at logger (D:\works\projects\tah-server\node_modules\_koa-logger@3.2.1@koa-logger\index.js:67:13)
    at dispatch (D:\works\projects\tah-server\node_modules\_koa-compose@4.1.0@koa-compose\index.js:42:32)
    at filter (D:\works\projects\tah-server\node_modules\_koa-json@2.0.2@koa-json\index.js:25:12)
    at dispatch (D:\works\projects\tah-server\node_modules\_koa-compose@4.1.0@koa-compose\index.js:42:32)
    at createGenerator (D:\works\projects\tah-server\node_modules\_koa-convert@1.2.0@koa-convert\index.js:24:16)
    at createGenerator.next (<anonymous>)
    at Object.plugin (D:\works\projects\tah-server\node_modules\koa-better-body\dist\main\index.js:14:7)
    at plugin.next (<anonymous>)
    at onFulfilled (D:\works\projects\tah-server\node_modules\_co@4.6.0@co\index.js:65:19)
    at D:\works\projects\tah-server\node_modules\_co@4.6.0@co\index.js:54:5
[2021-03-17T14:57:47.278] [ERROR] error - UnauthorizedError: Authentication Error
    at Object.throw (D:\works\projects\tah-server\node_modules\_koa@2.13.1@koa\lib\context.js:97:11)
    at jwt (D:\works\projects\tah-server\node_modules\_koa-jwt@4.0.0@koa-jwt\lib\index.js:23:22)
    at D:\works\projects\tah-server\node_modules\_koa-unless@1.0.7@koa-unless\index.js:29:12
    at dispatch (D:\works\projects\tah-server\node_modules\_koa-compose@4.1.0@koa-compose\index.js:42:32)
    at views (D:\works\projects\tah-server\node_modules\_koa-views@6.3.1@koa-views\src\index.js:91:12)
    at dispatch (D:\works\projects\tah-server\node_modules\_koa-compose@4.1.0@koa-compose\index.js:42:32)
    at logger (D:\works\projects\tah-server\node_modules\_koa-logger@3.2.1@koa-logger\index.js:67:13)
    at dispatch (D:\works\projects\tah-server\node_modules\_koa-compose@4.1.0@koa-compose\index.js:42:32)
    at filter (D:\works\projects\tah-server\node_modules\_koa-json@2.0.2@koa-json\index.js:25:12)
    at dispatch (D:\works\projects\tah-server\node_modules\_koa-compose@4.1.0@koa-compose\index.js:42:32)
    at createGenerator (D:\works\projects\tah-server\node_modules\_koa-convert@1.2.0@koa-convert\index.js:24:16)
    at createGenerator.next (<anonymous>)
    at Object.plugin (D:\works\projects\tah-server\node_modules\koa-better-body\dist\main\index.js:14:7)
    at plugin.next (<anonymous>)
    at onFulfilled (D:\works\projects\tah-server\node_modules\_co@4.6.0@co\index.js:65:19)
    at D:\works\projects\tah-server\node_modules\_co@4.6.0@co\index.js:54:5
[2021-03-17T15:01:08.612] [ERROR] error - UnauthorizedError: Authentication Error
    at Object.throw (D:\works\projects\tah-server\node_modules\_koa@2.13.1@koa\lib\context.js:97:11)
    at jwt (D:\works\projects\tah-server\node_modules\_koa-jwt@4.0.0@koa-jwt\lib\index.js:23:22)
    at D:\works\projects\tah-server\node_modules\_koa-unless@1.0.7@koa-unless\index.js:29:12
    at dispatch (D:\works\projects\tah-server\node_modules\_koa-compose@4.1.0@koa-compose\index.js:42:32)
    at views (D:\works\projects\tah-server\node_modules\_koa-views@6.3.1@koa-views\src\index.js:91:12)
    at dispatch (D:\works\projects\tah-server\node_modules\_koa-compose@4.1.0@koa-compose\index.js:42:32)
    at logger (D:\works\projects\tah-server\node_modules\_koa-logger@3.2.1@koa-logger\index.js:67:13)
    at dispatch (D:\works\projects\tah-server\node_modules\_koa-compose@4.1.0@koa-compose\index.js:42:32)
    at filter (D:\works\projects\tah-server\node_modules\_koa-json@2.0.2@koa-json\index.js:25:12)
    at dispatch (D:\works\projects\tah-server\node_modules\_koa-compose@4.1.0@koa-compose\index.js:42:32)
    at createGenerator (D:\works\projects\tah-server\node_modules\_koa-convert@1.2.0@koa-convert\index.js:24:16)
    at createGenerator.next (<anonymous>)
    at Object.plugin (D:\works\projects\tah-server\node_modules\koa-better-body\dist\main\index.js:14:7)
    at plugin.next (<anonymous>)
    at onFulfilled (D:\works\projects\tah-server\node_modules\_co@4.6.0@co\index.js:65:19)
    at D:\works\projects\tah-server\node_modules\_co@4.6.0@co\index.js:54:5
[2021-03-17T15:02:36.972] [ERROR] error - UnauthorizedError: Authentication Error
    at Object.throw (D:\works\projects\tah-server\node_modules\_koa@2.13.1@koa\lib\context.js:97:11)
    at jwt (D:\works\projects\tah-server\node_modules\_koa-jwt@4.0.0@koa-jwt\lib\index.js:23:22)
    at D:\works\projects\tah-server\node_modules\_koa-unless@1.0.7@koa-unless\index.js:29:12
    at dispatch (D:\works\projects\tah-server\node_modules\_koa-compose@4.1.0@koa-compose\index.js:42:32)
    at views (D:\works\projects\tah-server\node_modules\_koa-views@6.3.1@koa-views\src\index.js:91:12)
    at dispatch (D:\works\projects\tah-server\node_modules\_koa-compose@4.1.0@koa-compose\index.js:42:32)
    at logger (D:\works\projects\tah-server\node_modules\_koa-logger@3.2.1@koa-logger\index.js:67:13)
    at dispatch (D:\works\projects\tah-server\node_modules\_koa-compose@4.1.0@koa-compose\index.js:42:32)
    at filter (D:\works\projects\tah-server\node_modules\_koa-json@2.0.2@koa-json\index.js:25:12)
    at dispatch (D:\works\projects\tah-server\node_modules\_koa-compose@4.1.0@koa-compose\index.js:42:32)
    at createGenerator (D:\works\projects\tah-server\node_modules\_koa-convert@1.2.0@koa-convert\index.js:24:16)
    at createGenerator.next (<anonymous>)
    at Object.plugin (D:\works\projects\tah-server\node_modules\koa-better-body\dist\main\index.js:14:7)
    at plugin.next (<anonymous>)
    at onFulfilled (D:\works\projects\tah-server\node_modules\_co@4.6.0@co\index.js:65:19)
    at D:\works\projects\tah-server\node_modules\_co@4.6.0@co\index.js:54:5
[2021-03-17T15:10:40.739] [ERROR] error - UnauthorizedError: Authentication Error
    at Object.throw (D:\works\projects\tah-server\node_modules\_koa@2.13.1@koa\lib\context.js:97:11)
    at jwt (D:\works\projects\tah-server\node_modules\_koa-jwt@4.0.0@koa-jwt\lib\index.js:23:22)
    at D:\works\projects\tah-server\node_modules\_koa-unless@1.0.7@koa-unless\index.js:29:12
    at dispatch (D:\works\projects\tah-server\node_modules\_koa-compose@4.1.0@koa-compose\index.js:42:32)
    at views (D:\works\projects\tah-server\node_modules\_koa-views@6.3.1@koa-views\src\index.js:91:12)
    at dispatch (D:\works\projects\tah-server\node_modules\_koa-compose@4.1.0@koa-compose\index.js:42:32)
    at logger (D:\works\projects\tah-server\node_modules\_koa-logger@3.2.1@koa-logger\index.js:67:13)
    at dispatch (D:\works\projects\tah-server\node_modules\_koa-compose@4.1.0@koa-compose\index.js:42:32)
    at filter (D:\works\projects\tah-server\node_modules\_koa-json@2.0.2@koa-json\index.js:25:12)
    at dispatch (D:\works\projects\tah-server\node_modules\_koa-compose@4.1.0@koa-compose\index.js:42:32)
    at createGenerator (D:\works\projects\tah-server\node_modules\_koa-convert@1.2.0@koa-convert\index.js:24:16)
    at createGenerator.next (<anonymous>)
    at Object.plugin (D:\works\projects\tah-server\node_modules\koa-better-body\dist\main\index.js:14:7)
    at plugin.next (<anonymous>)
    at onFulfilled (D:\works\projects\tah-server\node_modules\_co@4.6.0@co\index.js:65:19)
    at D:\works\projects\tah-server\node_modules\_co@4.6.0@co\index.js:54:5
[2021-03-17T15:10:43.128] [ERROR] error - UnauthorizedError: Authentication Error
    at Object.throw (D:\works\projects\tah-server\node_modules\_koa@2.13.1@koa\lib\context.js:97:11)
    at jwt (D:\works\projects\tah-server\node_modules\_koa-jwt@4.0.0@koa-jwt\lib\index.js:23:22)
    at D:\works\projects\tah-server\node_modules\_koa-unless@1.0.7@koa-unless\index.js:29:12
    at dispatch (D:\works\projects\tah-server\node_modules\_koa-compose@4.1.0@koa-compose\index.js:42:32)
    at views (D:\works\projects\tah-server\node_modules\_koa-views@6.3.1@koa-views\src\index.js:91:12)
    at dispatch (D:\works\projects\tah-server\node_modules\_koa-compose@4.1.0@koa-compose\index.js:42:32)
    at logger (D:\works\projects\tah-server\node_modules\_koa-logger@3.2.1@koa-logger\index.js:67:13)
    at dispatch (D:\works\projects\tah-server\node_modules\_koa-compose@4.1.0@koa-compose\index.js:42:32)
    at filter (D:\works\projects\tah-server\node_modules\_koa-json@2.0.2@koa-json\index.js:25:12)
    at dispatch (D:\works\projects\tah-server\node_modules\_koa-compose@4.1.0@koa-compose\index.js:42:32)
    at createGenerator (D:\works\projects\tah-server\node_modules\_koa-convert@1.2.0@koa-convert\index.js:24:16)
    at createGenerator.next (<anonymous>)
    at Object.plugin (D:\works\projects\tah-server\node_modules\koa-better-body\dist\main\index.js:14:7)
    at plugin.next (<anonymous>)
    at onFulfilled (D:\works\projects\tah-server\node_modules\_co@4.6.0@co\index.js:65:19)
    at D:\works\projects\tah-server\node_modules\_co@4.6.0@co\index.js:54:5
[2021-03-17T15:10:46.957] [ERROR] error - UnauthorizedError: Authentication Error
    at Object.throw (D:\works\projects\tah-server\node_modules\_koa@2.13.1@koa\lib\context.js:97:11)
    at jwt (D:\works\projects\tah-server\node_modules\_koa-jwt@4.0.0@koa-jwt\lib\index.js:23:22)
    at D:\works\projects\tah-server\node_modules\_koa-unless@1.0.7@koa-unless\index.js:29:12
    at dispatch (D:\works\projects\tah-server\node_modules\_koa-compose@4.1.0@koa-compose\index.js:42:32)
    at views (D:\works\projects\tah-server\node_modules\_koa-views@6.3.1@koa-views\src\index.js:91:12)
    at dispatch (D:\works\projects\tah-server\node_modules\_koa-compose@4.1.0@koa-compose\index.js:42:32)
    at logger (D:\works\projects\tah-server\node_modules\_koa-logger@3.2.1@koa-logger\index.js:67:13)
    at dispatch (D:\works\projects\tah-server\node_modules\_koa-compose@4.1.0@koa-compose\index.js:42:32)
    at filter (D:\works\projects\tah-server\node_modules\_koa-json@2.0.2@koa-json\index.js:25:12)
    at dispatch (D:\works\projects\tah-server\node_modules\_koa-compose@4.1.0@koa-compose\index.js:42:32)
    at createGenerator (D:\works\projects\tah-server\node_modules\_koa-convert@1.2.0@koa-convert\index.js:24:16)
    at createGenerator.next (<anonymous>)
    at Object.plugin (D:\works\projects\tah-server\node_modules\koa-better-body\dist\main\index.js:14:7)
    at plugin.next (<anonymous>)
    at onFulfilled (D:\works\projects\tah-server\node_modules\_co@4.6.0@co\index.js:65:19)
    at D:\works\projects\tah-server\node_modules\_co@4.6.0@co\index.js:54:5
[2021-03-17T15:12:24.282] [ERROR] error - UnauthorizedError: Authentication Error
    at Object.throw (D:\works\projects\tah-server\node_modules\_koa@2.13.1@koa\lib\context.js:97:11)
    at jwt (D:\works\projects\tah-server\node_modules\_koa-jwt@4.0.0@koa-jwt\lib\index.js:23:22)
    at D:\works\projects\tah-server\node_modules\_koa-unless@1.0.7@koa-unless\index.js:29:12
    at dispatch (D:\works\projects\tah-server\node_modules\_koa-compose@4.1.0@koa-compose\index.js:42:32)
    at views (D:\works\projects\tah-server\node_modules\_koa-views@6.3.1@koa-views\src\index.js:91:12)
    at dispatch (D:\works\projects\tah-server\node_modules\_koa-compose@4.1.0@koa-compose\index.js:42:32)
    at logger (D:\works\projects\tah-server\node_modules\_koa-logger@3.2.1@koa-logger\index.js:67:13)
    at dispatch (D:\works\projects\tah-server\node_modules\_koa-compose@4.1.0@koa-compose\index.js:42:32)
    at filter (D:\works\projects\tah-server\node_modules\_koa-json@2.0.2@koa-json\index.js:25:12)
    at dispatch (D:\works\projects\tah-server\node_modules\_koa-compose@4.1.0@koa-compose\index.js:42:32)
    at createGenerator (D:\works\projects\tah-server\node_modules\_koa-convert@1.2.0@koa-convert\index.js:24:16)
    at createGenerator.next (<anonymous>)
    at Object.plugin (D:\works\projects\tah-server\node_modules\koa-better-body\dist\main\index.js:14:7)
    at plugin.next (<anonymous>)
    at onFulfilled (D:\works\projects\tah-server\node_modules\_co@4.6.0@co\index.js:65:19)
    at D:\works\projects\tah-server\node_modules\_co@4.6.0@co\index.js:54:5
[2021-03-17T16:25:35.153] [ERROR] error - UnauthorizedError: Authentication Error
    at Object.throw (D:\works\projects\tah-server\node_modules\_koa@2.13.1@koa\lib\context.js:97:11)
    at jwt (D:\works\projects\tah-server\node_modules\_koa-jwt@4.0.0@koa-jwt\lib\index.js:23:22)
    at D:\works\projects\tah-server\node_modules\_koa-unless@1.0.7@koa-unless\index.js:29:12
    at dispatch (D:\works\projects\tah-server\node_modules\_koa-compose@4.1.0@koa-compose\index.js:42:32)
    at views (D:\works\projects\tah-server\node_modules\_koa-views@6.3.1@koa-views\src\index.js:91:12)
    at dispatch (D:\works\projects\tah-server\node_modules\_koa-compose@4.1.0@koa-compose\index.js:42:32)
    at logger (D:\works\projects\tah-server\node_modules\_koa-logger@3.2.1@koa-logger\index.js:67:13)
    at dispatch (D:\works\projects\tah-server\node_modules\_koa-compose@4.1.0@koa-compose\index.js:42:32)
    at filter (D:\works\projects\tah-server\node_modules\_koa-json@2.0.2@koa-json\index.js:25:12)
    at dispatch (D:\works\projects\tah-server\node_modules\_koa-compose@4.1.0@koa-compose\index.js:42:32)
    at createGenerator (D:\works\projects\tah-server\node_modules\_koa-convert@1.2.0@koa-convert\index.js:24:16)
    at createGenerator.next (<anonymous>)
    at Object.plugin (D:\works\projects\tah-server\node_modules\koa-better-body\dist\main\index.js:14:7)
    at plugin.next (<anonymous>)
    at onFulfilled (D:\works\projects\tah-server\node_modules\_co@4.6.0@co\index.js:65:19)
    at D:\works\projects\tah-server\node_modules\_co@4.6.0@co\index.js:54:5
[2021-03-17T16:30:03.214] [ERROR] error - UnauthorizedError: Authentication Error
    at Object.throw (D:\works\projects\tah-server\node_modules\_koa@2.13.1@koa\lib\context.js:97:11)
    at jwt (D:\works\projects\tah-server\node_modules\_koa-jwt@4.0.0@koa-jwt\lib\index.js:23:22)
    at D:\works\projects\tah-server\node_modules\_koa-unless@1.0.7@koa-unless\index.js:29:12
    at dispatch (D:\works\projects\tah-server\node_modules\_koa-compose@4.1.0@koa-compose\index.js:42:32)
    at views (D:\works\projects\tah-server\node_modules\_koa-views@6.3.1@koa-views\src\index.js:91:12)
    at dispatch (D:\works\projects\tah-server\node_modules\_koa-compose@4.1.0@koa-compose\index.js:42:32)
    at logger (D:\works\projects\tah-server\node_modules\_koa-logger@3.2.1@koa-logger\index.js:67:13)
    at dispatch (D:\works\projects\tah-server\node_modules\_koa-compose@4.1.0@koa-compose\index.js:42:32)
    at filter (D:\works\projects\tah-server\node_modules\_koa-json@2.0.2@koa-json\index.js:25:12)
    at dispatch (D:\works\projects\tah-server\node_modules\_koa-compose@4.1.0@koa-compose\index.js:42:32)
    at createGenerator (D:\works\projects\tah-server\node_modules\_koa-convert@1.2.0@koa-convert\index.js:24:16)
    at createGenerator.next (<anonymous>)
    at Object.plugin (D:\works\projects\tah-server\node_modules\koa-better-body\dist\main\index.js:14:7)
    at plugin.next (<anonymous>)
    at onFulfilled (D:\works\projects\tah-server\node_modules\_co@4.6.0@co\index.js:65:19)
    at D:\works\projects\tah-server\node_modules\_co@4.6.0@co\index.js:54:5
[2021-03-17T16:30:05.629] [ERROR] error - UnauthorizedError: Authentication Error
    at Object.throw (D:\works\projects\tah-server\node_modules\_koa@2.13.1@koa\lib\context.js:97:11)
    at jwt (D:\works\projects\tah-server\node_modules\_koa-jwt@4.0.0@koa-jwt\lib\index.js:23:22)
    at D:\works\projects\tah-server\node_modules\_koa-unless@1.0.7@koa-unless\index.js:29:12
    at dispatch (D:\works\projects\tah-server\node_modules\_koa-compose@4.1.0@koa-compose\index.js:42:32)
    at views (D:\works\projects\tah-server\node_modules\_koa-views@6.3.1@koa-views\src\index.js:91:12)
    at dispatch (D:\works\projects\tah-server\node_modules\_koa-compose@4.1.0@koa-compose\index.js:42:32)
    at logger (D:\works\projects\tah-server\node_modules\_koa-logger@3.2.1@koa-logger\index.js:67:13)
    at dispatch (D:\works\projects\tah-server\node_modules\_koa-compose@4.1.0@koa-compose\index.js:42:32)
    at filter (D:\works\projects\tah-server\node_modules\_koa-json@2.0.2@koa-json\index.js:25:12)
    at dispatch (D:\works\projects\tah-server\node_modules\_koa-compose@4.1.0@koa-compose\index.js:42:32)
    at createGenerator (D:\works\projects\tah-server\node_modules\_koa-convert@1.2.0@koa-convert\index.js:24:16)
    at createGenerator.next (<anonymous>)
    at Object.plugin (D:\works\projects\tah-server\node_modules\koa-better-body\dist\main\index.js:14:7)
    at plugin.next (<anonymous>)
    at onFulfilled (D:\works\projects\tah-server\node_modules\_co@4.6.0@co\index.js:65:19)
    at D:\works\projects\tah-server\node_modules\_co@4.6.0@co\index.js:54:5
[2021-03-17T16:30:06.431] [ERROR] error - UnauthorizedError: Authentication Error
    at Object.throw (D:\works\projects\tah-server\node_modules\_koa@2.13.1@koa\lib\context.js:97:11)
    at jwt (D:\works\projects\tah-server\node_modules\_koa-jwt@4.0.0@koa-jwt\lib\index.js:23:22)
    at D:\works\projects\tah-server\node_modules\_koa-unless@1.0.7@koa-unless\index.js:29:12
    at dispatch (D:\works\projects\tah-server\node_modules\_koa-compose@4.1.0@koa-compose\index.js:42:32)
    at views (D:\works\projects\tah-server\node_modules\_koa-views@6.3.1@koa-views\src\index.js:91:12)
    at dispatch (D:\works\projects\tah-server\node_modules\_koa-compose@4.1.0@koa-compose\index.js:42:32)
    at logger (D:\works\projects\tah-server\node_modules\_koa-logger@3.2.1@koa-logger\index.js:67:13)
    at dispatch (D:\works\projects\tah-server\node_modules\_koa-compose@4.1.0@koa-compose\index.js:42:32)
    at filter (D:\works\projects\tah-server\node_modules\_koa-json@2.0.2@koa-json\index.js:25:12)
    at dispatch (D:\works\projects\tah-server\node_modules\_koa-compose@4.1.0@koa-compose\index.js:42:32)
    at createGenerator (D:\works\projects\tah-server\node_modules\_koa-convert@1.2.0@koa-convert\index.js:24:16)
    at createGenerator.next (<anonymous>)
    at Object.plugin (D:\works\projects\tah-server\node_modules\koa-better-body\dist\main\index.js:14:7)
    at plugin.next (<anonymous>)
    at onFulfilled (D:\works\projects\tah-server\node_modules\_co@4.6.0@co\index.js:65:19)
    at D:\works\projects\tah-server\node_modules\_co@4.6.0@co\index.js:54:5
[2021-03-17T16:30:10.021] [ERROR] error - UnauthorizedError: Authentication Error
    at Object.throw (D:\works\projects\tah-server\node_modules\_koa@2.13.1@koa\lib\context.js:97:11)
    at jwt (D:\works\projects\tah-server\node_modules\_koa-jwt@4.0.0@koa-jwt\lib\index.js:23:22)
    at D:\works\projects\tah-server\node_modules\_koa-unless@1.0.7@koa-unless\index.js:29:12
    at dispatch (D:\works\projects\tah-server\node_modules\_koa-compose@4.1.0@koa-compose\index.js:42:32)
    at views (D:\works\projects\tah-server\node_modules\_koa-views@6.3.1@koa-views\src\index.js:91:12)
    at dispatch (D:\works\projects\tah-server\node_modules\_koa-compose@4.1.0@koa-compose\index.js:42:32)
    at logger (D:\works\projects\tah-server\node_modules\_koa-logger@3.2.1@koa-logger\index.js:67:13)
    at dispatch (D:\works\projects\tah-server\node_modules\_koa-compose@4.1.0@koa-compose\index.js:42:32)
    at filter (D:\works\projects\tah-server\node_modules\_koa-json@2.0.2@koa-json\index.js:25:12)
    at dispatch (D:\works\projects\tah-server\node_modules\_koa-compose@4.1.0@koa-compose\index.js:42:32)
    at createGenerator (D:\works\projects\tah-server\node_modules\_koa-convert@1.2.0@koa-convert\index.js:24:16)
    at createGenerator.next (<anonymous>)
    at Object.plugin (D:\works\projects\tah-server\node_modules\koa-better-body\dist\main\index.js:14:7)
    at plugin.next (<anonymous>)
    at onFulfilled (D:\works\projects\tah-server\node_modules\_co@4.6.0@co\index.js:65:19)
    at D:\works\projects\tah-server\node_modules\_co@4.6.0@co\index.js:54:5
