[INFO ] 2021-07-31 14:53:00.556 [main] com.qzsoft.tah.TahMsgApplication - Starting TahMsgApplication on DESKTOP-2S2GF81 with PID 39816 (D:\wsd\tah-collection\tah-wsd-msg\target\classes started by aq in D:\wsd)
[INFO ] 2021-07-31 14:53:00.559 [main] com.qzsoft.tah.TahMsgApplication - The following profiles are active: dev
[INFO ] 2021-07-31 14:53:01.329 [main] org.springframework.data.repository.config.RepositoryConfigurationDelegate - Multiple Spring Data modules found, entering strict repository configuration mode!
[INFO ] 2021-07-31 14:53:01.330 [main] org.springframework.data.repository.config.RepositoryConfigurationDelegate - Bootstrapping Spring Data JPA repositories in DEFAULT mode.
[INFO ] 2021-07-31 14:53:01.469 [main] org.springframework.data.repository.config.RepositoryConfigurationDelegate - Finished Spring Data repository scanning in 124ms. Found 15 JPA repository interfaces.
[INFO ] 2021-07-31 14:53:01.483 [main] org.springframework.data.repository.config.RepositoryConfigurationDelegate - Multiple Spring Data modules found, entering strict repository configuration mode!
[INFO ] 2021-07-31 14:53:01.484 [main] org.springframework.data.repository.config.RepositoryConfigurationDelegate - Bootstrapping Spring Data Redis repositories in DEFAULT mode.
[INFO ] 2021-07-31 14:53:01.511 [main] org.springframework.data.repository.config.RepositoryConfigurationExtensionSupport - Spring Data Redis - Could not safely identify store assignment for repository candidate interface com.qzsoft.tah.dao.SzDic2BDao. If you want this repository to be a Redis repository, consider annotating your entities with one of these annotations: org.springframework.data.redis.core.RedisHash (preferred), or consider extending one of the following types with your repository: org.springframework.data.keyvalue.repository.KeyValueRepository.
[INFO ] 2021-07-31 14:53:01.511 [main] org.springframework.data.repository.config.RepositoryConfigurationExtensionSupport - Spring Data Redis - Could not safely identify store assignment for repository candidate interface com.qzsoft.tah.dao.WsdAlarmDxLDao. If you want this repository to be a Redis repository, consider annotating your entities with one of these annotations: org.springframework.data.redis.core.RedisHash (preferred), or consider extending one of the following types with your repository: org.springframework.data.keyvalue.repository.KeyValueRepository.
[INFO ] 2021-07-31 14:53:01.512 [main] org.springframework.data.repository.config.RepositoryConfigurationExtensionSupport - Spring Data Redis - Could not safely identify store assignment for repository candidate interface com.qzsoft.tah.dao.WsdAlarmWxLDao. If you want this repository to be a Redis repository, consider annotating your entities with one of these annotations: org.springframework.data.redis.core.RedisHash (preferred), or consider extending one of the following types with your repository: org.springframework.data.keyvalue.repository.KeyValueRepository.
[INFO ] 2021-07-31 14:53:01.512 [main] org.springframework.data.repository.config.RepositoryConfigurationExtensionSupport - Spring Data Redis - Could not safely identify store assignment for repository candidate interface com.qzsoft.tah.dao.WsdAlarmYjLDao. If you want this repository to be a Redis repository, consider annotating your entities with one of these annotations: org.springframework.data.redis.core.RedisHash (preferred), or consider extending one of the following types with your repository: org.springframework.data.keyvalue.repository.KeyValueRepository.
[INFO ] 2021-07-31 14:53:01.512 [main] org.springframework.data.repository.config.RepositoryConfigurationExtensionSupport - Spring Data Redis - Could not safely identify store assignment for repository candidate interface com.qzsoft.tah.dao.WsdAlarmZnxLDao. If you want this repository to be a Redis repository, consider annotating your entities with one of these annotations: org.springframework.data.redis.core.RedisHash (preferred), or consider extending one of the following types with your repository: org.springframework.data.keyvalue.repository.KeyValueRepository.
[INFO ] 2021-07-31 14:53:01.513 [main] org.springframework.data.repository.config.RepositoryConfigurationExtensionSupport - Spring Data Redis - Could not safely identify store assignment for repository candidate interface com.qzsoft.tah.dao.WsdCarBDao. If you want this repository to be a Redis repository, consider annotating your entities with one of these annotations: org.springframework.data.redis.core.RedisHash (preferred), or consider extending one of the following types with your repository: org.springframework.data.keyvalue.repository.KeyValueRepository.
[INFO ] 2021-07-31 14:53:01.513 [main] org.springframework.data.repository.config.RepositoryConfigurationExtensionSupport - Spring Data Redis - Could not safely identify store assignment for repository candidate interface com.qzsoft.tah.dao.WsdCarGpsLDao. If you want this repository to be a Redis repository, consider annotating your entities with one of these annotations: org.springframework.data.redis.core.RedisHash (preferred), or consider extending one of the following types with your repository: org.springframework.data.keyvalue.repository.KeyValueRepository.
[INFO ] 2021-07-31 14:53:01.513 [main] org.springframework.data.repository.config.RepositoryConfigurationExtensionSupport - Spring Data Redis - Could not safely identify store assignment for repository candidate interface com.qzsoft.tah.dao.WsdDevAlarmLDao. If you want this repository to be a Redis repository, consider annotating your entities with one of these annotations: org.springframework.data.redis.core.RedisHash (preferred), or consider extending one of the following types with your repository: org.springframework.data.keyvalue.repository.KeyValueRepository.
[INFO ] 2021-07-31 14:53:01.514 [main] org.springframework.data.repository.config.RepositoryConfigurationExtensionSupport - Spring Data Redis - Could not safely identify store assignment for repository candidate interface com.qzsoft.tah.dao.WsdDevAlarmTreaMethBDao. If you want this repository to be a Redis repository, consider annotating your entities with one of these annotations: org.springframework.data.redis.core.RedisHash (preferred), or consider extending one of the following types with your repository: org.springframework.data.keyvalue.repository.KeyValueRepository.
[INFO ] 2021-07-31 14:53:01.514 [main] org.springframework.data.repository.config.RepositoryConfigurationExtensionSupport - Spring Data Redis - Could not safely identify store assignment for repository candidate interface com.qzsoft.tah.dao.WsdDevBDao. If you want this repository to be a Redis repository, consider annotating your entities with one of these annotations: org.springframework.data.redis.core.RedisHash (preferred), or consider extending one of the following types with your repository: org.springframework.data.keyvalue.repository.KeyValueRepository.
[INFO ] 2021-07-31 14:53:01.514 [main] org.springframework.data.repository.config.RepositoryConfigurationExtensionSupport - Spring Data Redis - Could not safely identify store assignment for repository candidate interface com.qzsoft.tah.dao.WsdDevExportFDao. If you want this repository to be a Redis repository, consider annotating your entities with one of these annotations: org.springframework.data.redis.core.RedisHash (preferred), or consider extending one of the following types with your repository: org.springframework.data.keyvalue.repository.KeyValueRepository.
[INFO ] 2021-07-31 14:53:01.515 [main] org.springframework.data.repository.config.RepositoryConfigurationExtensionSupport - Spring Data Redis - Could not safely identify store assignment for repository candidate interface com.qzsoft.tah.dao.WsdDevTahHDao. If you want this repository to be a Redis repository, consider annotating your entities with one of these annotations: org.springframework.data.redis.core.RedisHash (preferred), or consider extending one of the following types with your repository: org.springframework.data.keyvalue.repository.KeyValueRepository.
[INFO ] 2021-07-31 14:53:01.515 [main] org.springframework.data.repository.config.RepositoryConfigurationExtensionSupport - Spring Data Redis - Could not safely identify store assignment for repository candidate interface com.qzsoft.tah.dao.WsdExportCatBDao. If you want this repository to be a Redis repository, consider annotating your entities with one of these annotations: org.springframework.data.redis.core.RedisHash (preferred), or consider extending one of the following types with your repository: org.springframework.data.keyvalue.repository.KeyValueRepository.
[INFO ] 2021-07-31 14:53:01.515 [main] org.springframework.data.repository.config.RepositoryConfigurationExtensionSupport - Spring Data Redis - Could not safely identify store assignment for repository candidate interface com.qzsoft.tah.dao.WsdExportLDao. If you want this repository to be a Redis repository, consider annotating your entities with one of these annotations: org.springframework.data.redis.core.RedisHash (preferred), or consider extending one of the following types with your repository: org.springframework.data.keyvalue.repository.KeyValueRepository.
[INFO ] 2021-07-31 14:53:01.516 [main] org.springframework.data.repository.config.RepositoryConfigurationExtensionSupport - Spring Data Redis - Could not safely identify store assignment for repository candidate interface com.qzsoft.tah.dao.YwpzUserSDao. If you want this repository to be a Redis repository, consider annotating your entities with one of these annotations: org.springframework.data.redis.core.RedisHash (preferred), or consider extending one of the following types with your repository: org.springframework.data.keyvalue.repository.KeyValueRepository.
[INFO ] 2021-07-31 14:53:01.516 [main] org.springframework.data.repository.config.RepositoryConfigurationDelegate - Finished Spring Data repository scanning in 24ms. Found 0 Redis repository interfaces.
[INFO ] 2021-07-31 14:53:01.857 [main] org.springframework.context.support.PostProcessorRegistrationDelegate$BeanPostProcessorChecker - Bean 'org.springframework.transaction.annotation.ProxyTransactionManagementConfiguration' of type [org.springframework.transaction.annotation.ProxyTransactionManagementConfiguration] is not eligible for getting processed by all BeanPostProcessors (for example: not eligible for auto-proxying)
[INFO ] 2021-07-31 14:53:01.902 [main] org.springframework.context.support.PostProcessorRegistrationDelegate$BeanPostProcessorChecker - Bean 'spring.datasource.dynamic-com.baomidou.dynamic.datasource.spring.boot.autoconfigure.DynamicDataSourceProperties' of type [com.baomidou.dynamic.datasource.spring.boot.autoconfigure.DynamicDataSourceProperties] is not eligible for getting processed by all BeanPostProcessors (for example: not eligible for auto-proxying)
[INFO ] 2021-07-31 14:53:01.904 [main] org.springframework.context.support.PostProcessorRegistrationDelegate$BeanPostProcessorChecker - Bean 'com.baomidou.dynamic.datasource.spring.boot.autoconfigure.DynamicDataSourceAutoConfiguration' of type [com.baomidou.dynamic.datasource.spring.boot.autoconfigure.DynamicDataSourceAutoConfiguration$$EnhancerBySpringCGLIB$$64aefdda] is not eligible for getting processed by all BeanPostProcessors (for example: not eligible for auto-proxying)
[INFO ] 2021-07-31 14:53:01.989 [main] org.springframework.context.support.PostProcessorRegistrationDelegate$BeanPostProcessorChecker - Bean 'dsProcessor' of type [com.baomidou.dynamic.datasource.processor.DsHeaderProcessor] is not eligible for getting processed by all BeanPostProcessors (for example: not eligible for auto-proxying)
[INFO ] 2021-07-31 14:53:02.308 [main] org.springframework.boot.web.embedded.tomcat.TomcatWebServer - Tomcat initialized with port(s): 1940 (http)
[INFO ] 2021-07-31 14:53:02.317 [main] org.apache.coyote.http11.Http11NioProtocol - Initializing ProtocolHandler ["http-nio-1940"]
[INFO ] 2021-07-31 14:53:02.318 [main] org.apache.catalina.core.StandardService - Starting service [Tomcat]
[INFO ] 2021-07-31 14:53:02.318 [main] org.apache.catalina.core.StandardEngine - Starting Servlet engine: [Apache Tomcat/9.0.29]
[INFO ] 2021-07-31 14:53:02.461 [main] org.apache.catalina.core.ContainerBase.[Tomcat].[localhost].[/tah-msg] - Initializing Spring embedded WebApplicationContext
[INFO ] 2021-07-31 14:53:02.461 [main] org.springframework.web.context.ContextLoader - Root WebApplicationContext: initialization completed in 1857 ms
[INFO ] 2021-07-31 14:53:02.862 [main] com.alibaba.druid.pool.DruidDataSource - {dataSource-1,mysql} inited
[INFO ] 2021-07-31 14:53:02.864 [main] com.alibaba.druid.pool.DruidDataSource - {dataSource-2,sqlserver} inited
[INFO ] 2021-07-31 14:53:02.865 [main] com.baomidou.dynamic.datasource.DynamicRoutingDataSource - dynamic-datasource - add a datasource named [sqlserver] success
[INFO ] 2021-07-31 14:53:02.865 [main] com.baomidou.dynamic.datasource.DynamicRoutingDataSource - dynamic-datasource - add a datasource named [mysql] success
[INFO ] 2021-07-31 14:53:02.865 [main] com.baomidou.dynamic.datasource.DynamicRoutingDataSource - dynamic-datasource initial loaded [2] datasource,primary datasource named [mysql]
[INFO ] 2021-07-31 14:53:03.076 [main] org.hibernate.jpa.internal.util.LogHelper - HHH000204: Processing PersistenceUnitInfo [name: default]
[INFO ] 2021-07-31 14:53:03.159 [main] org.hibernate.Version - HHH000412: Hibernate Core {5.4.9.Final}
[INFO ] 2021-07-31 14:53:03.289 [main] org.hibernate.annotations.common.Version - HCANN000001: Hibernate Commons Annotations {5.1.0.Final}
[INFO ] 2021-07-31 14:53:03.409 [main] org.hibernate.dialect.Dialect - HHH000400: Using dialect: org.hibernate.dialect.MySQL57Dialect
[INFO ] 2021-07-31 14:53:04.225 [main] org.hibernate.engine.transaction.jta.platform.internal.JtaPlatformInitiator - HHH000490: Using JtaPlatform implementation: [org.hibernate.engine.transaction.jta.platform.internal.NoJtaPlatform]
[INFO ] 2021-07-31 14:53:04.233 [main] org.springframework.orm.jpa.LocalContainerEntityManagerFactoryBean - Initialized JPA EntityManagerFactory for persistence unit 'default'
[INFO ] 2021-07-31 14:53:05.121 [main] org.springframework.scheduling.concurrent.ThreadPoolTaskExecutor - Initializing ExecutorService 'taskExecutor'
[INFO ] 2021-07-31 14:53:05.787 [main] org.quartz.impl.StdSchedulerFactory - Using default implementation for ThreadExecutor
[INFO ] 2021-07-31 14:53:05.799 [main] org.quartz.core.SchedulerSignalerImpl - Initialized Scheduler Signaller of type: class org.quartz.core.SchedulerSignalerImpl
[INFO ] 2021-07-31 14:53:05.800 [main] org.quartz.core.QuartzScheduler - Quartz Scheduler v.2.2.1 created.
[INFO ] 2021-07-31 14:53:05.801 [main] org.quartz.simpl.RAMJobStore - RAMJobStore initialized.
[INFO ] 2021-07-31 14:53:05.802 [main] org.quartz.core.QuartzScheduler - Scheduler meta-data: Quartz Scheduler (v2.2.1) 'quartzScheduler' with instanceId 'NON_CLUSTERED'
  Scheduler class: 'org.quartz.core.QuartzScheduler' - running locally.
  NOT STARTED.
  Currently in standby mode.
  Number of jobs executed: 0
  Using thread pool 'org.quartz.simpl.SimpleThreadPool' - with 10 threads.
  Using job-store 'org.quartz.simpl.RAMJobStore' - which does not support persistence. and is not clustered.

[INFO ] 2021-07-31 14:53:05.802 [main] org.quartz.impl.StdSchedulerFactory - Quartz scheduler 'quartzScheduler' initialized from an externally provided properties instance.
[INFO ] 2021-07-31 14:53:05.802 [main] org.quartz.impl.StdSchedulerFactory - Quartz scheduler version: 2.2.1
[INFO ] 2021-07-31 14:53:05.802 [main] org.quartz.core.QuartzScheduler - JobFactory set to: org.springframework.scheduling.quartz.SpringBeanJobFactory@78d49939
[INFO ] 2021-07-31 14:53:05.840 [main] org.springframework.scheduling.quartz.SchedulerFactoryBean - Starting Quartz Scheduler now
[INFO ] 2021-07-31 14:53:05.840 [main] org.quartz.core.QuartzScheduler - Scheduler quartzScheduler_$_NON_CLUSTERED started.
[INFO ] 2021-07-31 14:53:05.847 [main] org.apache.coyote.http11.Http11NioProtocol - Starting ProtocolHandler ["http-nio-1940"]
[INFO ] 2021-07-31 14:53:05.869 [main] org.springframework.boot.web.embedded.tomcat.TomcatWebServer - Tomcat started on port(s): 1940 (http) with context path '/tah-msg'
[INFO ] 2021-07-31 14:53:05.871 [main] com.qzsoft.tah.TahMsgApplication - Started TahMsgApplication in 5.698 seconds (JVM running for 7.51)
[INFO ] 2021-07-31 14:53:10.001 [hutool-cron-1] com.qzsoft.tah.task.TaskStartupRunner - ===============》》》开始GPS同步任务《《《=============
[INFO ] 2021-07-31 14:53:10.177 [hutool-cron-1] com.qzsoft.tah.task.TaskStartupRunner - ===============》》》共有2辆车需要同步《《《=============
[INFO ] 2021-07-31 14:53:11.597 [hutool-cron-1] com.qzsoft.tah.service.impl.WsdCarGpsLServiceImpl - 当前车辆【12345670】未有任何行动轨迹
[INFO ] 2021-07-31 14:53:11.656 [hutool-cron-1] com.qzsoft.tah.service.impl.WsdCarGpsLServiceImpl - 当前车辆【12345678】未有任何行动轨迹
[INFO ] 2021-07-31 14:53:20.001 [hutool-cron-0] com.qzsoft.tah.task.TaskStartupRunner - ===============》》》开始GPS同步任务《《《=============
[INFO ] 2021-07-31 14:53:20.010 [hutool-cron-0] com.qzsoft.tah.task.TaskStartupRunner - ===============》》》共有2辆车需要同步《《《=============
[INFO ] 2021-07-31 14:53:20.075 [hutool-cron-0] com.qzsoft.tah.service.impl.WsdCarGpsLServiceImpl - 当前车辆【12345670】未有任何行动轨迹
[INFO ] 2021-07-31 14:53:20.134 [hutool-cron-0] com.qzsoft.tah.service.impl.WsdCarGpsLServiceImpl - 当前车辆【12345678】未有任何行动轨迹
[INFO ] 2021-07-31 14:53:30.000 [hutool-cron-1] com.qzsoft.tah.task.TaskStartupRunner - ===============》》》开始GPS同步任务《《《=============
[INFO ] 2021-07-31 14:53:30.004 [hutool-cron-1] com.qzsoft.tah.task.TaskStartupRunner - ===============》》》共有2辆车需要同步《《《=============
[INFO ] 2021-07-31 14:53:30.066 [hutool-cron-1] com.qzsoft.tah.service.impl.WsdCarGpsLServiceImpl - 当前车辆【12345670】未有任何行动轨迹
[INFO ] 2021-07-31 14:53:30.139 [hutool-cron-1] com.qzsoft.tah.service.impl.WsdCarGpsLServiceImpl - 当前车辆【12345678】未有任何行动轨迹
[INFO ] 2021-07-31 14:53:40.000 [hutool-cron-0] com.qzsoft.tah.task.TaskStartupRunner - ===============》》》开始GPS同步任务《《《=============
[INFO ] 2021-07-31 14:53:40.004 [hutool-cron-0] com.qzsoft.tah.task.TaskStartupRunner - ===============》》》共有2辆车需要同步《《《=============
[INFO ] 2021-07-31 14:53:40.066 [hutool-cron-0] com.qzsoft.tah.service.impl.WsdCarGpsLServiceImpl - 当前车辆【12345670】未有任何行动轨迹
[INFO ] 2021-07-31 14:53:40.125 [hutool-cron-0] com.qzsoft.tah.service.impl.WsdCarGpsLServiceImpl - 当前车辆【12345678】未有任何行动轨迹
[INFO ] 2021-07-31 14:53:50.009 [hutool-cron-1] com.qzsoft.tah.task.TaskStartupRunner - ===============》》》开始GPS同步任务《《《=============
[INFO ] 2021-07-31 14:53:50.012 [hutool-cron-1] com.qzsoft.tah.task.TaskStartupRunner - ===============》》》共有2辆车需要同步《《《=============
[INFO ] 2021-07-31 14:53:50.074 [hutool-cron-1] com.qzsoft.tah.service.impl.WsdCarGpsLServiceImpl - 当前车辆【12345670】未有任何行动轨迹
[INFO ] 2021-07-31 14:53:50.136 [hutool-cron-1] com.qzsoft.tah.service.impl.WsdCarGpsLServiceImpl - 当前车辆【12345678】未有任何行动轨迹
[INFO ] 2021-07-31 14:54:00.000 [hutool-cron-0] com.qzsoft.tah.task.TaskStartupRunner - ===============》》》开始执行报警任务《《《=============
[INFO ] 2021-07-31 14:54:00.001 [hutool-cron-3] com.qzsoft.tah.task.TaskStartupRunner - ===============》》》开始执行导出任务《《《=============
[INFO ] 2021-07-31 14:54:00.001 [hutool-cron-2] com.qzsoft.tah.task.TaskStartupRunner - ===============》》》开始GPS同步任务《《《=============
[INFO ] 2021-07-31 14:54:00.007 [hutool-cron-2] com.qzsoft.tah.task.TaskStartupRunner - ===============》》》共有2辆车需要同步《《《=============
[INFO ] 2021-07-31 14:54:00.070 [hutool-cron-2] com.qzsoft.tah.service.impl.WsdCarGpsLServiceImpl - 当前车辆【12345670】未有任何行动轨迹
[INFO ] 2021-07-31 14:54:00.127 [hutool-cron-2] com.qzsoft.tah.service.impl.WsdCarGpsLServiceImpl - 当前车辆【12345678】未有任何行动轨迹
[INFO ] 2021-07-31 14:54:10.000 [hutool-cron-2] com.qzsoft.tah.task.TaskStartupRunner - ===============》》》开始GPS同步任务《《《=============
[INFO ] 2021-07-31 14:54:10.008 [hutool-cron-2] com.qzsoft.tah.task.TaskStartupRunner - ===============》》》共有2辆车需要同步《《《=============
[INFO ] 2021-07-31 14:54:10.068 [hutool-cron-2] com.qzsoft.tah.service.impl.WsdCarGpsLServiceImpl - 当前车辆【12345670】未有任何行动轨迹
[INFO ] 2021-07-31 14:54:10.126 [hutool-cron-2] com.qzsoft.tah.service.impl.WsdCarGpsLServiceImpl - 当前车辆【12345678】未有任何行动轨迹
[INFO ] 2021-07-31 14:54:20.000 [hutool-cron-0] com.qzsoft.tah.task.TaskStartupRunner - ===============》》》开始GPS同步任务《《《=============
[INFO ] 2021-07-31 14:54:20.003 [hutool-cron-0] com.qzsoft.tah.task.TaskStartupRunner - ===============》》》共有2辆车需要同步《《《=============
[INFO ] 2021-07-31 14:54:20.065 [hutool-cron-0] com.qzsoft.tah.service.impl.WsdCarGpsLServiceImpl - 当前车辆【12345670】未有任何行动轨迹
[INFO ] 2021-07-31 14:54:20.124 [hutool-cron-0] com.qzsoft.tah.service.impl.WsdCarGpsLServiceImpl - 当前车辆【12345678】未有任何行动轨迹
[INFO ] 2021-07-31 14:54:30.000 [hutool-cron-2] com.qzsoft.tah.task.TaskStartupRunner - ===============》》》开始GPS同步任务《《《=============
[INFO ] 2021-07-31 14:54:30.002 [hutool-cron-2] com.qzsoft.tah.task.TaskStartupRunner - ===============》》》共有2辆车需要同步《《《=============
[INFO ] 2021-07-31 14:54:30.063 [hutool-cron-2] com.qzsoft.tah.service.impl.WsdCarGpsLServiceImpl - 当前车辆【12345670】未有任何行动轨迹
[INFO ] 2021-07-31 14:54:30.121 [hutool-cron-2] com.qzsoft.tah.service.impl.WsdCarGpsLServiceImpl - 当前车辆【12345678】未有任何行动轨迹
[INFO ] 2021-07-31 14:54:30.241 [SpringContextShutdownHook] org.quartz.core.QuartzScheduler - Scheduler quartzScheduler_$_NON_CLUSTERED paused.
[INFO ] 2021-07-31 14:54:30.241 [SpringContextShutdownHook] org.springframework.scheduling.quartz.SchedulerFactoryBean - Shutting down Quartz Scheduler
[INFO ] 2021-07-31 14:54:30.242 [SpringContextShutdownHook] org.quartz.core.QuartzScheduler - Scheduler quartzScheduler_$_NON_CLUSTERED shutting down.
[INFO ] 2021-07-31 14:54:30.242 [SpringContextShutdownHook] org.quartz.core.QuartzScheduler - Scheduler quartzScheduler_$_NON_CLUSTERED paused.
[INFO ] 2021-07-31 14:54:30.242 [SpringContextShutdownHook] org.quartz.core.QuartzScheduler - Scheduler quartzScheduler_$_NON_CLUSTERED shutdown complete.
[INFO ] 2021-07-31 14:54:30.244 [SpringContextShutdownHook] org.springframework.scheduling.concurrent.ThreadPoolTaskExecutor - Shutting down ExecutorService 'taskExecutor'
[INFO ] 2021-07-31 14:54:30.246 [SpringContextShutdownHook] org.springframework.orm.jpa.LocalContainerEntityManagerFactoryBean - Closing JPA EntityManagerFactory for persistence unit 'default'
[INFO ] 2021-07-31 14:54:30.247 [SpringContextShutdownHook] com.baomidou.dynamic.datasource.DynamicRoutingDataSource - dynamic-datasource start closing ....
[INFO ] 2021-07-31 14:54:30.251 [SpringContextShutdownHook] com.alibaba.druid.pool.DruidDataSource - {dataSource-2} closed
[INFO ] 2021-07-31 14:54:30.253 [SpringContextShutdownHook] com.alibaba.druid.pool.DruidDataSource - {dataSource-1} closed
[INFO ] 2021-07-31 14:54:30.253 [SpringContextShutdownHook] com.baomidou.dynamic.datasource.DynamicRoutingDataSource - dynamic-datasource all closed success,bye
[INFO ] 2021-07-31 14:54:40.189 [main] com.qzsoft.tah.TahMsgApplication - Starting TahMsgApplication on DESKTOP-2S2GF81 with PID 42804 (D:\wsd\tah-collection\tah-wsd-msg\target\classes started by aq in D:\wsd)
[INFO ] 2021-07-31 14:54:40.191 [main] com.qzsoft.tah.TahMsgApplication - The following profiles are active: dev
[INFO ] 2021-07-31 14:54:40.954 [main] org.springframework.data.repository.config.RepositoryConfigurationDelegate - Multiple Spring Data modules found, entering strict repository configuration mode!
[INFO ] 2021-07-31 14:54:40.955 [main] org.springframework.data.repository.config.RepositoryConfigurationDelegate - Bootstrapping Spring Data JPA repositories in DEFAULT mode.
[INFO ] 2021-07-31 14:54:41.087 [main] org.springframework.data.repository.config.RepositoryConfigurationDelegate - Finished Spring Data repository scanning in 123ms. Found 15 JPA repository interfaces.
[INFO ] 2021-07-31 14:54:41.102 [main] org.springframework.data.repository.config.RepositoryConfigurationDelegate - Multiple Spring Data modules found, entering strict repository configuration mode!
[INFO ] 2021-07-31 14:54:41.103 [main] org.springframework.data.repository.config.RepositoryConfigurationDelegate - Bootstrapping Spring Data Redis repositories in DEFAULT mode.
[INFO ] 2021-07-31 14:54:41.131 [main] org.springframework.data.repository.config.RepositoryConfigurationExtensionSupport - Spring Data Redis - Could not safely identify store assignment for repository candidate interface com.qzsoft.tah.dao.SzDic2BDao. If you want this repository to be a Redis repository, consider annotating your entities with one of these annotations: org.springframework.data.redis.core.RedisHash (preferred), or consider extending one of the following types with your repository: org.springframework.data.keyvalue.repository.KeyValueRepository.
[INFO ] 2021-07-31 14:54:41.132 [main] org.springframework.data.repository.config.RepositoryConfigurationExtensionSupport - Spring Data Redis - Could not safely identify store assignment for repository candidate interface com.qzsoft.tah.dao.WsdAlarmDxLDao. If you want this repository to be a Redis repository, consider annotating your entities with one of these annotations: org.springframework.data.redis.core.RedisHash (preferred), or consider extending one of the following types with your repository: org.springframework.data.keyvalue.repository.KeyValueRepository.
[INFO ] 2021-07-31 14:54:41.132 [main] org.springframework.data.repository.config.RepositoryConfigurationExtensionSupport - Spring Data Redis - Could not safely identify store assignment for repository candidate interface com.qzsoft.tah.dao.WsdAlarmWxLDao. If you want this repository to be a Redis repository, consider annotating your entities with one of these annotations: org.springframework.data.redis.core.RedisHash (preferred), or consider extending one of the following types with your repository: org.springframework.data.keyvalue.repository.KeyValueRepository.
[INFO ] 2021-07-31 14:54:41.132 [main] org.springframework.data.repository.config.RepositoryConfigurationExtensionSupport - Spring Data Redis - Could not safely identify store assignment for repository candidate interface com.qzsoft.tah.dao.WsdAlarmYjLDao. If you want this repository to be a Redis repository, consider annotating your entities with one of these annotations: org.springframework.data.redis.core.RedisHash (preferred), or consider extending one of the following types with your repository: org.springframework.data.keyvalue.repository.KeyValueRepository.
[INFO ] 2021-07-31 14:54:41.133 [main] org.springframework.data.repository.config.RepositoryConfigurationExtensionSupport - Spring Data Redis - Could not safely identify store assignment for repository candidate interface com.qzsoft.tah.dao.WsdAlarmZnxLDao. If you want this repository to be a Redis repository, consider annotating your entities with one of these annotations: org.springframework.data.redis.core.RedisHash (preferred), or consider extending one of the following types with your repository: org.springframework.data.keyvalue.repository.KeyValueRepository.
[INFO ] 2021-07-31 14:54:41.133 [main] org.springframework.data.repository.config.RepositoryConfigurationExtensionSupport - Spring Data Redis - Could not safely identify store assignment for repository candidate interface com.qzsoft.tah.dao.WsdCarBDao. If you want this repository to be a Redis repository, consider annotating your entities with one of these annotations: org.springframework.data.redis.core.RedisHash (preferred), or consider extending one of the following types with your repository: org.springframework.data.keyvalue.repository.KeyValueRepository.
[INFO ] 2021-07-31 14:54:41.133 [main] org.springframework.data.repository.config.RepositoryConfigurationExtensionSupport - Spring Data Redis - Could not safely identify store assignment for repository candidate interface com.qzsoft.tah.dao.WsdCarGpsLDao. If you want this repository to be a Redis repository, consider annotating your entities with one of these annotations: org.springframework.data.redis.core.RedisHash (preferred), or consider extending one of the following types with your repository: org.springframework.data.keyvalue.repository.KeyValueRepository.
[INFO ] 2021-07-31 14:54:41.133 [main] org.springframework.data.repository.config.RepositoryConfigurationExtensionSupport - Spring Data Redis - Could not safely identify store assignment for repository candidate interface com.qzsoft.tah.dao.WsdDevAlarmLDao. If you want this repository to be a Redis repository, consider annotating your entities with one of these annotations: org.springframework.data.redis.core.RedisHash (preferred), or consider extending one of the following types with your repository: org.springframework.data.keyvalue.repository.KeyValueRepository.
[INFO ] 2021-07-31 14:54:41.134 [main] org.springframework.data.repository.config.RepositoryConfigurationExtensionSupport - Spring Data Redis - Could not safely identify store assignment for repository candidate interface com.qzsoft.tah.dao.WsdDevAlarmTreaMethBDao. If you want this repository to be a Redis repository, consider annotating your entities with one of these annotations: org.springframework.data.redis.core.RedisHash (preferred), or consider extending one of the following types with your repository: org.springframework.data.keyvalue.repository.KeyValueRepository.
[INFO ] 2021-07-31 14:54:41.134 [main] org.springframework.data.repository.config.RepositoryConfigurationExtensionSupport - Spring Data Redis - Could not safely identify store assignment for repository candidate interface com.qzsoft.tah.dao.WsdDevBDao. If you want this repository to be a Redis repository, consider annotating your entities with one of these annotations: org.springframework.data.redis.core.RedisHash (preferred), or consider extending one of the following types with your repository: org.springframework.data.keyvalue.repository.KeyValueRepository.
[INFO ] 2021-07-31 14:54:41.134 [main] org.springframework.data.repository.config.RepositoryConfigurationExtensionSupport - Spring Data Redis - Could not safely identify store assignment for repository candidate interface com.qzsoft.tah.dao.WsdDevExportFDao. If you want this repository to be a Redis repository, consider annotating your entities with one of these annotations: org.springframework.data.redis.core.RedisHash (preferred), or consider extending one of the following types with your repository: org.springframework.data.keyvalue.repository.KeyValueRepository.
[INFO ] 2021-07-31 14:54:41.135 [main] org.springframework.data.repository.config.RepositoryConfigurationExtensionSupport - Spring Data Redis - Could not safely identify store assignment for repository candidate interface com.qzsoft.tah.dao.WsdDevTahHDao. If you want this repository to be a Redis repository, consider annotating your entities with one of these annotations: org.springframework.data.redis.core.RedisHash (preferred), or consider extending one of the following types with your repository: org.springframework.data.keyvalue.repository.KeyValueRepository.
[INFO ] 2021-07-31 14:54:41.135 [main] org.springframework.data.repository.config.RepositoryConfigurationExtensionSupport - Spring Data Redis - Could not safely identify store assignment for repository candidate interface com.qzsoft.tah.dao.WsdExportCatBDao. If you want this repository to be a Redis repository, consider annotating your entities with one of these annotations: org.springframework.data.redis.core.RedisHash (preferred), or consider extending one of the following types with your repository: org.springframework.data.keyvalue.repository.KeyValueRepository.
[INFO ] 2021-07-31 14:54:41.135 [main] org.springframework.data.repository.config.RepositoryConfigurationExtensionSupport - Spring Data Redis - Could not safely identify store assignment for repository candidate interface com.qzsoft.tah.dao.WsdExportLDao. If you want this repository to be a Redis repository, consider annotating your entities with one of these annotations: org.springframework.data.redis.core.RedisHash (preferred), or consider extending one of the following types with your repository: org.springframework.data.keyvalue.repository.KeyValueRepository.
[INFO ] 2021-07-31 14:54:41.135 [main] org.springframework.data.repository.config.RepositoryConfigurationExtensionSupport - Spring Data Redis - Could not safely identify store assignment for repository candidate interface com.qzsoft.tah.dao.YwpzUserSDao. If you want this repository to be a Redis repository, consider annotating your entities with one of these annotations: org.springframework.data.redis.core.RedisHash (preferred), or consider extending one of the following types with your repository: org.springframework.data.keyvalue.repository.KeyValueRepository.
[INFO ] 2021-07-31 14:54:41.135 [main] org.springframework.data.repository.config.RepositoryConfigurationDelegate - Finished Spring Data repository scanning in 23ms. Found 0 Redis repository interfaces.
[INFO ] 2021-07-31 14:54:41.468 [main] org.springframework.context.support.PostProcessorRegistrationDelegate$BeanPostProcessorChecker - Bean 'org.springframework.transaction.annotation.ProxyTransactionManagementConfiguration' of type [org.springframework.transaction.annotation.ProxyTransactionManagementConfiguration] is not eligible for getting processed by all BeanPostProcessors (for example: not eligible for auto-proxying)
[INFO ] 2021-07-31 14:54:41.513 [main] org.springframework.context.support.PostProcessorRegistrationDelegate$BeanPostProcessorChecker - Bean 'spring.datasource.dynamic-com.baomidou.dynamic.datasource.spring.boot.autoconfigure.DynamicDataSourceProperties' of type [com.baomidou.dynamic.datasource.spring.boot.autoconfigure.DynamicDataSourceProperties] is not eligible for getting processed by all BeanPostProcessors (for example: not eligible for auto-proxying)
[INFO ] 2021-07-31 14:54:41.515 [main] org.springframework.context.support.PostProcessorRegistrationDelegate$BeanPostProcessorChecker - Bean 'com.baomidou.dynamic.datasource.spring.boot.autoconfigure.DynamicDataSourceAutoConfiguration' of type [com.baomidou.dynamic.datasource.spring.boot.autoconfigure.DynamicDataSourceAutoConfiguration$$EnhancerBySpringCGLIB$$5b2e0079] is not eligible for getting processed by all BeanPostProcessors (for example: not eligible for auto-proxying)
[INFO ] 2021-07-31 14:54:41.597 [main] org.springframework.context.support.PostProcessorRegistrationDelegate$BeanPostProcessorChecker - Bean 'dsProcessor' of type [com.baomidou.dynamic.datasource.processor.DsHeaderProcessor] is not eligible for getting processed by all BeanPostProcessors (for example: not eligible for auto-proxying)
[INFO ] 2021-07-31 14:54:41.917 [main] org.springframework.boot.web.embedded.tomcat.TomcatWebServer - Tomcat initialized with port(s): 1940 (http)
[INFO ] 2021-07-31 14:54:41.925 [main] org.apache.coyote.http11.Http11NioProtocol - Initializing ProtocolHandler ["http-nio-1940"]
[INFO ] 2021-07-31 14:54:41.926 [main] org.apache.catalina.core.StandardService - Starting service [Tomcat]
[INFO ] 2021-07-31 14:54:41.926 [main] org.apache.catalina.core.StandardEngine - Starting Servlet engine: [Apache Tomcat/9.0.29]
[INFO ] 2021-07-31 14:54:42.062 [main] org.apache.catalina.core.ContainerBase.[Tomcat].[localhost].[/tah-msg] - Initializing Spring embedded WebApplicationContext
[INFO ] 2021-07-31 14:54:42.063 [main] org.springframework.web.context.ContextLoader - Root WebApplicationContext: initialization completed in 1827 ms
[INFO ] 2021-07-31 14:54:42.455 [main] com.alibaba.druid.pool.DruidDataSource - {dataSource-1,mysql} inited
[INFO ] 2021-07-31 14:54:42.458 [main] com.alibaba.druid.pool.DruidDataSource - {dataSource-2,sqlserver} inited
[INFO ] 2021-07-31 14:54:42.458 [main] com.baomidou.dynamic.datasource.DynamicRoutingDataSource - dynamic-datasource - add a datasource named [sqlserver] success
[INFO ] 2021-07-31 14:54:42.458 [main] com.baomidou.dynamic.datasource.DynamicRoutingDataSource - dynamic-datasource - add a datasource named [mysql] success
[INFO ] 2021-07-31 14:54:42.458 [main] com.baomidou.dynamic.datasource.DynamicRoutingDataSource - dynamic-datasource initial loaded [2] datasource,primary datasource named [mysql]
[INFO ] 2021-07-31 14:54:42.670 [main] org.hibernate.jpa.internal.util.LogHelper - HHH000204: Processing PersistenceUnitInfo [name: default]
[INFO ] 2021-07-31 14:54:42.754 [main] org.hibernate.Version - HHH000412: Hibernate Core {5.4.9.Final}
[INFO ] 2021-07-31 14:54:42.882 [main] org.hibernate.annotations.common.Version - HCANN000001: Hibernate Commons Annotations {5.1.0.Final}
[INFO ] 2021-07-31 14:54:43.001 [main] org.hibernate.dialect.Dialect - HHH000400: Using dialect: org.hibernate.dialect.MySQL57Dialect
[INFO ] 2021-07-31 14:54:43.804 [main] org.hibernate.engine.transaction.jta.platform.internal.JtaPlatformInitiator - HHH000490: Using JtaPlatform implementation: [org.hibernate.engine.transaction.jta.platform.internal.NoJtaPlatform]
[INFO ] 2021-07-31 14:54:43.813 [main] org.springframework.orm.jpa.LocalContainerEntityManagerFactoryBean - Initialized JPA EntityManagerFactory for persistence unit 'default'
[INFO ] 2021-07-31 14:54:44.655 [main] org.springframework.scheduling.concurrent.ThreadPoolTaskExecutor - Initializing ExecutorService 'taskExecutor'
[INFO ] 2021-07-31 14:54:45.299 [main] org.quartz.impl.StdSchedulerFactory - Using default implementation for ThreadExecutor
[INFO ] 2021-07-31 14:54:45.311 [main] org.quartz.core.SchedulerSignalerImpl - Initialized Scheduler Signaller of type: class org.quartz.core.SchedulerSignalerImpl
[INFO ] 2021-07-31 14:54:45.313 [main] org.quartz.core.QuartzScheduler - Quartz Scheduler v.2.2.1 created.
[INFO ] 2021-07-31 14:54:45.313 [main] org.quartz.simpl.RAMJobStore - RAMJobStore initialized.
[INFO ] 2021-07-31 14:54:45.314 [main] org.quartz.core.QuartzScheduler - Scheduler meta-data: Quartz Scheduler (v2.2.1) 'quartzScheduler' with instanceId 'NON_CLUSTERED'
  Scheduler class: 'org.quartz.core.QuartzScheduler' - running locally.
  NOT STARTED.
  Currently in standby mode.
  Number of jobs executed: 0
  Using thread pool 'org.quartz.simpl.SimpleThreadPool' - with 10 threads.
  Using job-store 'org.quartz.simpl.RAMJobStore' - which does not support persistence. and is not clustered.

[INFO ] 2021-07-31 14:54:45.314 [main] org.quartz.impl.StdSchedulerFactory - Quartz scheduler 'quartzScheduler' initialized from an externally provided properties instance.
[INFO ] 2021-07-31 14:54:45.314 [main] org.quartz.impl.StdSchedulerFactory - Quartz scheduler version: 2.2.1
[INFO ] 2021-07-31 14:54:45.314 [main] org.quartz.core.QuartzScheduler - JobFactory set to: org.springframework.scheduling.quartz.SpringBeanJobFactory@19240b9
[INFO ] 2021-07-31 14:54:45.352 [main] org.springframework.scheduling.quartz.SchedulerFactoryBean - Starting Quartz Scheduler now
[INFO ] 2021-07-31 14:54:45.352 [main] org.quartz.core.QuartzScheduler - Scheduler quartzScheduler_$_NON_CLUSTERED started.
[INFO ] 2021-07-31 14:54:45.358 [main] org.apache.coyote.http11.Http11NioProtocol - Starting ProtocolHandler ["http-nio-1940"]
[INFO ] 2021-07-31 14:54:45.380 [main] org.springframework.boot.web.embedded.tomcat.TomcatWebServer - Tomcat started on port(s): 1940 (http) with context path '/tah-msg'
[INFO ] 2021-07-31 14:54:45.381 [main] com.qzsoft.tah.TahMsgApplication - Started TahMsgApplication in 5.584 seconds (JVM running for 7.42)
[INFO ] 2021-07-31 14:54:50.013 [hutool-cron-1] com.qzsoft.tah.task.TaskStartupRunner - ===============》》》开始GPS同步任务《《《=============
[INFO ] 2021-07-31 14:54:50.197 [hutool-cron-1] com.qzsoft.tah.task.TaskStartupRunner - ===============》》》共有2辆车需要同步《《《=============
[INFO ] 2021-07-31 14:54:51.609 [hutool-cron-1] com.qzsoft.tah.service.impl.WsdCarGpsLServiceImpl - 当前车辆【12345670】未有任何行动轨迹
[INFO ] 2021-07-31 14:54:51.670 [hutool-cron-1] com.qzsoft.tah.service.impl.WsdCarGpsLServiceImpl - 当前车辆【12345678】未有任何行动轨迹
[INFO ] 2021-07-31 14:55:00.013 [hutool-cron-0] com.qzsoft.tah.task.TaskStartupRunner - ===============》》》开始执行报警任务《《《=============
[INFO ] 2021-07-31 14:55:00.014 [hutool-cron-2] com.qzsoft.tah.task.TaskStartupRunner - ===============》》》开始GPS同步任务《《《=============
[INFO ] 2021-07-31 14:55:00.015 [hutool-cron-3] com.qzsoft.tah.task.TaskStartupRunner - ===============》》》开始执行导出任务《《《=============
[INFO ] 2021-07-31 14:55:00.020 [hutool-cron-2] com.qzsoft.tah.task.TaskStartupRunner - ===============》》》共有2辆车需要同步《《《=============
[INFO ] 2021-07-31 14:55:00.081 [hutool-cron-2] com.qzsoft.tah.service.impl.WsdCarGpsLServiceImpl - 当前车辆【12345670】未有任何行动轨迹
[INFO ] 2021-07-31 14:55:00.141 [hutool-cron-2] com.qzsoft.tah.service.impl.WsdCarGpsLServiceImpl - 当前车辆【12345678】未有任何行动轨迹
[INFO ] 2021-07-31 14:55:03.205 [http-nio-1940-exec-1] org.apache.catalina.core.ContainerBase.[Tomcat].[localhost].[/tah-msg] - Initializing Spring DispatcherServlet 'dispatcherServlet'
[INFO ] 2021-07-31 14:55:03.205 [http-nio-1940-exec-1] org.springframework.web.servlet.DispatcherServlet - Initializing Servlet 'dispatcherServlet'
[INFO ] 2021-07-31 14:55:03.213 [http-nio-1940-exec-1] org.springframework.web.servlet.DispatcherServlet - Completed initialization in 8 ms
[INFO ] 2021-07-31 14:55:03.237 [http-nio-1940-exec-1] com.qzsoft.tah.service.impl.BJDapingServiceImpl - 读取北京食品大屏温湿度设备数据
[INFO ] 2021-07-31 14:55:03.337 [http-nio-1940-exec-1] com.qzsoft.tah.service.impl.BJDapingServiceImpl - 返回数据：{normalMapList=[{tempLow=10, belongType=温湿度, alarmYn=N, netSt=离线, temperature=20, humidity=25, humUp=40, id=111, tempUp=30, devName=温湿度计, humLow=20}, {tempLow=10, belongType=温湿度, alarmYn=N, netSt=离线, temperature=20, humidity=25, humUp=40, id=222, tempUp=30, devName=冰箱, humLow=20}, {tempLow=10, belongType=温湿度, alarmYn=N, netSt=离线, temperature=20, humidity=25, humUp=40, id=1778, tempUp=30, devName=温湿度计, humLow=20}, {tempLow=10, belongType=温湿度, alarmYn=N, netSt=离线, temperature=20, humidity=25, humUp=40, id=1779, tempUp=30, devName=温湿度计, humLow=20}, {tempLow=10, belongType=温湿度, alarmYn=N, netSt=离线, temperature=20, humidity=25, humUp=40, id=1780, tempUp=30, devName=温湿度计, humLow=20}, {tempLow=10, belongType=温湿度, alarmYn=N, netSt=离线, temperature=20, humidity=25, humUp=40, id=1781, tempUp=30, devName=温湿度计, humLow=20}, {tempLow=10, belongType=温湿度, alarmYn=N, netSt=离线, temperature=20, humidity=25, humUp=40, id=1782, tempUp=30, devName=温湿度计, humLow=20}, {tempLow=10, belongType=温湿度, alarmYn=N, netSt=离线, temperature=20, humidity=25, humUp=40, id=1783, tempUp=30, devName=温湿度计, humLow=20}, {tempLow=10, belongType=温湿度, alarmYn=N, netSt=离线, temperature=20, humidity=25, humUp=40, id=1784, tempUp=30, devName=温湿度计, humLow=20}, {tempLow=10, belongType=温湿度, alarmYn=N, netSt=离线, temperature=20, humidity=25, humUp=40, id=1785, tempUp=30, devName=温湿度计, humLow=20}, {tempLow=10, belongType=温湿度, alarmYn=N, netSt=离线, temperature=20, humidity=25, humUp=40, id=1786, tempUp=30, devName=温湿度计, humLow=20}, {tempLow=10, belongType=温湿度, alarmYn=N, netSt=离线, temperature=20, humidity=25, humUp=40, id=1787, tempUp=30, devName=温湿度计, humLow=20}, {tempLow=10, belongType=温湿度, alarmYn=N, netSt=离线, temperature=20, humidity=25, humUp=40, id=1788, tempUp=30, devName=温湿度计, humLow=20}, {tempLow=10, belongType=温湿度, alarmYn=N, netSt=离线, temperature=20, humidity=25, humUp=40, id=1789, tempUp=30, devName=温湿度计, humLow=20}, {tempLow=10, belongType=温湿度, alarmYn=N, netSt=离线, temperature=20, humidity=25, humUp=40, id=1790, tempUp=30, devName=温湿度计, humLow=20}, {tempLow=10, belongType=温湿度, alarmYn=N, netSt=离线, temperature=20, humidity=25, humUp=40, id=1791, tempUp=30, devName=温湿度计, humLow=20}, {tempLow=10, belongType=温湿度, alarmYn=N, netSt=离线, temperature=20, humidity=25, humUp=40, id=1792, tempUp=30, devName=温湿度计, humLow=20}, {tempLow=10, belongType=温湿度, alarmYn=N, netSt=离线, temperature=20, humidity=25, humUp=40, id=1793, tempUp=30, devName=温湿度计, humLow=20}, {tempLow=10, belongType=温湿度, alarmYn=N, netSt=离线, temperature=20, humidity=25, humUp=40, id=1794, tempUp=30, devName=温湿度计, humLow=20}, {tempLow=10, belongType=温湿度, alarmYn=N, netSt=离线, temperature=20, humidity=25, humUp=40, id=1795, tempUp=30, devName=温湿度计, humLow=20}, {tempLow=10, belongType=温湿度, alarmYn=N, netSt=离线, temperature=20, humidity=25, humUp=40, id=1796, tempUp=30, devName=温湿度计, humLow=20}, {tempLow=10, belongType=温湿度, alarmYn=N, netSt=离线, temperature=20, humidity=25, humUp=40, id=1797, tempUp=30, devName=温湿度计, humLow=20}, {tempLow=10, belongType=温湿度, alarmYn=N, netSt=离线, temperature=20, humidity=25, humUp=40, id=1798, tempUp=30, devName=温湿度计, humLow=20}, {tempLow=10, belongType=温湿度, alarmYn=N, netSt=离线, temperature=20, humidity=25, humUp=40, id=555599973111, tempUp=30, devName=温湿度计, humLow=20}], alarmMapList=[{tempLow=50, belongType=温湿度, alarmYn=Y, netSt=离线, temperature=20, humidity=25, humUp=40, id=1777, tempUp=30, devName=温湿度计, humLow=20}], normalNum=24, delayNum=0, alarmNum=1, delayMapList=[]}
[INFO ] 2021-07-31 14:55:10.000 [hutool-cron-2] com.qzsoft.tah.task.TaskStartupRunner - ===============》》》开始GPS同步任务《《《=============
[INFO ] 2021-07-31 14:55:10.004 [hutool-cron-2] com.qzsoft.tah.task.TaskStartupRunner - ===============》》》共有2辆车需要同步《《《=============
[INFO ] 2021-07-31 14:55:10.067 [hutool-cron-2] com.qzsoft.tah.service.impl.WsdCarGpsLServiceImpl - 当前车辆【12345670】未有任何行动轨迹
[INFO ] 2021-07-31 14:55:10.131 [hutool-cron-2] com.qzsoft.tah.service.impl.WsdCarGpsLServiceImpl - 当前车辆【12345678】未有任何行动轨迹
[INFO ] 2021-07-31 14:55:20.000 [hutool-cron-0] com.qzsoft.tah.task.TaskStartupRunner - ===============》》》开始GPS同步任务《《《=============
[INFO ] 2021-07-31 14:55:20.009 [hutool-cron-0] com.qzsoft.tah.task.TaskStartupRunner - ===============》》》共有2辆车需要同步《《《=============
[INFO ] 2021-07-31 14:55:20.071 [hutool-cron-0] com.qzsoft.tah.service.impl.WsdCarGpsLServiceImpl - 当前车辆【12345670】未有任何行动轨迹
[INFO ] 2021-07-31 14:55:20.131 [hutool-cron-0] com.qzsoft.tah.service.impl.WsdCarGpsLServiceImpl - 当前车辆【12345678】未有任何行动轨迹
[INFO ] 2021-07-31 14:55:30.001 [hutool-cron-2] com.qzsoft.tah.task.TaskStartupRunner - ===============》》》开始GPS同步任务《《《=============
[INFO ] 2021-07-31 14:55:30.005 [hutool-cron-2] com.qzsoft.tah.task.TaskStartupRunner - ===============》》》共有2辆车需要同步《《《=============
[INFO ] 2021-07-31 14:55:30.067 [hutool-cron-2] com.qzsoft.tah.service.impl.WsdCarGpsLServiceImpl - 当前车辆【12345670】未有任何行动轨迹
[INFO ] 2021-07-31 14:55:30.127 [hutool-cron-2] com.qzsoft.tah.service.impl.WsdCarGpsLServiceImpl - 当前车辆【12345678】未有任何行动轨迹
[INFO ] 2021-07-31 14:55:31.606 [http-nio-1940-exec-4] com.qzsoft.tah.service.impl.BJDapingServiceImpl - 读取北京食品大屏温湿度设备数据
[INFO ] 2021-07-31 14:55:31.614 [http-nio-1940-exec-4] com.qzsoft.tah.service.impl.BJDapingServiceImpl - 返回数据：{normalMapList=[{tempLow=10, belongType=温湿度, alarmYn=N, netSt=离线, temperature=20, humidity=25, humUp=40, id=111, tempUp=30, devName=温湿度计, humLow=20}, {tempLow=10, belongType=温湿度, alarmYn=N, netSt=离线, temperature=20, humidity=25, humUp=40, id=222, tempUp=30, devName=冰箱, humLow=20}, {tempLow=10, belongType=温湿度, alarmYn=N, netSt=离线, temperature=20, humidity=25, humUp=40, id=1778, tempUp=30, devName=温湿度计, humLow=20}, {tempLow=10, belongType=温湿度, alarmYn=N, netSt=离线, temperature=20, humidity=25, humUp=40, id=1779, tempUp=30, devName=温湿度计, humLow=20}, {tempLow=10, belongType=温湿度, alarmYn=N, netSt=离线, temperature=20, humidity=25, humUp=40, id=1780, tempUp=30, devName=温湿度计, humLow=20}, {tempLow=10, belongType=温湿度, alarmYn=N, netSt=离线, temperature=20, humidity=25, humUp=40, id=1781, tempUp=30, devName=温湿度计, humLow=20}, {tempLow=10, belongType=温湿度, alarmYn=N, netSt=离线, temperature=20, humidity=25, humUp=40, id=1782, tempUp=30, devName=温湿度计, humLow=20}, {tempLow=10, belongType=温湿度, alarmYn=N, netSt=离线, temperature=20, humidity=25, humUp=40, id=1783, tempUp=30, devName=温湿度计, humLow=20}, {tempLow=10, belongType=温湿度, alarmYn=N, netSt=离线, temperature=20, humidity=25, humUp=40, id=1784, tempUp=30, devName=温湿度计, humLow=20}, {tempLow=10, belongType=温湿度, alarmYn=N, netSt=离线, temperature=20, humidity=25, humUp=40, id=1785, tempUp=30, devName=温湿度计, humLow=20}, {tempLow=10, belongType=温湿度, alarmYn=N, netSt=离线, temperature=20, humidity=25, humUp=40, id=1786, tempUp=30, devName=温湿度计, humLow=20}, {tempLow=10, belongType=温湿度, alarmYn=N, netSt=离线, temperature=20, humidity=25, humUp=40, id=1787, tempUp=30, devName=温湿度计, humLow=20}, {tempLow=10, belongType=温湿度, alarmYn=N, netSt=离线, temperature=20, humidity=25, humUp=40, id=1788, tempUp=30, devName=温湿度计, humLow=20}, {tempLow=10, belongType=温湿度, alarmYn=N, netSt=离线, temperature=20, humidity=25, humUp=40, id=1789, tempUp=30, devName=温湿度计, humLow=20}, {tempLow=10, belongType=温湿度, alarmYn=N, netSt=离线, temperature=20, humidity=25, humUp=40, id=1790, tempUp=30, devName=温湿度计, humLow=20}, {tempLow=10, belongType=温湿度, alarmYn=N, netSt=离线, temperature=20, humidity=25, humUp=40, id=1791, tempUp=30, devName=温湿度计, humLow=20}, {tempLow=10, belongType=温湿度, alarmYn=N, netSt=离线, temperature=20, humidity=25, humUp=40, id=1792, tempUp=30, devName=温湿度计, humLow=20}, {tempLow=10, belongType=温湿度, alarmYn=N, netSt=离线, temperature=20, humidity=25, humUp=40, id=1793, tempUp=30, devName=温湿度计, humLow=20}, {tempLow=10, belongType=温湿度, alarmYn=N, netSt=离线, temperature=20, humidity=25, humUp=40, id=1794, tempUp=30, devName=温湿度计, humLow=20}, {tempLow=10, belongType=温湿度, alarmYn=N, netSt=离线, temperature=20, humidity=25, humUp=40, id=1795, tempUp=30, devName=温湿度计, humLow=20}, {tempLow=10, belongType=温湿度, alarmYn=N, netSt=离线, temperature=20, humidity=25, humUp=40, id=1796, tempUp=30, devName=温湿度计, humLow=20}, {tempLow=10, belongType=温湿度, alarmYn=N, netSt=离线, temperature=20, humidity=25, humUp=40, id=1797, tempUp=30, devName=温湿度计, humLow=20}, {tempLow=10, belongType=温湿度, alarmYn=N, netSt=离线, temperature=20, humidity=25, humUp=40, id=1798, tempUp=30, devName=温湿度计, humLow=20}, {tempLow=10, belongType=温湿度, alarmYn=N, netSt=离线, temperature=20, humidity=25, humUp=40, id=555599973111, tempUp=30, devName=温湿度计, humLow=20}], alarmMapList=[{tempLow=50, belongType=温湿度, alarmYn=Y, netSt=离线, temperature=20, humidity=25, humUp=40, id=1777, tempUp=30, devName=温湿度计, humLow=20}], normalNum=24, delayNum=0, alarmNum=1, delayMapList=[]}
[INFO ] 2021-07-31 14:55:33.367 [http-nio-1940-exec-6] com.qzsoft.tah.service.impl.BJDapingServiceImpl - 读取北京食品大屏温湿度设备数据
[INFO ] 2021-07-31 14:55:33.374 [http-nio-1940-exec-6] com.qzsoft.tah.service.impl.BJDapingServiceImpl - 返回数据：{normalMapList=[{tempLow=10, belongType=温湿度, alarmYn=N, netSt=离线, temperature=20, humidity=25, humUp=40, id=111, tempUp=30, devName=温湿度计, humLow=20}, {tempLow=10, belongType=温湿度, alarmYn=N, netSt=离线, temperature=20, humidity=25, humUp=40, id=222, tempUp=30, devName=冰箱, humLow=20}, {tempLow=10, belongType=温湿度, alarmYn=N, netSt=离线, temperature=20, humidity=25, humUp=40, id=1778, tempUp=30, devName=温湿度计, humLow=20}, {tempLow=10, belongType=温湿度, alarmYn=N, netSt=离线, temperature=20, humidity=25, humUp=40, id=1779, tempUp=30, devName=温湿度计, humLow=20}, {tempLow=10, belongType=温湿度, alarmYn=N, netSt=离线, temperature=20, humidity=25, humUp=40, id=1780, tempUp=30, devName=温湿度计, humLow=20}, {tempLow=10, belongType=温湿度, alarmYn=N, netSt=离线, temperature=20, humidity=25, humUp=40, id=1781, tempUp=30, devName=温湿度计, humLow=20}, {tempLow=10, belongType=温湿度, alarmYn=N, netSt=离线, temperature=20, humidity=25, humUp=40, id=1782, tempUp=30, devName=温湿度计, humLow=20}, {tempLow=10, belongType=温湿度, alarmYn=N, netSt=离线, temperature=20, humidity=25, humUp=40, id=1783, tempUp=30, devName=温湿度计, humLow=20}, {tempLow=10, belongType=温湿度, alarmYn=N, netSt=离线, temperature=20, humidity=25, humUp=40, id=1784, tempUp=30, devName=温湿度计, humLow=20}, {tempLow=10, belongType=温湿度, alarmYn=N, netSt=离线, temperature=20, humidity=25, humUp=40, id=1785, tempUp=30, devName=温湿度计, humLow=20}, {tempLow=10, belongType=温湿度, alarmYn=N, netSt=离线, temperature=20, humidity=25, humUp=40, id=1786, tempUp=30, devName=温湿度计, humLow=20}, {tempLow=10, belongType=温湿度, alarmYn=N, netSt=离线, temperature=20, humidity=25, humUp=40, id=1787, tempUp=30, devName=温湿度计, humLow=20}, {tempLow=10, belongType=温湿度, alarmYn=N, netSt=离线, temperature=20, humidity=25, humUp=40, id=1788, tempUp=30, devName=温湿度计, humLow=20}, {tempLow=10, belongType=温湿度, alarmYn=N, netSt=离线, temperature=20, humidity=25, humUp=40, id=1789, tempUp=30, devName=温湿度计, humLow=20}, {tempLow=10, belongType=温湿度, alarmYn=N, netSt=离线, temperature=20, humidity=25, humUp=40, id=1790, tempUp=30, devName=温湿度计, humLow=20}, {tempLow=10, belongType=温湿度, alarmYn=N, netSt=离线, temperature=20, humidity=25, humUp=40, id=1791, tempUp=30, devName=温湿度计, humLow=20}, {tempLow=10, belongType=温湿度, alarmYn=N, netSt=离线, temperature=20, humidity=25, humUp=40, id=1792, tempUp=30, devName=温湿度计, humLow=20}, {tempLow=10, belongType=温湿度, alarmYn=N, netSt=离线, temperature=20, humidity=25, humUp=40, id=1793, tempUp=30, devName=温湿度计, humLow=20}, {tempLow=10, belongType=温湿度, alarmYn=N, netSt=离线, temperature=20, humidity=25, humUp=40, id=1794, tempUp=30, devName=温湿度计, humLow=20}, {tempLow=10, belongType=温湿度, alarmYn=N, netSt=离线, temperature=20, humidity=25, humUp=40, id=1795, tempUp=30, devName=温湿度计, humLow=20}, {tempLow=10, belongType=温湿度, alarmYn=N, netSt=离线, temperature=20, humidity=25, humUp=40, id=1796, tempUp=30, devName=温湿度计, humLow=20}, {tempLow=10, belongType=温湿度, alarmYn=N, netSt=离线, temperature=20, humidity=25, humUp=40, id=1797, tempUp=30, devName=温湿度计, humLow=20}, {tempLow=10, belongType=温湿度, alarmYn=N, netSt=离线, temperature=20, humidity=25, humUp=40, id=1798, tempUp=30, devName=温湿度计, humLow=20}, {tempLow=10, belongType=温湿度, alarmYn=N, netSt=离线, temperature=20, humidity=25, humUp=40, id=555599973111, tempUp=30, devName=温湿度计, humLow=20}], alarmMapList=[{tempLow=50, belongType=温湿度, alarmYn=Y, netSt=离线, temperature=20, humidity=25, humUp=40, id=1777, tempUp=30, devName=温湿度计, humLow=20}], normalNum=24, delayNum=0, alarmNum=1, delayMapList=[]}
[INFO ] 2021-07-31 14:55:35.939 [http-nio-1940-exec-2] com.qzsoft.tah.service.impl.BJDapingServiceImpl - 读取北京食品大屏温湿度设备数据
[INFO ] 2021-07-31 14:55:35.948 [http-nio-1940-exec-2] com.qzsoft.tah.service.impl.BJDapingServiceImpl - 返回数据：{normalMapList=[{tempLow=10, belongType=温湿度, alarmYn=N, netSt=离线, temperature=20, humidity=25, humUp=40, id=111, tempUp=30, devName=温湿度计, humLow=20}, {tempLow=10, belongType=温湿度, alarmYn=N, netSt=离线, temperature=20, humidity=25, humUp=40, id=222, tempUp=30, devName=冰箱, humLow=20}, {tempLow=10, belongType=温湿度, alarmYn=N, netSt=离线, temperature=20, humidity=25, humUp=40, id=1778, tempUp=30, devName=温湿度计, humLow=20}, {tempLow=10, belongType=温湿度, alarmYn=N, netSt=离线, temperature=20, humidity=25, humUp=40, id=1779, tempUp=30, devName=温湿度计, humLow=20}, {tempLow=10, belongType=温湿度, alarmYn=N, netSt=离线, temperature=20, humidity=25, humUp=40, id=1780, tempUp=30, devName=温湿度计, humLow=20}, {tempLow=10, belongType=温湿度, alarmYn=N, netSt=离线, temperature=20, humidity=25, humUp=40, id=1781, tempUp=30, devName=温湿度计, humLow=20}, {tempLow=10, belongType=温湿度, alarmYn=N, netSt=离线, temperature=20, humidity=25, humUp=40, id=1782, tempUp=30, devName=温湿度计, humLow=20}, {tempLow=10, belongType=温湿度, alarmYn=N, netSt=离线, temperature=20, humidity=25, humUp=40, id=1783, tempUp=30, devName=温湿度计, humLow=20}, {tempLow=10, belongType=温湿度, alarmYn=N, netSt=离线, temperature=20, humidity=25, humUp=40, id=1784, tempUp=30, devName=温湿度计, humLow=20}, {tempLow=10, belongType=温湿度, alarmYn=N, netSt=离线, temperature=20, humidity=25, humUp=40, id=1785, tempUp=30, devName=温湿度计, humLow=20}, {tempLow=10, belongType=温湿度, alarmYn=N, netSt=离线, temperature=20, humidity=25, humUp=40, id=1786, tempUp=30, devName=温湿度计, humLow=20}, {tempLow=10, belongType=温湿度, alarmYn=N, netSt=离线, temperature=20, humidity=25, humUp=40, id=1787, tempUp=30, devName=温湿度计, humLow=20}, {tempLow=10, belongType=温湿度, alarmYn=N, netSt=离线, temperature=20, humidity=25, humUp=40, id=1788, tempUp=30, devName=温湿度计, humLow=20}, {tempLow=10, belongType=温湿度, alarmYn=N, netSt=离线, temperature=20, humidity=25, humUp=40, id=1789, tempUp=30, devName=温湿度计, humLow=20}, {tempLow=10, belongType=温湿度, alarmYn=N, netSt=离线, temperature=20, humidity=25, humUp=40, id=1790, tempUp=30, devName=温湿度计, humLow=20}, {tempLow=10, belongType=温湿度, alarmYn=N, netSt=离线, temperature=20, humidity=25, humUp=40, id=1791, tempUp=30, devName=温湿度计, humLow=20}, {tempLow=10, belongType=温湿度, alarmYn=N, netSt=离线, temperature=20, humidity=25, humUp=40, id=1792, tempUp=30, devName=温湿度计, humLow=20}, {tempLow=10, belongType=温湿度, alarmYn=N, netSt=离线, temperature=20, humidity=25, humUp=40, id=1793, tempUp=30, devName=温湿度计, humLow=20}, {tempLow=10, belongType=温湿度, alarmYn=N, netSt=离线, temperature=20, humidity=25, humUp=40, id=1794, tempUp=30, devName=温湿度计, humLow=20}, {tempLow=10, belongType=温湿度, alarmYn=N, netSt=离线, temperature=20, humidity=25, humUp=40, id=1795, tempUp=30, devName=温湿度计, humLow=20}, {tempLow=10, belongType=温湿度, alarmYn=N, netSt=离线, temperature=20, humidity=25, humUp=40, id=1796, tempUp=30, devName=温湿度计, humLow=20}, {tempLow=10, belongType=温湿度, alarmYn=N, netSt=离线, temperature=20, humidity=25, humUp=40, id=1797, tempUp=30, devName=温湿度计, humLow=20}, {tempLow=10, belongType=温湿度, alarmYn=N, netSt=离线, temperature=20, humidity=25, humUp=40, id=1798, tempUp=30, devName=温湿度计, humLow=20}, {tempLow=10, belongType=温湿度, alarmYn=N, netSt=离线, temperature=20, humidity=25, humUp=40, id=555599973111, tempUp=30, devName=温湿度计, humLow=20}], alarmMapList=[{tempLow=50, belongType=温湿度, alarmYn=Y, netSt=离线, temperature=20, humidity=25, humUp=40, id=1777, tempUp=30, devName=温湿度计, humLow=20}], normalNum=24, delayNum=0, alarmNum=1, delayMapList=[]}
[INFO ] 2021-07-31 14:55:40.003 [hutool-cron-0] com.qzsoft.tah.task.TaskStartupRunner - ===============》》》开始GPS同步任务《《《=============
[INFO ] 2021-07-31 14:55:40.007 [hutool-cron-0] com.qzsoft.tah.task.TaskStartupRunner - ===============》》》共有2辆车需要同步《《《=============
[INFO ] 2021-07-31 14:55:40.070 [hutool-cron-0] com.qzsoft.tah.service.impl.WsdCarGpsLServiceImpl - 当前车辆【12345670】未有任何行动轨迹
[INFO ] 2021-07-31 14:55:40.130 [hutool-cron-0] com.qzsoft.tah.service.impl.WsdCarGpsLServiceImpl - 当前车辆【12345678】未有任何行动轨迹
[INFO ] 2021-07-31 14:55:50.013 [hutool-cron-2] com.qzsoft.tah.task.TaskStartupRunner - ===============》》》开始GPS同步任务《《《=============
[INFO ] 2021-07-31 14:55:50.018 [hutool-cron-2] com.qzsoft.tah.task.TaskStartupRunner - ===============》》》共有2辆车需要同步《《《=============
[INFO ] 2021-07-31 14:55:50.080 [hutool-cron-2] com.qzsoft.tah.service.impl.WsdCarGpsLServiceImpl - 当前车辆【12345670】未有任何行动轨迹
[INFO ] 2021-07-31 14:55:50.141 [hutool-cron-2] com.qzsoft.tah.service.impl.WsdCarGpsLServiceImpl - 当前车辆【12345678】未有任何行动轨迹
[INFO ] 2021-07-31 14:56:00.000 [hutool-cron-3] com.qzsoft.tah.task.TaskStartupRunner - ===============》》》开始GPS同步任务《《《=============
[INFO ] 2021-07-31 14:56:00.000 [hutool-cron-0] com.qzsoft.tah.task.TaskStartupRunner - ===============》》》开始执行报警任务《《《=============
[INFO ] 2021-07-31 14:56:00.000 [hutool-cron-1] com.qzsoft.tah.task.TaskStartupRunner - ===============》》》开始执行导出任务《《《=============
[INFO ] 2021-07-31 14:56:00.010 [hutool-cron-3] com.qzsoft.tah.task.TaskStartupRunner - ===============》》》共有2辆车需要同步《《《=============
[INFO ] 2021-07-31 14:56:00.072 [hutool-cron-3] com.qzsoft.tah.service.impl.WsdCarGpsLServiceImpl - 当前车辆【12345670】未有任何行动轨迹
[INFO ] 2021-07-31 14:56:00.132 [hutool-cron-3] com.qzsoft.tah.service.impl.WsdCarGpsLServiceImpl - 当前车辆【12345678】未有任何行动轨迹
[INFO ] 2021-07-31 14:56:10.003 [hutool-cron-0] com.qzsoft.tah.task.TaskStartupRunner - ===============》》》开始GPS同步任务《《《=============
[INFO ] 2021-07-31 14:56:10.006 [hutool-cron-0] com.qzsoft.tah.task.TaskStartupRunner - ===============》》》共有2辆车需要同步《《《=============
[INFO ] 2021-07-31 14:56:10.069 [hutool-cron-0] com.qzsoft.tah.service.impl.WsdCarGpsLServiceImpl - 当前车辆【12345670】未有任何行动轨迹
[INFO ] 2021-07-31 14:56:10.133 [hutool-cron-0] com.qzsoft.tah.service.impl.WsdCarGpsLServiceImpl - 当前车辆【12345678】未有任何行动轨迹
[INFO ] 2021-07-31 14:56:20.008 [hutool-cron-3] com.qzsoft.tah.task.TaskStartupRunner - ===============》》》开始GPS同步任务《《《=============
[INFO ] 2021-07-31 14:56:20.016 [hutool-cron-3] com.qzsoft.tah.task.TaskStartupRunner - ===============》》》共有2辆车需要同步《《《=============
[INFO ] 2021-07-31 14:56:20.079 [hutool-cron-3] com.qzsoft.tah.service.impl.WsdCarGpsLServiceImpl - 当前车辆【12345670】未有任何行动轨迹
[INFO ] 2021-07-31 14:56:20.142 [hutool-cron-3] com.qzsoft.tah.service.impl.WsdCarGpsLServiceImpl - 当前车辆【12345678】未有任何行动轨迹
[INFO ] 2021-07-31 14:56:30.008 [hutool-cron-0] com.qzsoft.tah.task.TaskStartupRunner - ===============》》》开始GPS同步任务《《《=============
[INFO ] 2021-07-31 14:56:30.011 [hutool-cron-0] com.qzsoft.tah.task.TaskStartupRunner - ===============》》》共有2辆车需要同步《《《=============
[INFO ] 2021-07-31 14:56:30.071 [hutool-cron-0] com.qzsoft.tah.service.impl.WsdCarGpsLServiceImpl - 当前车辆【12345670】未有任何行动轨迹
[INFO ] 2021-07-31 14:56:30.133 [hutool-cron-0] com.qzsoft.tah.service.impl.WsdCarGpsLServiceImpl - 当前车辆【12345678】未有任何行动轨迹
[INFO ] 2021-07-31 14:56:40.007 [hutool-cron-3] com.qzsoft.tah.task.TaskStartupRunner - ===============》》》开始GPS同步任务《《《=============
[INFO ] 2021-07-31 14:56:40.010 [hutool-cron-3] com.qzsoft.tah.task.TaskStartupRunner - ===============》》》共有2辆车需要同步《《《=============
[INFO ] 2021-07-31 14:56:40.070 [hutool-cron-3] com.qzsoft.tah.service.impl.WsdCarGpsLServiceImpl - 当前车辆【12345670】未有任何行动轨迹
[INFO ] 2021-07-31 14:56:40.130 [hutool-cron-3] com.qzsoft.tah.service.impl.WsdCarGpsLServiceImpl - 当前车辆【12345678】未有任何行动轨迹
[INFO ] 2021-07-31 14:56:50.010 [hutool-cron-0] com.qzsoft.tah.task.TaskStartupRunner - ===============》》》开始GPS同步任务《《《=============
[INFO ] 2021-07-31 14:56:50.012 [hutool-cron-0] com.qzsoft.tah.task.TaskStartupRunner - ===============》》》共有2辆车需要同步《《《=============
[INFO ] 2021-07-31 14:56:50.074 [hutool-cron-0] com.qzsoft.tah.service.impl.WsdCarGpsLServiceImpl - 当前车辆【12345670】未有任何行动轨迹
[INFO ] 2021-07-31 14:56:50.134 [hutool-cron-0] com.qzsoft.tah.service.impl.WsdCarGpsLServiceImpl - 当前车辆【12345678】未有任何行动轨迹
[INFO ] 2021-07-31 14:57:00.011 [hutool-cron-3] com.qzsoft.tah.task.TaskStartupRunner - ===============》》》开始执行报警任务《《《=============
[INFO ] 2021-07-31 14:57:00.011 [hutool-cron-1] com.qzsoft.tah.task.TaskStartupRunner - ===============》》》开始GPS同步任务《《《=============
[INFO ] 2021-07-31 14:57:00.013 [hutool-cron-4] com.qzsoft.tah.task.TaskStartupRunner - ===============》》》开始执行导出任务《《《=============
[INFO ] 2021-07-31 14:57:00.018 [hutool-cron-1] com.qzsoft.tah.task.TaskStartupRunner - ===============》》》共有2辆车需要同步《《《=============
[INFO ] 2021-07-31 14:57:00.078 [hutool-cron-1] com.qzsoft.tah.service.impl.WsdCarGpsLServiceImpl - 当前车辆【12345670】未有任何行动轨迹
[INFO ] 2021-07-31 14:57:00.138 [hutool-cron-1] com.qzsoft.tah.service.impl.WsdCarGpsLServiceImpl - 当前车辆【12345678】未有任何行动轨迹
[INFO ] 2021-07-31 14:57:10.001 [hutool-cron-3] com.qzsoft.tah.task.TaskStartupRunner - ===============》》》开始GPS同步任务《《《=============
[INFO ] 2021-07-31 14:57:10.003 [hutool-cron-3] com.qzsoft.tah.task.TaskStartupRunner - ===============》》》共有2辆车需要同步《《《=============
[INFO ] 2021-07-31 14:57:10.068 [hutool-cron-3] com.qzsoft.tah.service.impl.WsdCarGpsLServiceImpl - 当前车辆【12345670】未有任何行动轨迹
[INFO ] 2021-07-31 14:57:10.128 [hutool-cron-3] com.qzsoft.tah.service.impl.WsdCarGpsLServiceImpl - 当前车辆【12345678】未有任何行动轨迹
[INFO ] 2021-07-31 14:57:20.000 [hutool-cron-1] com.qzsoft.tah.task.TaskStartupRunner - ===============》》》开始GPS同步任务《《《=============
[INFO ] 2021-07-31 14:57:20.002 [hutool-cron-1] com.qzsoft.tah.task.TaskStartupRunner - ===============》》》共有2辆车需要同步《《《=============
[INFO ] 2021-07-31 14:57:20.065 [hutool-cron-1] com.qzsoft.tah.service.impl.WsdCarGpsLServiceImpl - 当前车辆【12345670】未有任何行动轨迹
[INFO ] 2021-07-31 14:57:20.128 [hutool-cron-1] com.qzsoft.tah.service.impl.WsdCarGpsLServiceImpl - 当前车辆【12345678】未有任何行动轨迹
[INFO ] 2021-07-31 14:57:30.000 [hutool-cron-3] com.qzsoft.tah.task.TaskStartupRunner - ===============》》》开始GPS同步任务《《《=============
[INFO ] 2021-07-31 14:57:30.002 [hutool-cron-3] com.qzsoft.tah.task.TaskStartupRunner - ===============》》》共有2辆车需要同步《《《=============
[INFO ] 2021-07-31 14:57:30.063 [hutool-cron-3] com.qzsoft.tah.service.impl.WsdCarGpsLServiceImpl - 当前车辆【12345670】未有任何行动轨迹
[INFO ] 2021-07-31 14:57:30.125 [hutool-cron-3] com.qzsoft.tah.service.impl.WsdCarGpsLServiceImpl - 当前车辆【12345678】未有任何行动轨迹
[INFO ] 2021-07-31 14:57:38.606 [http-nio-1940-exec-3] com.qzsoft.tah.service.impl.BJDapingServiceImpl - 读取北京食品大屏温湿度车辆数据
[INFO ] 2021-07-31 14:57:40.000 [hutool-cron-1] com.qzsoft.tah.task.TaskStartupRunner - ===============》》》开始GPS同步任务《《《=============
[INFO ] 2021-07-31 14:57:40.003 [hutool-cron-1] com.qzsoft.tah.task.TaskStartupRunner - ===============》》》共有2辆车需要同步《《《=============
[INFO ] 2021-07-31 14:57:40.065 [hutool-cron-1] com.qzsoft.tah.service.impl.WsdCarGpsLServiceImpl - 当前车辆【12345670】未有任何行动轨迹
[INFO ] 2021-07-31 14:57:40.125 [hutool-cron-1] com.qzsoft.tah.service.impl.WsdCarGpsLServiceImpl - 当前车辆【12345678】未有任何行动轨迹
[INFO ] 2021-07-31 14:57:50.000 [hutool-cron-3] com.qzsoft.tah.task.TaskStartupRunner - ===============》》》开始GPS同步任务《《《=============
[INFO ] 2021-07-31 14:57:50.004 [hutool-cron-3] com.qzsoft.tah.task.TaskStartupRunner - ===============》》》共有2辆车需要同步《《《=============
[INFO ] 2021-07-31 14:57:50.064 [hutool-cron-3] com.qzsoft.tah.service.impl.WsdCarGpsLServiceImpl - 当前车辆【12345670】未有任何行动轨迹
[INFO ] 2021-07-31 14:57:50.126 [hutool-cron-3] com.qzsoft.tah.service.impl.WsdCarGpsLServiceImpl - 当前车辆【12345678】未有任何行动轨迹
[INFO ] 2021-07-31 14:58:00.000 [hutool-cron-1] com.qzsoft.tah.task.TaskStartupRunner - ===============》》》开始执行报警任务《《《=============
[INFO ] 2021-07-31 14:58:00.000 [hutool-cron-4] com.qzsoft.tah.task.TaskStartupRunner - ===============》》》开始GPS同步任务《《《=============
[INFO ] 2021-07-31 14:58:00.000 [hutool-cron-0] com.qzsoft.tah.task.TaskStartupRunner - ===============》》》开始执行导出任务《《《=============
[INFO ] 2021-07-31 14:58:00.002 [hutool-cron-4] com.qzsoft.tah.task.TaskStartupRunner - ===============》》》共有2辆车需要同步《《《=============
[INFO ] 2021-07-31 14:58:00.063 [hutool-cron-4] com.qzsoft.tah.service.impl.WsdCarGpsLServiceImpl - 当前车辆【12345670】未有任何行动轨迹
[INFO ] 2021-07-31 14:58:00.126 [hutool-cron-4] com.qzsoft.tah.service.impl.WsdCarGpsLServiceImpl - 当前车辆【12345678】未有任何行动轨迹
[INFO ] 2021-07-31 14:58:06.188 [http-nio-1940-exec-8] com.qzsoft.tah.service.impl.BJDapingServiceImpl - 读取北京食品大屏温湿度车辆数据
[INFO ] 2021-07-31 14:58:30.359 [hutool-cron-0] com.qzsoft.tah.task.TaskStartupRunner - ===============》》》开始GPS同步任务《《《=============
[INFO ] 2021-07-31 14:58:48.222 [hutool-cron-0] com.qzsoft.tah.task.TaskStartupRunner - ===============》》》共有2辆车需要同步《《《=============
[INFO ] 2021-07-31 14:58:48.284 [hutool-cron-0] com.qzsoft.tah.service.impl.WsdCarGpsLServiceImpl - 当前车辆【12345670】未有任何行动轨迹
[INFO ] 2021-07-31 14:58:48.344 [hutool-cron-0] com.qzsoft.tah.service.impl.WsdCarGpsLServiceImpl - 当前车辆【12345678】未有任何行动轨迹
[INFO ] 2021-07-31 14:58:50.003 [hutool-cron-4] com.qzsoft.tah.task.TaskStartupRunner - ===============》》》开始GPS同步任务《《《=============
[INFO ] 2021-07-31 14:58:50.007 [hutool-cron-4] com.qzsoft.tah.task.TaskStartupRunner - ===============》》》共有2辆车需要同步《《《=============
[INFO ] 2021-07-31 14:58:50.067 [hutool-cron-4] com.qzsoft.tah.service.impl.WsdCarGpsLServiceImpl - 当前车辆【12345670】未有任何行动轨迹
[INFO ] 2021-07-31 14:58:50.127 [hutool-cron-4] com.qzsoft.tah.service.impl.WsdCarGpsLServiceImpl - 当前车辆【12345678】未有任何行动轨迹
[INFO ] 2021-07-31 14:59:00.000 [hutool-cron-0] com.qzsoft.tah.task.TaskStartupRunner - ===============》》》开始执行报警任务《《《=============
[INFO ] 2021-07-31 14:59:00.000 [hutool-cron-3] com.qzsoft.tah.task.TaskStartupRunner - ===============》》》开始执行导出任务《《《=============
[INFO ] 2021-07-31 14:59:00.000 [hutool-cron-1] com.qzsoft.tah.task.TaskStartupRunner - ===============》》》开始GPS同步任务《《《=============
[INFO ] 2021-07-31 14:59:00.003 [hutool-cron-1] com.qzsoft.tah.task.TaskStartupRunner - ===============》》》共有2辆车需要同步《《《=============
[INFO ] 2021-07-31 14:59:00.063 [hutool-cron-1] com.qzsoft.tah.service.impl.WsdCarGpsLServiceImpl - 当前车辆【12345670】未有任何行动轨迹
[INFO ] 2021-07-31 14:59:00.124 [hutool-cron-1] com.qzsoft.tah.service.impl.WsdCarGpsLServiceImpl - 当前车辆【12345678】未有任何行动轨迹
[INFO ] 2021-07-31 14:59:03.264 [http-nio-1940-exec-9] com.qzsoft.tah.service.impl.BJDapingServiceImpl - 读取北京食品大屏温湿度车辆数据
[INFO ] 2021-07-31 14:59:10.000 [hutool-cron-0] com.qzsoft.tah.task.TaskStartupRunner - ===============》》》开始GPS同步任务《《《=============
[INFO ] 2021-07-31 14:59:10.002 [hutool-cron-0] com.qzsoft.tah.task.TaskStartupRunner - ===============》》》共有2辆车需要同步《《《=============
[INFO ] 2021-07-31 14:59:10.064 [hutool-cron-0] com.qzsoft.tah.service.impl.WsdCarGpsLServiceImpl - 当前车辆【12345670】未有任何行动轨迹
[INFO ] 2021-07-31 14:59:10.123 [hutool-cron-0] com.qzsoft.tah.service.impl.WsdCarGpsLServiceImpl - 当前车辆【12345678】未有任何行动轨迹
[INFO ] 2021-07-31 14:59:20.011 [hutool-cron-1] com.qzsoft.tah.task.TaskStartupRunner - ===============》》》开始GPS同步任务《《《=============
[INFO ] 2021-07-31 14:59:20.014 [hutool-cron-1] com.qzsoft.tah.task.TaskStartupRunner - ===============》》》共有2辆车需要同步《《《=============
[INFO ] 2021-07-31 14:59:20.074 [hutool-cron-1] com.qzsoft.tah.service.impl.WsdCarGpsLServiceImpl - 当前车辆【12345670】未有任何行动轨迹
[INFO ] 2021-07-31 14:59:20.134 [hutool-cron-1] com.qzsoft.tah.service.impl.WsdCarGpsLServiceImpl - 当前车辆【12345678】未有任何行动轨迹
[INFO ] 2021-07-31 14:59:30.000 [hutool-cron-0] com.qzsoft.tah.task.TaskStartupRunner - ===============》》》开始GPS同步任务《《《=============
[INFO ] 2021-07-31 14:59:30.002 [hutool-cron-0] com.qzsoft.tah.task.TaskStartupRunner - ===============》》》共有2辆车需要同步《《《=============
[INFO ] 2021-07-31 14:59:30.063 [hutool-cron-0] com.qzsoft.tah.service.impl.WsdCarGpsLServiceImpl - 当前车辆【12345670】未有任何行动轨迹
[INFO ] 2021-07-31 14:59:30.122 [hutool-cron-0] com.qzsoft.tah.service.impl.WsdCarGpsLServiceImpl - 当前车辆【12345678】未有任何行动轨迹
[INFO ] 2021-07-31 14:59:34.048 [http-nio-1940-exec-10] com.qzsoft.tah.service.impl.BJDapingServiceImpl - 读取北京食品大屏温湿度车辆数据
[INFO ] 2021-07-31 15:00:00.000 [hutool-cron-1] com.qzsoft.tah.task.TaskStartupRunner - ===============》》》开始执行报警任务《《《=============
[INFO ] 2021-07-31 15:00:00.000 [hutool-cron-3] com.qzsoft.tah.task.TaskStartupRunner - ===============》》》开始GPS同步任务《《《=============
[INFO ] 2021-07-31 15:00:00.000 [hutool-cron-4] com.qzsoft.tah.task.TaskStartupRunner - ===============》》》开始执行导出任务《《《=============
[INFO ] 2021-07-31 15:00:00.003 [hutool-cron-3] com.qzsoft.tah.task.TaskStartupRunner - ===============》》》共有2辆车需要同步《《《=============
[INFO ] 2021-07-31 15:00:00.064 [hutool-cron-3] com.qzsoft.tah.service.impl.WsdCarGpsLServiceImpl - 当前车辆【12345670】未有任何行动轨迹
[INFO ] 2021-07-31 15:00:00.123 [hutool-cron-3] com.qzsoft.tah.service.impl.WsdCarGpsLServiceImpl - 当前车辆【12345678】未有任何行动轨迹
[INFO ] 2021-07-31 15:00:10.000 [hutool-cron-1] com.qzsoft.tah.task.TaskStartupRunner - ===============》》》开始GPS同步任务《《《=============
[INFO ] 2021-07-31 15:00:10.006 [hutool-cron-1] com.qzsoft.tah.task.TaskStartupRunner - ===============》》》共有2辆车需要同步《《《=============
[INFO ] 2021-07-31 15:00:10.074 [hutool-cron-1] com.qzsoft.tah.service.impl.WsdCarGpsLServiceImpl - 当前车辆【12345670】未有任何行动轨迹
[INFO ] 2021-07-31 15:00:10.139 [hutool-cron-1] com.qzsoft.tah.service.impl.WsdCarGpsLServiceImpl - 当前车辆【12345678】未有任何行动轨迹
[INFO ] 2021-07-31 15:00:20.011 [hutool-cron-3] com.qzsoft.tah.task.TaskStartupRunner - ===============》》》开始GPS同步任务《《《=============
[INFO ] 2021-07-31 15:00:20.014 [hutool-cron-3] com.qzsoft.tah.task.TaskStartupRunner - ===============》》》共有2辆车需要同步《《《=============
[INFO ] 2021-07-31 15:00:20.074 [hutool-cron-3] com.qzsoft.tah.service.impl.WsdCarGpsLServiceImpl - 当前车辆【12345670】未有任何行动轨迹
[INFO ] 2021-07-31 15:00:20.134 [hutool-cron-3] com.qzsoft.tah.service.impl.WsdCarGpsLServiceImpl - 当前车辆【12345678】未有任何行动轨迹
[INFO ] 2021-07-31 15:00:24.418 [http-nio-1940-exec-1] com.qzsoft.tah.service.impl.BJDapingServiceImpl - 读取北京食品大屏温湿度设备数据
[INFO ] 2021-07-31 15:00:24.431 [http-nio-1940-exec-1] com.qzsoft.tah.service.impl.BJDapingServiceImpl - 返回数据：{normalMapList=[{tempLow=10, belongType=温湿度, alarmYn=N, netSt=离线, temperature=20, humidity=25, humUp=40, id=111, tempUp=30, devName=温湿度计, humLow=20}, {tempLow=10, belongType=温湿度, alarmYn=N, netSt=离线, temperature=20, humidity=25, humUp=40, id=222, tempUp=30, devName=冰箱, humLow=20}, {tempLow=10, belongType=温湿度, alarmYn=N, netSt=离线, temperature=20, humidity=25, humUp=40, id=1778, tempUp=30, devName=温湿度计, humLow=20}, {tempLow=10, belongType=温湿度, alarmYn=N, netSt=离线, temperature=20, humidity=25, humUp=40, id=1779, tempUp=30, devName=温湿度计, humLow=20}, {tempLow=10, belongType=温湿度, alarmYn=N, netSt=离线, temperature=20, humidity=25, humUp=40, id=1780, tempUp=30, devName=温湿度计, humLow=20}, {tempLow=10, belongType=温湿度, alarmYn=N, netSt=离线, temperature=20, humidity=25, humUp=40, id=1781, tempUp=30, devName=温湿度计, humLow=20}, {tempLow=10, belongType=温湿度, alarmYn=N, netSt=离线, temperature=20, humidity=25, humUp=40, id=1782, tempUp=30, devName=温湿度计, humLow=20}, {tempLow=10, belongType=温湿度, alarmYn=N, netSt=离线, temperature=20, humidity=25, humUp=40, id=1783, tempUp=30, devName=温湿度计, humLow=20}, {tempLow=10, belongType=温湿度, alarmYn=N, netSt=离线, temperature=20, humidity=25, humUp=40, id=1784, tempUp=30, devName=温湿度计, humLow=20}, {tempLow=10, belongType=温湿度, alarmYn=N, netSt=离线, temperature=20, humidity=25, humUp=40, id=1785, tempUp=30, devName=温湿度计, humLow=20}, {tempLow=10, belongType=温湿度, alarmYn=N, netSt=离线, temperature=20, humidity=25, humUp=40, id=1786, tempUp=30, devName=温湿度计, humLow=20}, {tempLow=10, belongType=温湿度, alarmYn=N, netSt=离线, temperature=20, humidity=25, humUp=40, id=1787, tempUp=30, devName=温湿度计, humLow=20}, {tempLow=10, belongType=温湿度, alarmYn=N, netSt=离线, temperature=20, humidity=25, humUp=40, id=1788, tempUp=30, devName=温湿度计, humLow=20}, {tempLow=10, belongType=温湿度, alarmYn=N, netSt=离线, temperature=20, humidity=25, humUp=40, id=1789, tempUp=30, devName=温湿度计, humLow=20}, {tempLow=10, belongType=温湿度, alarmYn=N, netSt=离线, temperature=20, humidity=25, humUp=40, id=1790, tempUp=30, devName=温湿度计, humLow=20}, {tempLow=10, belongType=温湿度, alarmYn=N, netSt=离线, temperature=20, humidity=25, humUp=40, id=1791, tempUp=30, devName=温湿度计, humLow=20}, {tempLow=10, belongType=温湿度, alarmYn=N, netSt=离线, temperature=20, humidity=25, humUp=40, id=1792, tempUp=30, devName=温湿度计, humLow=20}, {tempLow=10, belongType=温湿度, alarmYn=N, netSt=离线, temperature=20, humidity=25, humUp=40, id=1793, tempUp=30, devName=温湿度计, humLow=20}, {tempLow=10, belongType=温湿度, alarmYn=N, netSt=离线, temperature=20, humidity=25, humUp=40, id=1794, tempUp=30, devName=温湿度计, humLow=20}, {tempLow=10, belongType=温湿度, alarmYn=N, netSt=离线, temperature=20, humidity=25, humUp=40, id=1795, tempUp=30, devName=温湿度计, humLow=20}, {tempLow=10, belongType=温湿度, alarmYn=N, netSt=离线, temperature=20, humidity=25, humUp=40, id=1796, tempUp=30, devName=温湿度计, humLow=20}, {tempLow=10, belongType=温湿度, alarmYn=N, netSt=离线, temperature=20, humidity=25, humUp=40, id=1797, tempUp=30, devName=温湿度计, humLow=20}, {tempLow=10, belongType=温湿度, alarmYn=N, netSt=离线, temperature=20, humidity=25, humUp=40, id=1798, tempUp=30, devName=温湿度计, humLow=20}, {tempLow=10, belongType=温湿度, alarmYn=N, netSt=离线, temperature=20, humidity=25, humUp=40, id=555599973111, tempUp=30, devName=温湿度计, humLow=20}], alarmMapList=[{tempLow=50, belongType=温湿度, alarmYn=Y, netSt=离线, temperature=20, humidity=25, humUp=40, id=1777, tempUp=30, devName=温湿度计, humLow=20}], normalNum=24, delayNum=0, alarmNum=1, delayMapList=[]}
[INFO ] 2021-07-31 15:00:30.001 [hutool-cron-1] com.qzsoft.tah.task.TaskStartupRunner - ===============》》》开始GPS同步任务《《《=============
[INFO ] 2021-07-31 15:00:30.005 [hutool-cron-1] com.qzsoft.tah.task.TaskStartupRunner - ===============》》》共有2辆车需要同步《《《=============
[INFO ] 2021-07-31 15:00:30.065 [hutool-cron-1] com.qzsoft.tah.service.impl.WsdCarGpsLServiceImpl - 当前车辆【12345670】未有任何行动轨迹
[INFO ] 2021-07-31 15:00:30.125 [hutool-cron-1] com.qzsoft.tah.service.impl.WsdCarGpsLServiceImpl - 当前车辆【12345678】未有任何行动轨迹
[INFO ] 2021-07-31 15:00:40.009 [hutool-cron-3] com.qzsoft.tah.task.TaskStartupRunner - ===============》》》开始GPS同步任务《《《=============
[INFO ] 2021-07-31 15:00:40.011 [hutool-cron-3] com.qzsoft.tah.task.TaskStartupRunner - ===============》》》共有2辆车需要同步《《《=============
[INFO ] 2021-07-31 15:00:40.073 [hutool-cron-3] com.qzsoft.tah.service.impl.WsdCarGpsLServiceImpl - 当前车辆【12345670】未有任何行动轨迹
[INFO ] 2021-07-31 15:00:40.134 [hutool-cron-3] com.qzsoft.tah.service.impl.WsdCarGpsLServiceImpl - 当前车辆【12345678】未有任何行动轨迹
[INFO ] 2021-07-31 15:00:50.001 [hutool-cron-1] com.qzsoft.tah.task.TaskStartupRunner - ===============》》》开始GPS同步任务《《《=============
[INFO ] 2021-07-31 15:00:50.004 [hutool-cron-1] com.qzsoft.tah.task.TaskStartupRunner - ===============》》》共有2辆车需要同步《《《=============
[INFO ] 2021-07-31 15:00:50.064 [hutool-cron-1] com.qzsoft.tah.service.impl.WsdCarGpsLServiceImpl - 当前车辆【12345670】未有任何行动轨迹
[INFO ] 2021-07-31 15:00:50.127 [hutool-cron-1] com.qzsoft.tah.service.impl.WsdCarGpsLServiceImpl - 当前车辆【12345678】未有任何行动轨迹
[INFO ] 2021-07-31 15:01:00.012 [hutool-cron-3] com.qzsoft.tah.task.TaskStartupRunner - ===============》》》开始执行报警任务《《《=============
[INFO ] 2021-07-31 15:01:00.014 [hutool-cron-5] com.qzsoft.tah.task.TaskStartupRunner - ===============》》》开始GPS同步任务《《《=============
[INFO ] 2021-07-31 15:01:00.015 [hutool-cron-6] com.qzsoft.tah.task.TaskStartupRunner - ===============》》》开始执行导出任务《《《=============
[INFO ] 2021-07-31 15:01:00.023 [hutool-cron-5] com.qzsoft.tah.task.TaskStartupRunner - ===============》》》共有2辆车需要同步《《《=============
[INFO ] 2021-07-31 15:01:00.084 [hutool-cron-5] com.qzsoft.tah.service.impl.WsdCarGpsLServiceImpl - 当前车辆【12345670】未有任何行动轨迹
[INFO ] 2021-07-31 15:01:00.143 [hutool-cron-5] com.qzsoft.tah.service.impl.WsdCarGpsLServiceImpl - 当前车辆【12345678】未有任何行动轨迹
[INFO ] 2021-07-31 15:01:10.000 [hutool-cron-6] com.qzsoft.tah.task.TaskStartupRunner - ===============》》》开始GPS同步任务《《《=============
[INFO ] 2021-07-31 15:01:10.002 [hutool-cron-6] com.qzsoft.tah.task.TaskStartupRunner - ===============》》》共有2辆车需要同步《《《=============
[INFO ] 2021-07-31 15:01:10.068 [hutool-cron-6] com.qzsoft.tah.service.impl.WsdCarGpsLServiceImpl - 当前车辆【12345670】未有任何行动轨迹
[INFO ] 2021-07-31 15:01:10.135 [hutool-cron-6] com.qzsoft.tah.service.impl.WsdCarGpsLServiceImpl - 当前车辆【12345678】未有任何行动轨迹
[INFO ] 2021-07-31 15:01:20.007 [hutool-cron-5] com.qzsoft.tah.task.TaskStartupRunner - ===============》》》开始GPS同步任务《《《=============
[INFO ] 2021-07-31 15:01:20.009 [hutool-cron-5] com.qzsoft.tah.task.TaskStartupRunner - ===============》》》共有2辆车需要同步《《《=============
[INFO ] 2021-07-31 15:01:20.075 [hutool-cron-5] com.qzsoft.tah.service.impl.WsdCarGpsLServiceImpl - 当前车辆【12345670】未有任何行动轨迹
[INFO ] 2021-07-31 15:01:20.135 [hutool-cron-5] com.qzsoft.tah.service.impl.WsdCarGpsLServiceImpl - 当前车辆【12345678】未有任何行动轨迹
[INFO ] 2021-07-31 15:01:30.013 [hutool-cron-6] com.qzsoft.tah.task.TaskStartupRunner - ===============》》》开始GPS同步任务《《《=============
[INFO ] 2021-07-31 15:01:30.018 [hutool-cron-6] com.qzsoft.tah.task.TaskStartupRunner - ===============》》》共有2辆车需要同步《《《=============
[INFO ] 2021-07-31 15:01:30.083 [hutool-cron-6] com.qzsoft.tah.service.impl.WsdCarGpsLServiceImpl - 当前车辆【12345670】未有任何行动轨迹
[INFO ] 2021-07-31 15:01:30.145 [hutool-cron-6] com.qzsoft.tah.service.impl.WsdCarGpsLServiceImpl - 当前车辆【12345678】未有任何行动轨迹
[INFO ] 2021-07-31 15:01:40.000 [hutool-cron-5] com.qzsoft.tah.task.TaskStartupRunner - ===============》》》开始GPS同步任务《《《=============
[INFO ] 2021-07-31 15:01:40.002 [hutool-cron-5] com.qzsoft.tah.task.TaskStartupRunner - ===============》》》共有2辆车需要同步《《《=============
[INFO ] 2021-07-31 15:01:40.063 [hutool-cron-5] com.qzsoft.tah.service.impl.WsdCarGpsLServiceImpl - 当前车辆【12345670】未有任何行动轨迹
[INFO ] 2021-07-31 15:01:40.123 [hutool-cron-5] com.qzsoft.tah.service.impl.WsdCarGpsLServiceImpl - 当前车辆【12345678】未有任何行动轨迹
[INFO ] 2021-07-31 15:01:50.001 [hutool-cron-6] com.qzsoft.tah.task.TaskStartupRunner - ===============》》》开始GPS同步任务《《《=============
[INFO ] 2021-07-31 15:01:50.002 [hutool-cron-6] com.qzsoft.tah.task.TaskStartupRunner - ===============》》》共有2辆车需要同步《《《=============
[INFO ] 2021-07-31 15:01:50.064 [hutool-cron-6] com.qzsoft.tah.service.impl.WsdCarGpsLServiceImpl - 当前车辆【12345670】未有任何行动轨迹
[INFO ] 2021-07-31 15:01:50.134 [hutool-cron-6] com.qzsoft.tah.service.impl.WsdCarGpsLServiceImpl - 当前车辆【12345678】未有任何行动轨迹
[INFO ] 2021-07-31 15:02:00.004 [hutool-cron-3] com.qzsoft.tah.task.TaskStartupRunner - ===============》》》开始GPS同步任务《《《=============
[INFO ] 2021-07-31 15:02:00.004 [hutool-cron-5] com.qzsoft.tah.task.TaskStartupRunner - ===============》》》开始执行报警任务《《《=============
[INFO ] 2021-07-31 15:02:00.005 [hutool-cron-1] com.qzsoft.tah.task.TaskStartupRunner - ===============》》》开始执行导出任务《《《=============
[INFO ] 2021-07-31 15:02:00.005 [hutool-cron-3] com.qzsoft.tah.task.TaskStartupRunner - ===============》》》共有2辆车需要同步《《《=============
[INFO ] 2021-07-31 15:02:00.074 [hutool-cron-3] com.qzsoft.tah.service.impl.WsdCarGpsLServiceImpl - 当前车辆【12345670】未有任何行动轨迹
[INFO ] 2021-07-31 15:02:00.134 [hutool-cron-3] com.qzsoft.tah.service.impl.WsdCarGpsLServiceImpl - 当前车辆【12345678】未有任何行动轨迹
[INFO ] 2021-07-31 15:02:08.272 [SpringContextShutdownHook] org.quartz.core.QuartzScheduler - Scheduler quartzScheduler_$_NON_CLUSTERED paused.
[INFO ] 2021-07-31 15:02:08.273 [SpringContextShutdownHook] org.springframework.scheduling.quartz.SchedulerFactoryBean - Shutting down Quartz Scheduler
[INFO ] 2021-07-31 15:02:08.273 [SpringContextShutdownHook] org.quartz.core.QuartzScheduler - Scheduler quartzScheduler_$_NON_CLUSTERED shutting down.
[INFO ] 2021-07-31 15:02:08.274 [SpringContextShutdownHook] org.quartz.core.QuartzScheduler - Scheduler quartzScheduler_$_NON_CLUSTERED paused.
[INFO ] 2021-07-31 15:02:08.274 [SpringContextShutdownHook] org.quartz.core.QuartzScheduler - Scheduler quartzScheduler_$_NON_CLUSTERED shutdown complete.
[INFO ] 2021-07-31 15:02:08.276 [SpringContextShutdownHook] org.springframework.scheduling.concurrent.ThreadPoolTaskExecutor - Shutting down ExecutorService 'taskExecutor'
[INFO ] 2021-07-31 15:02:08.278 [SpringContextShutdownHook] org.springframework.orm.jpa.LocalContainerEntityManagerFactoryBean - Closing JPA EntityManagerFactory for persistence unit 'default'
[INFO ] 2021-07-31 15:02:08.280 [SpringContextShutdownHook] com.baomidou.dynamic.datasource.DynamicRoutingDataSource - dynamic-datasource start closing ....
[INFO ] 2021-07-31 15:02:08.284 [SpringContextShutdownHook] com.alibaba.druid.pool.DruidDataSource - {dataSource-2} closed
[INFO ] 2021-07-31 15:02:08.286 [SpringContextShutdownHook] com.alibaba.druid.pool.DruidDataSource - {dataSource-1} closed
[INFO ] 2021-07-31 15:02:08.286 [SpringContextShutdownHook] com.baomidou.dynamic.datasource.DynamicRoutingDataSource - dynamic-datasource all closed success,bye
