[INFO ] 2021-07-27 15:16:45.111 [main] org.springframework.boot.test.context.SpringBootTestContextBootstrapper - Neither @ContextConfiguration nor @ContextHierarchy found for test class [com.qzsoft.tah.TestJunit], using SpringBootContextLoader
[INFO ] 2021-07-27 15:16:45.120 [main] org.springframework.test.context.support.AbstractContextLoader - Could not detect default resource locations for test class [com.qzsoft.tah.TestJunit]: no resource found for suffixes {-context.xml, Context.groovy}.
[INFO ] 2021-07-27 15:16:45.387 [main] org.springframework.boot.test.context.SpringBootTestContextBootstrapper - Loaded default TestExecutionListener class names from location [META-INF/spring.factories]: [org.springframework.boot.test.mock.mockito.MockitoTestExecutionListener, org.springframework.boot.test.mock.mockito.ResetMocksTestExecutionListener, org.springframework.boot.test.autoconfigure.restdocs.RestDocsTestExecutionListener, org.springframework.boot.test.autoconfigure.web.client.MockRestServiceServerResetTestExecutionListener, org.springframework.boot.test.autoconfigure.web.servlet.MockMvcPrintOnlyOnFailureTestExecutionListener, org.springframework.boot.test.autoconfigure.web.servlet.WebDriverTestExecutionListener, org.springframework.test.context.web.ServletTestExecutionListener, org.springframework.test.context.support.DirtiesContextBeforeModesTestExecutionListener, org.springframework.test.context.support.DependencyInjectionTestExecutionListener, org.springframework.test.context.support.DirtiesContextTestExecutionListener, org.springframework.test.context.transaction.TransactionalTestExecutionListener, org.springframework.test.context.jdbc.SqlScriptsTestExecutionListener, org.springframework.test.context.event.EventPublishingTestExecutionListener]
[INFO ] 2021-07-27 15:16:45.411 [main] org.springframework.boot.test.context.SpringBootTestContextBootstrapper - Using TestExecutionListeners: [org.springframework.test.context.web.ServletTestExecutionListener@4b2a01d4, org.springframework.test.context.support.DirtiesContextBeforeModesTestExecutionListener@8692d67, org.springframework.boot.test.mock.mockito.MockitoTestExecutionListener@78f5c518, org.springframework.boot.test.autoconfigure.SpringBootDependencyInjectionTestExecutionListener@2f48b3d2, org.springframework.test.context.support.DirtiesContextTestExecutionListener@34f7234e, org.springframework.test.context.transaction.TransactionalTestExecutionListener@753432a2, org.springframework.test.context.jdbc.SqlScriptsTestExecutionListener@23bff419, org.springframework.test.context.event.EventPublishingTestExecutionListener@4983159f, org.springframework.boot.test.mock.mockito.ResetMocksTestExecutionListener@44e3a2b2, org.springframework.boot.test.autoconfigure.restdocs.RestDocsTestExecutionListener@101639ae, org.springframework.boot.test.autoconfigure.web.client.MockRestServiceServerResetTestExecutionListener@4c550889, org.springframework.boot.test.autoconfigure.web.servlet.MockMvcPrintOnlyOnFailureTestExecutionListener@1d2bd371, org.springframework.boot.test.autoconfigure.web.servlet.WebDriverTestExecutionListener@44040454]
[INFO ] 2021-07-27 15:16:46.216 [main] com.qzsoft.tah.TestJunit - Starting TestJunit on DESKTOP-2S2GF81 with PID 16072 (started by aq in D:\wsd\tah-collection\tah-wsd-platform)
[INFO ] 2021-07-27 15:16:46.216 [main] com.qzsoft.tah.TestJunit - The following profiles are active: dev
[INFO ] 2021-07-27 15:16:50.140 [main] org.springframework.data.repository.config.RepositoryConfigurationDelegate - Multiple Spring Data modules found, entering strict repository configuration mode!
[INFO ] 2021-07-27 15:16:50.143 [main] org.springframework.data.repository.config.RepositoryConfigurationDelegate - Bootstrapping Spring Data JPA repositories in DEFAULT mode.
[INFO ] 2021-07-27 15:16:50.283 [main] org.springframework.data.repository.config.RepositoryConfigurationDelegate - Finished Spring Data repository scanning in 102ms. Found 0 JPA repository interfaces.
[INFO ] 2021-07-27 15:16:50.383 [main] org.springframework.data.repository.config.RepositoryConfigurationDelegate - Multiple Spring Data modules found, entering strict repository configuration mode!
[INFO ] 2021-07-27 15:16:50.424 [main] org.springframework.data.repository.config.RepositoryConfigurationDelegate - Bootstrapping Spring Data Redis repositories in DEFAULT mode.
[INFO ] 2021-07-27 15:16:50.461 [main] org.springframework.data.repository.config.RepositoryConfigurationDelegate - Finished Spring Data repository scanning in 9ms. Found 0 Redis repository interfaces.
[INFO ] 2021-07-27 15:16:52.096 [main] org.springframework.context.support.PostProcessorRegistrationDelegate$BeanPostProcessorChecker - Bean 'org.springframework.transaction.annotation.ProxyTransactionManagementConfiguration' of type [org.springframework.transaction.annotation.ProxyTransactionManagementConfiguration] is not eligible for getting processed by all BeanPostProcessors (for example: not eligible for auto-proxying)
[INFO ] 2021-07-27 15:16:52.389 [main] org.springframework.context.support.PostProcessorRegistrationDelegate$BeanPostProcessorChecker - Bean 'redisConfig' of type [com.qzsoft.tah.config.RedisConfig$$EnhancerBySpringCGLIB$$1dd61a14] is not eligible for getting processed by all BeanPostProcessors (for example: not eligible for auto-proxying)
[INFO ] 2021-07-27 15:16:53.854 [main] org.springframework.boot.web.embedded.tomcat.TomcatWebServer - Tomcat initialized with port(s): 0 (http)
[INFO ] 2021-07-27 15:16:53.869 [main] org.apache.coyote.http11.Http11NioProtocol - Initializing ProtocolHandler ["http-nio-auto-1"]
[INFO ] 2021-07-27 15:16:53.870 [main] org.apache.catalina.core.StandardService - Starting service [Tomcat]
[INFO ] 2021-07-27 15:16:53.870 [main] org.apache.catalina.core.StandardEngine - Starting Servlet engine: [Apache Tomcat/9.0.29]
[INFO ] 2021-07-27 15:16:54.100 [main] org.apache.catalina.core.ContainerBase.[Tomcat].[localhost].[/] - Initializing Spring embedded WebApplicationContext
[INFO ] 2021-07-27 15:16:54.102 [main] org.springframework.web.context.ContextLoader - Root WebApplicationContext: initialization completed in 7846 ms
[INFO ] 2021-07-27 15:16:55.096 [main] com.alibaba.druid.pool.DruidDataSource - {dataSource-1} inited
[INFO ] 2021-07-27 15:16:55.346 [main] org.hibernate.jpa.internal.util.LogHelper - HHH000204: Processing PersistenceUnitInfo [name: default]
[INFO ] 2021-07-27 15:16:55.503 [main] org.hibernate.Version - HHH000412: Hibernate Core {5.4.9.Final}
[INFO ] 2021-07-27 15:16:55.831 [main] org.hibernate.annotations.common.Version - HCANN000001: Hibernate Commons Annotations {5.1.0.Final}
[INFO ] 2021-07-27 15:16:56.114 [main] org.hibernate.dialect.Dialect - HHH000400: Using dialect: org.hibernate.dialect.MySQL57Dialect
[INFO ] 2021-07-27 15:16:56.643 [main] org.hibernate.engine.transaction.jta.platform.internal.JtaPlatformInitiator - HHH000490: Using JtaPlatform implementation: [org.hibernate.engine.transaction.jta.platform.internal.NoJtaPlatform]
[INFO ] 2021-07-27 15:16:56.656 [main] org.springframework.orm.jpa.LocalContainerEntityManagerFactoryBean - Initialized JPA EntityManagerFactory for persistence unit 'default'
[INFO ] 2021-07-27 15:16:58.295 [main] org.springframework.scheduling.concurrent.ThreadPoolTaskExecutor - Initializing ExecutorService 'applicationTaskExecutor'
[INFO ] 2021-07-27 15:16:59.951 [main] org.quartz.impl.StdSchedulerFactory - Using default implementation for ThreadExecutor
[INFO ] 2021-07-27 15:16:59.995 [main] org.quartz.core.SchedulerSignalerImpl - Initialized Scheduler Signaller of type: class org.quartz.core.SchedulerSignalerImpl
[INFO ] 2021-07-27 15:16:59.997 [main] org.quartz.core.QuartzScheduler - Quartz Scheduler v.2.2.1 created.
[INFO ] 2021-07-27 15:16:59.999 [main] org.quartz.simpl.RAMJobStore - RAMJobStore initialized.
[INFO ] 2021-07-27 15:17:00.000 [main] org.quartz.core.QuartzScheduler - Scheduler meta-data: Quartz Scheduler (v2.2.1) 'quartzScheduler' with instanceId 'NON_CLUSTERED'
  Scheduler class: 'org.quartz.core.QuartzScheduler' - running locally.
  NOT STARTED.
  Currently in standby mode.
  Number of jobs executed: 0
  Using thread pool 'org.quartz.simpl.SimpleThreadPool' - with 10 threads.
  Using job-store 'org.quartz.simpl.RAMJobStore' - which does not support persistence. and is not clustered.

[INFO ] 2021-07-27 15:17:00.001 [main] org.quartz.impl.StdSchedulerFactory - Quartz scheduler 'quartzScheduler' initialized from an externally provided properties instance.
[INFO ] 2021-07-27 15:17:00.001 [main] org.quartz.impl.StdSchedulerFactory - Quartz scheduler version: 2.2.1
[INFO ] 2021-07-27 15:17:00.001 [main] org.quartz.core.QuartzScheduler - JobFactory set to: org.springframework.scheduling.quartz.SpringBeanJobFactory@5b2fc2c0
[INFO ] 2021-07-27 15:17:00.110 [main] org.apache.catalina.core.ContainerBase.[Tomcat].[localhost].[/] - Initializing Spring TestDispatcherServlet ''
[INFO ] 2021-07-27 15:17:00.110 [main] org.springframework.test.web.servlet.TestDispatcherServlet - Initializing Servlet ''
[INFO ] 2021-07-27 15:17:00.165 [main] org.springframework.test.web.servlet.TestDispatcherServlet - Completed initialization in 49 ms
[INFO ] 2021-07-27 15:17:01.422 [main] org.springframework.scheduling.quartz.SchedulerFactoryBean - Starting Quartz Scheduler now
[INFO ] 2021-07-27 15:17:01.423 [main] org.quartz.core.QuartzScheduler - Scheduler quartzScheduler_$_NON_CLUSTERED started.
[INFO ] 2021-07-27 15:17:01.430 [main] org.apache.coyote.http11.Http11NioProtocol - Starting ProtocolHandler ["http-nio-auto-1"]
[INFO ] 2021-07-27 15:17:01.456 [main] org.springframework.boot.web.embedded.tomcat.TomcatWebServer - Tomcat started on port(s): 54391 (http) with context path ''
[INFO ] 2021-07-27 15:17:01.459 [main] com.qzsoft.tah.TestJunit - Started TestJunit in 15.979 seconds (JVM running for 17.583)
[INFO ] 2021-07-27 15:17:01.677 [main] io.lettuce.core.EpollProvider - Starting without optional epoll library
[INFO ] 2021-07-27 15:17:01.680 [main] io.lettuce.core.KqueueProvider - Starting without optional kqueue library
[INFO ] 2021-07-27 15:17:03.324 [SpringContextShutdownHook] org.quartz.core.QuartzScheduler - Scheduler quartzScheduler_$_NON_CLUSTERED paused.
[INFO ] 2021-07-27 15:17:03.324 [SpringContextShutdownHook] org.springframework.scheduling.quartz.SchedulerFactoryBean - Shutting down Quartz Scheduler
[INFO ] 2021-07-27 15:17:03.325 [SpringContextShutdownHook] org.quartz.core.QuartzScheduler - Scheduler quartzScheduler_$_NON_CLUSTERED shutting down.
[INFO ] 2021-07-27 15:17:03.325 [SpringContextShutdownHook] org.quartz.core.QuartzScheduler - Scheduler quartzScheduler_$_NON_CLUSTERED paused.
[INFO ] 2021-07-27 15:17:03.325 [SpringContextShutdownHook] org.quartz.core.QuartzScheduler - Scheduler quartzScheduler_$_NON_CLUSTERED shutdown complete.
[INFO ] 2021-07-27 15:17:03.327 [SpringContextShutdownHook] org.springframework.scheduling.concurrent.ThreadPoolTaskExecutor - Shutting down ExecutorService 'applicationTaskExecutor'
[INFO ] 2021-07-27 15:17:03.328 [SpringContextShutdownHook] org.springframework.orm.jpa.LocalContainerEntityManagerFactoryBean - Closing JPA EntityManagerFactory for persistence unit 'default'
[INFO ] 2021-07-27 15:17:03.337 [SpringContextShutdownHook] com.alibaba.druid.pool.DruidDataSource - {dataSource-1} closed
[INFO ] 2021-07-27 15:20:56.411 [main] org.springframework.boot.test.context.SpringBootTestContextBootstrapper - Neither @ContextConfiguration nor @ContextHierarchy found for test class [com.qzsoft.tah.TestJunit], using SpringBootContextLoader
[INFO ] 2021-07-27 15:20:56.420 [main] org.springframework.test.context.support.AbstractContextLoader - Could not detect default resource locations for test class [com.qzsoft.tah.TestJunit]: no resource found for suffixes {-context.xml, Context.groovy}.
[INFO ] 2021-07-27 15:20:56.656 [main] org.springframework.boot.test.context.SpringBootTestContextBootstrapper - Loaded default TestExecutionListener class names from location [META-INF/spring.factories]: [org.springframework.boot.test.mock.mockito.MockitoTestExecutionListener, org.springframework.boot.test.mock.mockito.ResetMocksTestExecutionListener, org.springframework.boot.test.autoconfigure.restdocs.RestDocsTestExecutionListener, org.springframework.boot.test.autoconfigure.web.client.MockRestServiceServerResetTestExecutionListener, org.springframework.boot.test.autoconfigure.web.servlet.MockMvcPrintOnlyOnFailureTestExecutionListener, org.springframework.boot.test.autoconfigure.web.servlet.WebDriverTestExecutionListener, org.springframework.test.context.web.ServletTestExecutionListener, org.springframework.test.context.support.DirtiesContextBeforeModesTestExecutionListener, org.springframework.test.context.support.DependencyInjectionTestExecutionListener, org.springframework.test.context.support.DirtiesContextTestExecutionListener, org.springframework.test.context.transaction.TransactionalTestExecutionListener, org.springframework.test.context.jdbc.SqlScriptsTestExecutionListener, org.springframework.test.context.event.EventPublishingTestExecutionListener]
[INFO ] 2021-07-27 15:20:56.677 [main] org.springframework.boot.test.context.SpringBootTestContextBootstrapper - Using TestExecutionListeners: [org.springframework.test.context.web.ServletTestExecutionListener@4b2a01d4, org.springframework.test.context.support.DirtiesContextBeforeModesTestExecutionListener@8692d67, org.springframework.boot.test.mock.mockito.MockitoTestExecutionListener@78f5c518, org.springframework.boot.test.autoconfigure.SpringBootDependencyInjectionTestExecutionListener@2f48b3d2, org.springframework.test.context.support.DirtiesContextTestExecutionListener@34f7234e, org.springframework.test.context.transaction.TransactionalTestExecutionListener@753432a2, org.springframework.test.context.jdbc.SqlScriptsTestExecutionListener@23bff419, org.springframework.test.context.event.EventPublishingTestExecutionListener@4983159f, org.springframework.boot.test.mock.mockito.ResetMocksTestExecutionListener@44e3a2b2, org.springframework.boot.test.autoconfigure.restdocs.RestDocsTestExecutionListener@101639ae, org.springframework.boot.test.autoconfigure.web.client.MockRestServiceServerResetTestExecutionListener@4c550889, org.springframework.boot.test.autoconfigure.web.servlet.MockMvcPrintOnlyOnFailureTestExecutionListener@1d2bd371, org.springframework.boot.test.autoconfigure.web.servlet.WebDriverTestExecutionListener@44040454]
[INFO ] 2021-07-27 15:20:57.455 [main] com.qzsoft.tah.TestJunit - Starting TestJunit on DESKTOP-2S2GF81 with PID 5484 (started by aq in D:\wsd\tah-collection\tah-wsd-platform)
[INFO ] 2021-07-27 15:20:57.456 [main] com.qzsoft.tah.TestJunit - The following profiles are active: dev
[INFO ] 2021-07-27 15:20:58.340 [main] org.springframework.data.repository.config.RepositoryConfigurationDelegate - Multiple Spring Data modules found, entering strict repository configuration mode!
[INFO ] 2021-07-27 15:20:58.343 [main] org.springframework.data.repository.config.RepositoryConfigurationDelegate - Bootstrapping Spring Data JPA repositories in DEFAULT mode.
[INFO ] 2021-07-27 15:20:58.378 [main] org.springframework.data.repository.config.RepositoryConfigurationDelegate - Finished Spring Data repository scanning in 24ms. Found 0 JPA repository interfaces.
[INFO ] 2021-07-27 15:20:58.394 [main] org.springframework.data.repository.config.RepositoryConfigurationDelegate - Multiple Spring Data modules found, entering strict repository configuration mode!
[INFO ] 2021-07-27 15:20:58.395 [main] org.springframework.data.repository.config.RepositoryConfigurationDelegate - Bootstrapping Spring Data Redis repositories in DEFAULT mode.
[INFO ] 2021-07-27 15:20:58.413 [main] org.springframework.data.repository.config.RepositoryConfigurationDelegate - Finished Spring Data repository scanning in 7ms. Found 0 Redis repository interfaces.
[INFO ] 2021-07-27 15:20:58.929 [main] org.springframework.context.support.PostProcessorRegistrationDelegate$BeanPostProcessorChecker - Bean 'org.springframework.transaction.annotation.ProxyTransactionManagementConfiguration' of type [org.springframework.transaction.annotation.ProxyTransactionManagementConfiguration] is not eligible for getting processed by all BeanPostProcessors (for example: not eligible for auto-proxying)
[INFO ] 2021-07-27 15:20:59.115 [main] org.springframework.context.support.PostProcessorRegistrationDelegate$BeanPostProcessorChecker - Bean 'redisConfig' of type [com.qzsoft.tah.config.RedisConfig$$EnhancerBySpringCGLIB$$7e14287a] is not eligible for getting processed by all BeanPostProcessors (for example: not eligible for auto-proxying)
[INFO ] 2021-07-27 15:21:00.289 [main] org.springframework.boot.web.embedded.tomcat.TomcatWebServer - Tomcat initialized with port(s): 0 (http)
[INFO ] 2021-07-27 15:21:00.302 [main] org.apache.coyote.http11.Http11NioProtocol - Initializing ProtocolHandler ["http-nio-auto-1"]
[INFO ] 2021-07-27 15:21:00.302 [main] org.apache.catalina.core.StandardService - Starting service [Tomcat]
[INFO ] 2021-07-27 15:21:00.302 [main] org.apache.catalina.core.StandardEngine - Starting Servlet engine: [Apache Tomcat/9.0.29]
[INFO ] 2021-07-27 15:21:00.466 [main] org.apache.catalina.core.ContainerBase.[Tomcat].[localhost].[/] - Initializing Spring embedded WebApplicationContext
[INFO ] 2021-07-27 15:21:00.466 [main] org.springframework.web.context.ContextLoader - Root WebApplicationContext: initialization completed in 2991 ms
[INFO ] 2021-07-27 15:21:01.159 [main] com.alibaba.druid.pool.DruidDataSource - {dataSource-1} inited
[INFO ] 2021-07-27 15:21:01.358 [main] org.hibernate.jpa.internal.util.LogHelper - HHH000204: Processing PersistenceUnitInfo [name: default]
[INFO ] 2021-07-27 15:21:01.447 [main] org.hibernate.Version - HHH000412: Hibernate Core {5.4.9.Final}
[INFO ] 2021-07-27 15:21:01.602 [main] org.hibernate.annotations.common.Version - HCANN000001: Hibernate Commons Annotations {5.1.0.Final}
[INFO ] 2021-07-27 15:21:01.759 [main] org.hibernate.dialect.Dialect - HHH000400: Using dialect: org.hibernate.dialect.MySQL57Dialect
[INFO ] 2021-07-27 15:21:02.010 [main] org.hibernate.engine.transaction.jta.platform.internal.JtaPlatformInitiator - HHH000490: Using JtaPlatform implementation: [org.hibernate.engine.transaction.jta.platform.internal.NoJtaPlatform]
[INFO ] 2021-07-27 15:21:02.021 [main] org.springframework.orm.jpa.LocalContainerEntityManagerFactoryBean - Initialized JPA EntityManagerFactory for persistence unit 'default'
[INFO ] 2021-07-27 15:21:03.125 [main] org.springframework.scheduling.concurrent.ThreadPoolTaskExecutor - Initializing ExecutorService 'applicationTaskExecutor'
[INFO ] 2021-07-27 15:21:03.678 [main] org.quartz.impl.StdSchedulerFactory - Using default implementation for ThreadExecutor
[INFO ] 2021-07-27 15:21:03.696 [main] org.quartz.core.SchedulerSignalerImpl - Initialized Scheduler Signaller of type: class org.quartz.core.SchedulerSignalerImpl
[INFO ] 2021-07-27 15:21:03.697 [main] org.quartz.core.QuartzScheduler - Quartz Scheduler v.2.2.1 created.
[INFO ] 2021-07-27 15:21:03.698 [main] org.quartz.simpl.RAMJobStore - RAMJobStore initialized.
[INFO ] 2021-07-27 15:21:03.699 [main] org.quartz.core.QuartzScheduler - Scheduler meta-data: Quartz Scheduler (v2.2.1) 'quartzScheduler' with instanceId 'NON_CLUSTERED'
  Scheduler class: 'org.quartz.core.QuartzScheduler' - running locally.
  NOT STARTED.
  Currently in standby mode.
  Number of jobs executed: 0
  Using thread pool 'org.quartz.simpl.SimpleThreadPool' - with 10 threads.
  Using job-store 'org.quartz.simpl.RAMJobStore' - which does not support persistence. and is not clustered.

[INFO ] 2021-07-27 15:21:03.699 [main] org.quartz.impl.StdSchedulerFactory - Quartz scheduler 'quartzScheduler' initialized from an externally provided properties instance.
[INFO ] 2021-07-27 15:21:03.699 [main] org.quartz.impl.StdSchedulerFactory - Quartz scheduler version: 2.2.1
[INFO ] 2021-07-27 15:21:03.699 [main] org.quartz.core.QuartzScheduler - JobFactory set to: org.springframework.scheduling.quartz.SpringBeanJobFactory@e5f05f8
[INFO ] 2021-07-27 15:21:03.761 [main] org.apache.catalina.core.ContainerBase.[Tomcat].[localhost].[/] - Initializing Spring TestDispatcherServlet ''
[INFO ] 2021-07-27 15:21:03.761 [main] org.springframework.test.web.servlet.TestDispatcherServlet - Initializing Servlet ''
[INFO ] 2021-07-27 15:21:03.779 [main] org.springframework.test.web.servlet.TestDispatcherServlet - Completed initialization in 18 ms
[INFO ] 2021-07-27 15:21:04.838 [main] org.springframework.scheduling.quartz.SchedulerFactoryBean - Starting Quartz Scheduler now
[INFO ] 2021-07-27 15:21:04.838 [main] org.quartz.core.QuartzScheduler - Scheduler quartzScheduler_$_NON_CLUSTERED started.
[INFO ] 2021-07-27 15:21:04.845 [main] org.apache.coyote.http11.Http11NioProtocol - Starting ProtocolHandler ["http-nio-auto-1"]
[INFO ] 2021-07-27 15:21:04.877 [main] org.springframework.boot.web.embedded.tomcat.TomcatWebServer - Tomcat started on port(s): 54659 (http) with context path ''
[INFO ] 2021-07-27 15:21:04.880 [main] com.qzsoft.tah.TestJunit - Started TestJunit in 8.139 seconds (JVM running for 9.739)
[INFO ] 2021-07-27 15:21:05.118 [main] io.lettuce.core.EpollProvider - Starting without optional epoll library
[INFO ] 2021-07-27 15:21:05.121 [main] io.lettuce.core.KqueueProvider - Starting without optional kqueue library
[INFO ] 2021-07-27 15:21:06.753 [SpringContextShutdownHook] org.quartz.core.QuartzScheduler - Scheduler quartzScheduler_$_NON_CLUSTERED paused.
[INFO ] 2021-07-27 15:21:06.753 [SpringContextShutdownHook] org.springframework.scheduling.quartz.SchedulerFactoryBean - Shutting down Quartz Scheduler
[INFO ] 2021-07-27 15:21:06.754 [SpringContextShutdownHook] org.quartz.core.QuartzScheduler - Scheduler quartzScheduler_$_NON_CLUSTERED shutting down.
[INFO ] 2021-07-27 15:21:06.754 [SpringContextShutdownHook] org.quartz.core.QuartzScheduler - Scheduler quartzScheduler_$_NON_CLUSTERED paused.
[INFO ] 2021-07-27 15:21:06.754 [SpringContextShutdownHook] org.quartz.core.QuartzScheduler - Scheduler quartzScheduler_$_NON_CLUSTERED shutdown complete.
[INFO ] 2021-07-27 15:21:06.756 [SpringContextShutdownHook] org.springframework.scheduling.concurrent.ThreadPoolTaskExecutor - Shutting down ExecutorService 'applicationTaskExecutor'
[INFO ] 2021-07-27 15:21:06.757 [SpringContextShutdownHook] org.springframework.orm.jpa.LocalContainerEntityManagerFactoryBean - Closing JPA EntityManagerFactory for persistence unit 'default'
[INFO ] 2021-07-27 15:21:06.766 [SpringContextShutdownHook] com.alibaba.druid.pool.DruidDataSource - {dataSource-1} closed
[INFO ] 2021-07-27 15:22:14.232 [main] org.springframework.boot.test.context.SpringBootTestContextBootstrapper - Neither @ContextConfiguration nor @ContextHierarchy found for test class [com.qzsoft.tah.TestJunit], using SpringBootContextLoader
[INFO ] 2021-07-27 15:22:14.240 [main] org.springframework.test.context.support.AbstractContextLoader - Could not detect default resource locations for test class [com.qzsoft.tah.TestJunit]: no resource found for suffixes {-context.xml, Context.groovy}.
[INFO ] 2021-07-27 15:22:14.460 [main] org.springframework.boot.test.context.SpringBootTestContextBootstrapper - Loaded default TestExecutionListener class names from location [META-INF/spring.factories]: [org.springframework.boot.test.mock.mockito.MockitoTestExecutionListener, org.springframework.boot.test.mock.mockito.ResetMocksTestExecutionListener, org.springframework.boot.test.autoconfigure.restdocs.RestDocsTestExecutionListener, org.springframework.boot.test.autoconfigure.web.client.MockRestServiceServerResetTestExecutionListener, org.springframework.boot.test.autoconfigure.web.servlet.MockMvcPrintOnlyOnFailureTestExecutionListener, org.springframework.boot.test.autoconfigure.web.servlet.WebDriverTestExecutionListener, org.springframework.test.context.web.ServletTestExecutionListener, org.springframework.test.context.support.DirtiesContextBeforeModesTestExecutionListener, org.springframework.test.context.support.DependencyInjectionTestExecutionListener, org.springframework.test.context.support.DirtiesContextTestExecutionListener, org.springframework.test.context.transaction.TransactionalTestExecutionListener, org.springframework.test.context.jdbc.SqlScriptsTestExecutionListener, org.springframework.test.context.event.EventPublishingTestExecutionListener]
[INFO ] 2021-07-27 15:22:14.480 [main] org.springframework.boot.test.context.SpringBootTestContextBootstrapper - Using TestExecutionListeners: [org.springframework.test.context.web.ServletTestExecutionListener@4b2a01d4, org.springframework.test.context.support.DirtiesContextBeforeModesTestExecutionListener@8692d67, org.springframework.boot.test.mock.mockito.MockitoTestExecutionListener@78f5c518, org.springframework.boot.test.autoconfigure.SpringBootDependencyInjectionTestExecutionListener@2f48b3d2, org.springframework.test.context.support.DirtiesContextTestExecutionListener@34f7234e, org.springframework.test.context.transaction.TransactionalTestExecutionListener@753432a2, org.springframework.test.context.jdbc.SqlScriptsTestExecutionListener@23bff419, org.springframework.test.context.event.EventPublishingTestExecutionListener@4983159f, org.springframework.boot.test.mock.mockito.ResetMocksTestExecutionListener@44e3a2b2, org.springframework.boot.test.autoconfigure.restdocs.RestDocsTestExecutionListener@101639ae, org.springframework.boot.test.autoconfigure.web.client.MockRestServiceServerResetTestExecutionListener@4c550889, org.springframework.boot.test.autoconfigure.web.servlet.MockMvcPrintOnlyOnFailureTestExecutionListener@1d2bd371, org.springframework.boot.test.autoconfigure.web.servlet.WebDriverTestExecutionListener@44040454]
[INFO ] 2021-07-27 15:22:15.101 [main] com.qzsoft.tah.TestJunit - Starting TestJunit on DESKTOP-2S2GF81 with PID 38996 (started by aq in D:\wsd\tah-collection\tah-wsd-platform)
[INFO ] 2021-07-27 15:22:15.136 [main] com.qzsoft.tah.TestJunit - The following profiles are active: dev
[INFO ] 2021-07-27 15:22:16.014 [main] org.springframework.data.repository.config.RepositoryConfigurationDelegate - Multiple Spring Data modules found, entering strict repository configuration mode!
[INFO ] 2021-07-27 15:22:16.016 [main] org.springframework.data.repository.config.RepositoryConfigurationDelegate - Bootstrapping Spring Data JPA repositories in DEFAULT mode.
[INFO ] 2021-07-27 15:22:16.052 [main] org.springframework.data.repository.config.RepositoryConfigurationDelegate - Finished Spring Data repository scanning in 25ms. Found 0 JPA repository interfaces.
[INFO ] 2021-07-27 15:22:16.071 [main] org.springframework.data.repository.config.RepositoryConfigurationDelegate - Multiple Spring Data modules found, entering strict repository configuration mode!
[INFO ] 2021-07-27 15:22:16.072 [main] org.springframework.data.repository.config.RepositoryConfigurationDelegate - Bootstrapping Spring Data Redis repositories in DEFAULT mode.
[INFO ] 2021-07-27 15:22:16.090 [main] org.springframework.data.repository.config.RepositoryConfigurationDelegate - Finished Spring Data repository scanning in 7ms. Found 0 Redis repository interfaces.
[INFO ] 2021-07-27 15:22:16.590 [main] org.springframework.context.support.PostProcessorRegistrationDelegate$BeanPostProcessorChecker - Bean 'org.springframework.transaction.annotation.ProxyTransactionManagementConfiguration' of type [org.springframework.transaction.annotation.ProxyTransactionManagementConfiguration] is not eligible for getting processed by all BeanPostProcessors (for example: not eligible for auto-proxying)
[INFO ] 2021-07-27 15:22:16.769 [main] org.springframework.context.support.PostProcessorRegistrationDelegate$BeanPostProcessorChecker - Bean 'redisConfig' of type [com.qzsoft.tah.config.RedisConfig$$EnhancerBySpringCGLIB$$fe4b2e3c] is not eligible for getting processed by all BeanPostProcessors (for example: not eligible for auto-proxying)
[INFO ] 2021-07-27 15:22:17.931 [main] org.springframework.boot.web.embedded.tomcat.TomcatWebServer - Tomcat initialized with port(s): 0 (http)
[INFO ] 2021-07-27 15:22:17.942 [main] org.apache.coyote.http11.Http11NioProtocol - Initializing ProtocolHandler ["http-nio-auto-1"]
[INFO ] 2021-07-27 15:22:17.943 [main] org.apache.catalina.core.StandardService - Starting service [Tomcat]
[INFO ] 2021-07-27 15:22:17.943 [main] org.apache.catalina.core.StandardEngine - Starting Servlet engine: [Apache Tomcat/9.0.29]
[INFO ] 2021-07-27 15:22:18.104 [main] org.apache.catalina.core.ContainerBase.[Tomcat].[localhost].[/] - Initializing Spring embedded WebApplicationContext
[INFO ] 2021-07-27 15:22:18.105 [main] org.springframework.web.context.ContextLoader - Root WebApplicationContext: initialization completed in 2951 ms
[INFO ] 2021-07-27 15:22:18.793 [main] com.alibaba.druid.pool.DruidDataSource - {dataSource-1} inited
[INFO ] 2021-07-27 15:22:18.996 [main] org.hibernate.jpa.internal.util.LogHelper - HHH000204: Processing PersistenceUnitInfo [name: default]
[INFO ] 2021-07-27 15:22:19.087 [main] org.hibernate.Version - HHH000412: Hibernate Core {5.4.9.Final}
[INFO ] 2021-07-27 15:22:19.250 [main] org.hibernate.annotations.common.Version - HCANN000001: Hibernate Commons Annotations {5.1.0.Final}
[INFO ] 2021-07-27 15:22:19.420 [main] org.hibernate.dialect.Dialect - HHH000400: Using dialect: org.hibernate.dialect.MySQL57Dialect
[INFO ] 2021-07-27 15:22:19.677 [main] org.hibernate.engine.transaction.jta.platform.internal.JtaPlatformInitiator - HHH000490: Using JtaPlatform implementation: [org.hibernate.engine.transaction.jta.platform.internal.NoJtaPlatform]
[INFO ] 2021-07-27 15:22:19.688 [main] org.springframework.orm.jpa.LocalContainerEntityManagerFactoryBean - Initialized JPA EntityManagerFactory for persistence unit 'default'
[INFO ] 2021-07-27 15:22:20.803 [main] org.springframework.scheduling.concurrent.ThreadPoolTaskExecutor - Initializing ExecutorService 'applicationTaskExecutor'
[INFO ] 2021-07-27 15:22:21.375 [main] org.quartz.impl.StdSchedulerFactory - Using default implementation for ThreadExecutor
[INFO ] 2021-07-27 15:22:21.394 [main] org.quartz.core.SchedulerSignalerImpl - Initialized Scheduler Signaller of type: class org.quartz.core.SchedulerSignalerImpl
[INFO ] 2021-07-27 15:22:21.395 [main] org.quartz.core.QuartzScheduler - Quartz Scheduler v.2.2.1 created.
[INFO ] 2021-07-27 15:22:21.397 [main] org.quartz.simpl.RAMJobStore - RAMJobStore initialized.
[INFO ] 2021-07-27 15:22:21.398 [main] org.quartz.core.QuartzScheduler - Scheduler meta-data: Quartz Scheduler (v2.2.1) 'quartzScheduler' with instanceId 'NON_CLUSTERED'
  Scheduler class: 'org.quartz.core.QuartzScheduler' - running locally.
  NOT STARTED.
  Currently in standby mode.
  Number of jobs executed: 0
  Using thread pool 'org.quartz.simpl.SimpleThreadPool' - with 10 threads.
  Using job-store 'org.quartz.simpl.RAMJobStore' - which does not support persistence. and is not clustered.

[INFO ] 2021-07-27 15:22:21.398 [main] org.quartz.impl.StdSchedulerFactory - Quartz scheduler 'quartzScheduler' initialized from an externally provided properties instance.
[INFO ] 2021-07-27 15:22:21.398 [main] org.quartz.impl.StdSchedulerFactory - Quartz scheduler version: 2.2.1
[INFO ] 2021-07-27 15:22:21.398 [main] org.quartz.core.QuartzScheduler - JobFactory set to: org.springframework.scheduling.quartz.SpringBeanJobFactory@8de4206
[INFO ] 2021-07-27 15:22:21.460 [main] org.apache.catalina.core.ContainerBase.[Tomcat].[localhost].[/] - Initializing Spring TestDispatcherServlet ''
[INFO ] 2021-07-27 15:22:21.461 [main] org.springframework.test.web.servlet.TestDispatcherServlet - Initializing Servlet ''
[INFO ] 2021-07-27 15:22:21.479 [main] org.springframework.test.web.servlet.TestDispatcherServlet - Completed initialization in 17 ms
[INFO ] 2021-07-27 15:22:22.558 [main] org.springframework.scheduling.quartz.SchedulerFactoryBean - Starting Quartz Scheduler now
[INFO ] 2021-07-27 15:22:22.559 [main] org.quartz.core.QuartzScheduler - Scheduler quartzScheduler_$_NON_CLUSTERED started.
[INFO ] 2021-07-27 15:22:22.566 [main] org.apache.coyote.http11.Http11NioProtocol - Starting ProtocolHandler ["http-nio-auto-1"]
[INFO ] 2021-07-27 15:22:22.593 [main] org.springframework.boot.web.embedded.tomcat.TomcatWebServer - Tomcat started on port(s): 54747 (http) with context path ''
[INFO ] 2021-07-27 15:22:22.596 [main] com.qzsoft.tah.TestJunit - Started TestJunit in 8.056 seconds (JVM running for 9.426)
[INFO ] 2021-07-27 15:22:22.805 [main] io.lettuce.core.EpollProvider - Starting without optional epoll library
[INFO ] 2021-07-27 15:22:22.808 [main] io.lettuce.core.KqueueProvider - Starting without optional kqueue library
[INFO ] 2021-07-27 15:22:24.428 [SpringContextShutdownHook] org.quartz.core.QuartzScheduler - Scheduler quartzScheduler_$_NON_CLUSTERED paused.
[INFO ] 2021-07-27 15:22:24.429 [SpringContextShutdownHook] org.springframework.scheduling.quartz.SchedulerFactoryBean - Shutting down Quartz Scheduler
[INFO ] 2021-07-27 15:22:24.429 [SpringContextShutdownHook] org.quartz.core.QuartzScheduler - Scheduler quartzScheduler_$_NON_CLUSTERED shutting down.
[INFO ] 2021-07-27 15:22:24.429 [SpringContextShutdownHook] org.quartz.core.QuartzScheduler - Scheduler quartzScheduler_$_NON_CLUSTERED paused.
[INFO ] 2021-07-27 15:22:24.430 [SpringContextShutdownHook] org.quartz.core.QuartzScheduler - Scheduler quartzScheduler_$_NON_CLUSTERED shutdown complete.
[INFO ] 2021-07-27 15:22:24.432 [SpringContextShutdownHook] org.springframework.scheduling.concurrent.ThreadPoolTaskExecutor - Shutting down ExecutorService 'applicationTaskExecutor'
[INFO ] 2021-07-27 15:22:24.433 [SpringContextShutdownHook] org.springframework.orm.jpa.LocalContainerEntityManagerFactoryBean - Closing JPA EntityManagerFactory for persistence unit 'default'
[INFO ] 2021-07-27 15:22:24.442 [SpringContextShutdownHook] com.alibaba.druid.pool.DruidDataSource - {dataSource-1} closed
[INFO ] 2021-07-27 15:23:10.547 [main] org.springframework.boot.test.context.SpringBootTestContextBootstrapper - Neither @ContextConfiguration nor @ContextHierarchy found for test class [com.qzsoft.tah.TestJunit], using SpringBootContextLoader
[INFO ] 2021-07-27 15:23:10.555 [main] org.springframework.test.context.support.AbstractContextLoader - Could not detect default resource locations for test class [com.qzsoft.tah.TestJunit]: no resource found for suffixes {-context.xml, Context.groovy}.
[INFO ] 2021-07-27 15:23:10.764 [main] org.springframework.boot.test.context.SpringBootTestContextBootstrapper - Loaded default TestExecutionListener class names from location [META-INF/spring.factories]: [org.springframework.boot.test.mock.mockito.MockitoTestExecutionListener, org.springframework.boot.test.mock.mockito.ResetMocksTestExecutionListener, org.springframework.boot.test.autoconfigure.restdocs.RestDocsTestExecutionListener, org.springframework.boot.test.autoconfigure.web.client.MockRestServiceServerResetTestExecutionListener, org.springframework.boot.test.autoconfigure.web.servlet.MockMvcPrintOnlyOnFailureTestExecutionListener, org.springframework.boot.test.autoconfigure.web.servlet.WebDriverTestExecutionListener, org.springframework.test.context.web.ServletTestExecutionListener, org.springframework.test.context.support.DirtiesContextBeforeModesTestExecutionListener, org.springframework.test.context.support.DependencyInjectionTestExecutionListener, org.springframework.test.context.support.DirtiesContextTestExecutionListener, org.springframework.test.context.transaction.TransactionalTestExecutionListener, org.springframework.test.context.jdbc.SqlScriptsTestExecutionListener, org.springframework.test.context.event.EventPublishingTestExecutionListener]
[INFO ] 2021-07-27 15:23:10.784 [main] org.springframework.boot.test.context.SpringBootTestContextBootstrapper - Using TestExecutionListeners: [org.springframework.test.context.web.ServletTestExecutionListener@8692d67, org.springframework.test.context.support.DirtiesContextBeforeModesTestExecutionListener@78f5c518, org.springframework.boot.test.mock.mockito.MockitoTestExecutionListener@2f48b3d2, org.springframework.boot.test.autoconfigure.SpringBootDependencyInjectionTestExecutionListener@34f7234e, org.springframework.test.context.support.DirtiesContextTestExecutionListener@753432a2, org.springframework.test.context.transaction.TransactionalTestExecutionListener@23bff419, org.springframework.test.context.jdbc.SqlScriptsTestExecutionListener@4983159f, org.springframework.test.context.event.EventPublishingTestExecutionListener@44e3a2b2, org.springframework.boot.test.mock.mockito.ResetMocksTestExecutionListener@101639ae, org.springframework.boot.test.autoconfigure.restdocs.RestDocsTestExecutionListener@4c550889, org.springframework.boot.test.autoconfigure.web.client.MockRestServiceServerResetTestExecutionListener@1d2bd371, org.springframework.boot.test.autoconfigure.web.servlet.MockMvcPrintOnlyOnFailureTestExecutionListener@44040454, org.springframework.boot.test.autoconfigure.web.servlet.WebDriverTestExecutionListener@65fe9e33]
[INFO ] 2021-07-27 15:23:11.388 [main] com.qzsoft.tah.TestJunit - Starting TestJunit on DESKTOP-2S2GF81 with PID 21540 (started by aq in D:\wsd\tah-collection\tah-wsd-platform)
[INFO ] 2021-07-27 15:23:11.389 [main] com.qzsoft.tah.TestJunit - The following profiles are active: dev
[INFO ] 2021-07-27 15:23:12.195 [main] org.springframework.data.repository.config.RepositoryConfigurationDelegate - Multiple Spring Data modules found, entering strict repository configuration mode!
[INFO ] 2021-07-27 15:23:12.197 [main] org.springframework.data.repository.config.RepositoryConfigurationDelegate - Bootstrapping Spring Data JPA repositories in DEFAULT mode.
[INFO ] 2021-07-27 15:23:12.233 [main] org.springframework.data.repository.config.RepositoryConfigurationDelegate - Finished Spring Data repository scanning in 25ms. Found 0 JPA repository interfaces.
[INFO ] 2021-07-27 15:23:12.250 [main] org.springframework.data.repository.config.RepositoryConfigurationDelegate - Multiple Spring Data modules found, entering strict repository configuration mode!
[INFO ] 2021-07-27 15:23:12.251 [main] org.springframework.data.repository.config.RepositoryConfigurationDelegate - Bootstrapping Spring Data Redis repositories in DEFAULT mode.
[INFO ] 2021-07-27 15:23:12.268 [main] org.springframework.data.repository.config.RepositoryConfigurationDelegate - Finished Spring Data repository scanning in 7ms. Found 0 Redis repository interfaces.
[INFO ] 2021-07-27 15:23:12.757 [main] org.springframework.context.support.PostProcessorRegistrationDelegate$BeanPostProcessorChecker - Bean 'org.springframework.transaction.annotation.ProxyTransactionManagementConfiguration' of type [org.springframework.transaction.annotation.ProxyTransactionManagementConfiguration] is not eligible for getting processed by all BeanPostProcessors (for example: not eligible for auto-proxying)
[INFO ] 2021-07-27 15:23:12.946 [main] org.springframework.context.support.PostProcessorRegistrationDelegate$BeanPostProcessorChecker - Bean 'redisConfig' of type [com.qzsoft.tah.config.RedisConfig$$EnhancerBySpringCGLIB$$c6781c7e] is not eligible for getting processed by all BeanPostProcessors (for example: not eligible for auto-proxying)
[INFO ] 2021-07-27 15:23:14.233 [main] org.springframework.boot.web.embedded.tomcat.TomcatWebServer - Tomcat initialized with port(s): 0 (http)
[INFO ] 2021-07-27 15:23:14.245 [main] org.apache.coyote.http11.Http11NioProtocol - Initializing ProtocolHandler ["http-nio-auto-1"]
[INFO ] 2021-07-27 15:23:14.246 [main] org.apache.catalina.core.StandardService - Starting service [Tomcat]
[INFO ] 2021-07-27 15:23:14.246 [main] org.apache.catalina.core.StandardEngine - Starting Servlet engine: [Apache Tomcat/9.0.29]
[INFO ] 2021-07-27 15:23:14.407 [main] org.apache.catalina.core.ContainerBase.[Tomcat].[localhost].[/] - Initializing Spring embedded WebApplicationContext
[INFO ] 2021-07-27 15:23:14.407 [main] org.springframework.web.context.ContextLoader - Root WebApplicationContext: initialization completed in 3000 ms
[INFO ] 2021-07-27 15:23:15.106 [main] com.alibaba.druid.pool.DruidDataSource - {dataSource-1} inited
[INFO ] 2021-07-27 15:23:15.302 [main] org.hibernate.jpa.internal.util.LogHelper - HHH000204: Processing PersistenceUnitInfo [name: default]
[INFO ] 2021-07-27 15:23:15.389 [main] org.hibernate.Version - HHH000412: Hibernate Core {5.4.9.Final}
[INFO ] 2021-07-27 15:23:15.551 [main] org.hibernate.annotations.common.Version - HCANN000001: Hibernate Commons Annotations {5.1.0.Final}
[INFO ] 2021-07-27 15:23:15.715 [main] org.hibernate.dialect.Dialect - HHH000400: Using dialect: org.hibernate.dialect.MySQL57Dialect
[INFO ] 2021-07-27 15:23:15.974 [main] org.hibernate.engine.transaction.jta.platform.internal.JtaPlatformInitiator - HHH000490: Using JtaPlatform implementation: [org.hibernate.engine.transaction.jta.platform.internal.NoJtaPlatform]
[INFO ] 2021-07-27 15:23:15.984 [main] org.springframework.orm.jpa.LocalContainerEntityManagerFactoryBean - Initialized JPA EntityManagerFactory for persistence unit 'default'
[INFO ] 2021-07-27 15:23:17.108 [main] org.springframework.scheduling.concurrent.ThreadPoolTaskExecutor - Initializing ExecutorService 'applicationTaskExecutor'
[INFO ] 2021-07-27 15:23:17.707 [main] org.quartz.impl.StdSchedulerFactory - Using default implementation for ThreadExecutor
[INFO ] 2021-07-27 15:23:17.728 [main] org.quartz.core.SchedulerSignalerImpl - Initialized Scheduler Signaller of type: class org.quartz.core.SchedulerSignalerImpl
[INFO ] 2021-07-27 15:23:17.729 [main] org.quartz.core.QuartzScheduler - Quartz Scheduler v.2.2.1 created.
[INFO ] 2021-07-27 15:23:17.730 [main] org.quartz.simpl.RAMJobStore - RAMJobStore initialized.
[INFO ] 2021-07-27 15:23:17.732 [main] org.quartz.core.QuartzScheduler - Scheduler meta-data: Quartz Scheduler (v2.2.1) 'quartzScheduler' with instanceId 'NON_CLUSTERED'
  Scheduler class: 'org.quartz.core.QuartzScheduler' - running locally.
  NOT STARTED.
  Currently in standby mode.
  Number of jobs executed: 0
  Using thread pool 'org.quartz.simpl.SimpleThreadPool' - with 10 threads.
  Using job-store 'org.quartz.simpl.RAMJobStore' - which does not support persistence. and is not clustered.

[INFO ] 2021-07-27 15:23:17.732 [main] org.quartz.impl.StdSchedulerFactory - Quartz scheduler 'quartzScheduler' initialized from an externally provided properties instance.
[INFO ] 2021-07-27 15:23:17.732 [main] org.quartz.impl.StdSchedulerFactory - Quartz scheduler version: 2.2.1
[INFO ] 2021-07-27 15:23:17.732 [main] org.quartz.core.QuartzScheduler - JobFactory set to: org.springframework.scheduling.quartz.SpringBeanJobFactory@3ca9d3b2
[INFO ] 2021-07-27 15:23:17.793 [main] org.apache.catalina.core.ContainerBase.[Tomcat].[localhost].[/] - Initializing Spring TestDispatcherServlet ''
[INFO ] 2021-07-27 15:23:17.793 [main] org.springframework.test.web.servlet.TestDispatcherServlet - Initializing Servlet ''
[INFO ] 2021-07-27 15:23:17.810 [main] org.springframework.test.web.servlet.TestDispatcherServlet - Completed initialization in 17 ms
[INFO ] 2021-07-27 15:23:18.916 [main] org.springframework.scheduling.quartz.SchedulerFactoryBean - Starting Quartz Scheduler now
[INFO ] 2021-07-27 15:23:18.916 [main] org.quartz.core.QuartzScheduler - Scheduler quartzScheduler_$_NON_CLUSTERED started.
[INFO ] 2021-07-27 15:23:18.942 [main] org.apache.coyote.http11.Http11NioProtocol - Starting ProtocolHandler ["http-nio-auto-1"]
[INFO ] 2021-07-27 15:23:18.969 [main] org.springframework.boot.web.embedded.tomcat.TomcatWebServer - Tomcat started on port(s): 54815 (http) with context path ''
[INFO ] 2021-07-27 15:23:18.972 [main] com.qzsoft.tah.TestJunit - Started TestJunit in 8.131 seconds (JVM running for 9.419)
[INFO ] 2021-07-27 15:23:19.170 [main] io.lettuce.core.EpollProvider - Starting without optional epoll library
[INFO ] 2021-07-27 15:23:19.173 [main] io.lettuce.core.KqueueProvider - Starting without optional kqueue library
[INFO ] 2021-07-27 15:23:20.800 [SpringContextShutdownHook] org.quartz.core.QuartzScheduler - Scheduler quartzScheduler_$_NON_CLUSTERED paused.
[INFO ] 2021-07-27 15:23:20.801 [SpringContextShutdownHook] org.springframework.scheduling.quartz.SchedulerFactoryBean - Shutting down Quartz Scheduler
[INFO ] 2021-07-27 15:23:20.801 [SpringContextShutdownHook] org.quartz.core.QuartzScheduler - Scheduler quartzScheduler_$_NON_CLUSTERED shutting down.
[INFO ] 2021-07-27 15:23:20.801 [SpringContextShutdownHook] org.quartz.core.QuartzScheduler - Scheduler quartzScheduler_$_NON_CLUSTERED paused.
[INFO ] 2021-07-27 15:23:20.802 [SpringContextShutdownHook] org.quartz.core.QuartzScheduler - Scheduler quartzScheduler_$_NON_CLUSTERED shutdown complete.
[INFO ] 2021-07-27 15:23:20.803 [SpringContextShutdownHook] org.springframework.scheduling.concurrent.ThreadPoolTaskExecutor - Shutting down ExecutorService 'applicationTaskExecutor'
[INFO ] 2021-07-27 15:23:20.804 [SpringContextShutdownHook] org.springframework.orm.jpa.LocalContainerEntityManagerFactoryBean - Closing JPA EntityManagerFactory for persistence unit 'default'
[INFO ] 2021-07-27 15:23:20.812 [SpringContextShutdownHook] com.alibaba.druid.pool.DruidDataSource - {dataSource-1} closed
[INFO ] 2021-07-27 15:28:13.023 [main] org.springframework.boot.test.context.SpringBootTestContextBootstrapper - Neither @ContextConfiguration nor @ContextHierarchy found for test class [com.qzsoft.tah.TestJunit], using SpringBootContextLoader
[INFO ] 2021-07-27 15:28:13.031 [main] org.springframework.test.context.support.AbstractContextLoader - Could not detect default resource locations for test class [com.qzsoft.tah.TestJunit]: no resource found for suffixes {-context.xml, Context.groovy}.
[INFO ] 2021-07-27 15:28:13.246 [main] org.springframework.boot.test.context.SpringBootTestContextBootstrapper - Loaded default TestExecutionListener class names from location [META-INF/spring.factories]: [org.springframework.boot.test.mock.mockito.MockitoTestExecutionListener, org.springframework.boot.test.mock.mockito.ResetMocksTestExecutionListener, org.springframework.boot.test.autoconfigure.restdocs.RestDocsTestExecutionListener, org.springframework.boot.test.autoconfigure.web.client.MockRestServiceServerResetTestExecutionListener, org.springframework.boot.test.autoconfigure.web.servlet.MockMvcPrintOnlyOnFailureTestExecutionListener, org.springframework.boot.test.autoconfigure.web.servlet.WebDriverTestExecutionListener, org.springframework.test.context.web.ServletTestExecutionListener, org.springframework.test.context.support.DirtiesContextBeforeModesTestExecutionListener, org.springframework.test.context.support.DependencyInjectionTestExecutionListener, org.springframework.test.context.support.DirtiesContextTestExecutionListener, org.springframework.test.context.transaction.TransactionalTestExecutionListener, org.springframework.test.context.jdbc.SqlScriptsTestExecutionListener, org.springframework.test.context.event.EventPublishingTestExecutionListener]
[INFO ] 2021-07-27 15:28:13.265 [main] org.springframework.boot.test.context.SpringBootTestContextBootstrapper - Using TestExecutionListeners: [org.springframework.test.context.web.ServletTestExecutionListener@8692d67, org.springframework.test.context.support.DirtiesContextBeforeModesTestExecutionListener@78f5c518, org.springframework.boot.test.mock.mockito.MockitoTestExecutionListener@2f48b3d2, org.springframework.boot.test.autoconfigure.SpringBootDependencyInjectionTestExecutionListener@34f7234e, org.springframework.test.context.support.DirtiesContextTestExecutionListener@753432a2, org.springframework.test.context.transaction.TransactionalTestExecutionListener@23bff419, org.springframework.test.context.jdbc.SqlScriptsTestExecutionListener@4983159f, org.springframework.test.context.event.EventPublishingTestExecutionListener@44e3a2b2, org.springframework.boot.test.mock.mockito.ResetMocksTestExecutionListener@101639ae, org.springframework.boot.test.autoconfigure.restdocs.RestDocsTestExecutionListener@4c550889, org.springframework.boot.test.autoconfigure.web.client.MockRestServiceServerResetTestExecutionListener@1d2bd371, org.springframework.boot.test.autoconfigure.web.servlet.MockMvcPrintOnlyOnFailureTestExecutionListener@44040454, org.springframework.boot.test.autoconfigure.web.servlet.WebDriverTestExecutionListener@65fe9e33]
[INFO ] 2021-07-27 15:28:13.811 [main] com.qzsoft.tah.TestJunit - Starting TestJunit on DESKTOP-2S2GF81 with PID 12316 (started by aq in D:\wsd\tah-collection\tah-wsd-platform)
[INFO ] 2021-07-27 15:28:13.812 [main] com.qzsoft.tah.TestJunit - The following profiles are active: dev
[INFO ] 2021-07-27 15:28:14.708 [main] org.springframework.data.repository.config.RepositoryConfigurationDelegate - Multiple Spring Data modules found, entering strict repository configuration mode!
[INFO ] 2021-07-27 15:28:14.710 [main] org.springframework.data.repository.config.RepositoryConfigurationDelegate - Bootstrapping Spring Data JPA repositories in DEFAULT mode.
[INFO ] 2021-07-27 15:28:14.745 [main] org.springframework.data.repository.config.RepositoryConfigurationDelegate - Finished Spring Data repository scanning in 25ms. Found 0 JPA repository interfaces.
[INFO ] 2021-07-27 15:28:14.761 [main] org.springframework.data.repository.config.RepositoryConfigurationDelegate - Multiple Spring Data modules found, entering strict repository configuration mode!
[INFO ] 2021-07-27 15:28:14.763 [main] org.springframework.data.repository.config.RepositoryConfigurationDelegate - Bootstrapping Spring Data Redis repositories in DEFAULT mode.
[INFO ] 2021-07-27 15:28:14.780 [main] org.springframework.data.repository.config.RepositoryConfigurationDelegate - Finished Spring Data repository scanning in 7ms. Found 0 Redis repository interfaces.
[INFO ] 2021-07-27 15:28:15.269 [main] org.springframework.context.support.PostProcessorRegistrationDelegate$BeanPostProcessorChecker - Bean 'org.springframework.transaction.annotation.ProxyTransactionManagementConfiguration' of type [org.springframework.transaction.annotation.ProxyTransactionManagementConfiguration] is not eligible for getting processed by all BeanPostProcessors (for example: not eligible for auto-proxying)
[INFO ] 2021-07-27 15:28:15.449 [main] org.springframework.context.support.PostProcessorRegistrationDelegate$BeanPostProcessorChecker - Bean 'redisConfig' of type [com.qzsoft.tah.config.RedisConfig$$EnhancerBySpringCGLIB$$9185a52b] is not eligible for getting processed by all BeanPostProcessors (for example: not eligible for auto-proxying)
[INFO ] 2021-07-27 15:28:16.603 [main] org.springframework.boot.web.embedded.tomcat.TomcatWebServer - Tomcat initialized with port(s): 0 (http)
[INFO ] 2021-07-27 15:28:16.615 [main] org.apache.coyote.http11.Http11NioProtocol - Initializing ProtocolHandler ["http-nio-auto-1"]
[INFO ] 2021-07-27 15:28:16.616 [main] org.apache.catalina.core.StandardService - Starting service [Tomcat]
[INFO ] 2021-07-27 15:28:16.616 [main] org.apache.catalina.core.StandardEngine - Starting Servlet engine: [Apache Tomcat/9.0.29]
[INFO ] 2021-07-27 15:28:16.777 [main] org.apache.catalina.core.ContainerBase.[Tomcat].[localhost].[/] - Initializing Spring embedded WebApplicationContext
[INFO ] 2021-07-27 15:28:16.778 [main] org.springframework.web.context.ContextLoader - Root WebApplicationContext: initialization completed in 2920 ms
[INFO ] 2021-07-27 15:28:17.471 [main] com.alibaba.druid.pool.DruidDataSource - {dataSource-1} inited
[INFO ] 2021-07-27 15:28:17.669 [main] org.hibernate.jpa.internal.util.LogHelper - HHH000204: Processing PersistenceUnitInfo [name: default]
[INFO ] 2021-07-27 15:28:17.754 [main] org.hibernate.Version - HHH000412: Hibernate Core {5.4.9.Final}
[INFO ] 2021-07-27 15:28:17.914 [main] org.hibernate.annotations.common.Version - HCANN000001: Hibernate Commons Annotations {5.1.0.Final}
[INFO ] 2021-07-27 15:28:18.084 [main] org.hibernate.dialect.Dialect - HHH000400: Using dialect: org.hibernate.dialect.MySQL57Dialect
[INFO ] 2021-07-27 15:28:18.330 [main] org.hibernate.engine.transaction.jta.platform.internal.JtaPlatformInitiator - HHH000490: Using JtaPlatform implementation: [org.hibernate.engine.transaction.jta.platform.internal.NoJtaPlatform]
[INFO ] 2021-07-27 15:28:18.340 [main] org.springframework.orm.jpa.LocalContainerEntityManagerFactoryBean - Initialized JPA EntityManagerFactory for persistence unit 'default'
[INFO ] 2021-07-27 15:28:19.432 [main] org.springframework.scheduling.concurrent.ThreadPoolTaskExecutor - Initializing ExecutorService 'applicationTaskExecutor'
[INFO ] 2021-07-27 15:28:19.992 [main] org.quartz.impl.StdSchedulerFactory - Using default implementation for ThreadExecutor
[INFO ] 2021-07-27 15:28:20.010 [main] org.quartz.core.SchedulerSignalerImpl - Initialized Scheduler Signaller of type: class org.quartz.core.SchedulerSignalerImpl
[INFO ] 2021-07-27 15:28:20.011 [main] org.quartz.core.QuartzScheduler - Quartz Scheduler v.2.2.1 created.
[INFO ] 2021-07-27 15:28:20.012 [main] org.quartz.simpl.RAMJobStore - RAMJobStore initialized.
[INFO ] 2021-07-27 15:28:20.013 [main] org.quartz.core.QuartzScheduler - Scheduler meta-data: Quartz Scheduler (v2.2.1) 'quartzScheduler' with instanceId 'NON_CLUSTERED'
  Scheduler class: 'org.quartz.core.QuartzScheduler' - running locally.
  NOT STARTED.
  Currently in standby mode.
  Number of jobs executed: 0
  Using thread pool 'org.quartz.simpl.SimpleThreadPool' - with 10 threads.
  Using job-store 'org.quartz.simpl.RAMJobStore' - which does not support persistence. and is not clustered.

[INFO ] 2021-07-27 15:28:20.013 [main] org.quartz.impl.StdSchedulerFactory - Quartz scheduler 'quartzScheduler' initialized from an externally provided properties instance.
[INFO ] 2021-07-27 15:28:20.014 [main] org.quartz.impl.StdSchedulerFactory - Quartz scheduler version: 2.2.1
[INFO ] 2021-07-27 15:28:20.014 [main] org.quartz.core.QuartzScheduler - JobFactory set to: org.springframework.scheduling.quartz.SpringBeanJobFactory@7369208e
[INFO ] 2021-07-27 15:28:20.073 [main] org.apache.catalina.core.ContainerBase.[Tomcat].[localhost].[/] - Initializing Spring TestDispatcherServlet ''
[INFO ] 2021-07-27 15:28:20.073 [main] org.springframework.test.web.servlet.TestDispatcherServlet - Initializing Servlet ''
[INFO ] 2021-07-27 15:28:20.092 [main] org.springframework.test.web.servlet.TestDispatcherServlet - Completed initialization in 18 ms
[INFO ] 2021-07-27 15:28:21.154 [main] org.springframework.scheduling.quartz.SchedulerFactoryBean - Starting Quartz Scheduler now
[INFO ] 2021-07-27 15:28:21.155 [main] org.quartz.core.QuartzScheduler - Scheduler quartzScheduler_$_NON_CLUSTERED started.
[INFO ] 2021-07-27 15:28:21.161 [main] org.apache.coyote.http11.Http11NioProtocol - Starting ProtocolHandler ["http-nio-auto-1"]
[INFO ] 2021-07-27 15:28:21.239 [main] org.springframework.boot.web.embedded.tomcat.TomcatWebServer - Tomcat started on port(s): 55121 (http) with context path ''
[INFO ] 2021-07-27 15:28:21.242 [main] com.qzsoft.tah.TestJunit - Started TestJunit in 7.921 seconds (JVM running for 9.226)
[INFO ] 2021-07-27 15:28:21.451 [main] io.lettuce.core.EpollProvider - Starting without optional epoll library
[INFO ] 2021-07-27 15:28:21.454 [main] io.lettuce.core.KqueueProvider - Starting without optional kqueue library
[INFO ] 2021-07-27 15:28:23.073 [SpringContextShutdownHook] org.quartz.core.QuartzScheduler - Scheduler quartzScheduler_$_NON_CLUSTERED paused.
[INFO ] 2021-07-27 15:28:23.073 [SpringContextShutdownHook] org.springframework.scheduling.quartz.SchedulerFactoryBean - Shutting down Quartz Scheduler
[INFO ] 2021-07-27 15:28:23.073 [SpringContextShutdownHook] org.quartz.core.QuartzScheduler - Scheduler quartzScheduler_$_NON_CLUSTERED shutting down.
[INFO ] 2021-07-27 15:28:23.074 [SpringContextShutdownHook] org.quartz.core.QuartzScheduler - Scheduler quartzScheduler_$_NON_CLUSTERED paused.
[INFO ] 2021-07-27 15:28:23.074 [SpringContextShutdownHook] org.quartz.core.QuartzScheduler - Scheduler quartzScheduler_$_NON_CLUSTERED shutdown complete.
[INFO ] 2021-07-27 15:28:23.076 [SpringContextShutdownHook] org.springframework.scheduling.concurrent.ThreadPoolTaskExecutor - Shutting down ExecutorService 'applicationTaskExecutor'
[INFO ] 2021-07-27 15:28:23.076 [SpringContextShutdownHook] org.springframework.orm.jpa.LocalContainerEntityManagerFactoryBean - Closing JPA EntityManagerFactory for persistence unit 'default'
[INFO ] 2021-07-27 15:28:23.087 [SpringContextShutdownHook] com.alibaba.druid.pool.DruidDataSource - {dataSource-1} closed
[INFO ] 2021-07-27 15:30:47.254 [main] org.springframework.boot.test.context.SpringBootTestContextBootstrapper - Neither @ContextConfiguration nor @ContextHierarchy found for test class [com.qzsoft.tah.TestJunit], using SpringBootContextLoader
[INFO ] 2021-07-27 15:30:47.264 [main] org.springframework.test.context.support.AbstractContextLoader - Could not detect default resource locations for test class [com.qzsoft.tah.TestJunit]: no resource found for suffixes {-context.xml, Context.groovy}.
[INFO ] 2021-07-27 15:30:47.482 [main] org.springframework.boot.test.context.SpringBootTestContextBootstrapper - Loaded default TestExecutionListener class names from location [META-INF/spring.factories]: [org.springframework.boot.test.mock.mockito.MockitoTestExecutionListener, org.springframework.boot.test.mock.mockito.ResetMocksTestExecutionListener, org.springframework.boot.test.autoconfigure.restdocs.RestDocsTestExecutionListener, org.springframework.boot.test.autoconfigure.web.client.MockRestServiceServerResetTestExecutionListener, org.springframework.boot.test.autoconfigure.web.servlet.MockMvcPrintOnlyOnFailureTestExecutionListener, org.springframework.boot.test.autoconfigure.web.servlet.WebDriverTestExecutionListener, org.springframework.test.context.web.ServletTestExecutionListener, org.springframework.test.context.support.DirtiesContextBeforeModesTestExecutionListener, org.springframework.test.context.support.DependencyInjectionTestExecutionListener, org.springframework.test.context.support.DirtiesContextTestExecutionListener, org.springframework.test.context.transaction.TransactionalTestExecutionListener, org.springframework.test.context.jdbc.SqlScriptsTestExecutionListener, org.springframework.test.context.event.EventPublishingTestExecutionListener]
[INFO ] 2021-07-27 15:30:47.503 [main] org.springframework.boot.test.context.SpringBootTestContextBootstrapper - Using TestExecutionListeners: [org.springframework.test.context.web.ServletTestExecutionListener@4b2a01d4, org.springframework.test.context.support.DirtiesContextBeforeModesTestExecutionListener@8692d67, org.springframework.boot.test.mock.mockito.MockitoTestExecutionListener@78f5c518, org.springframework.boot.test.autoconfigure.SpringBootDependencyInjectionTestExecutionListener@2f48b3d2, org.springframework.test.context.support.DirtiesContextTestExecutionListener@34f7234e, org.springframework.test.context.transaction.TransactionalTestExecutionListener@753432a2, org.springframework.test.context.jdbc.SqlScriptsTestExecutionListener@23bff419, org.springframework.test.context.event.EventPublishingTestExecutionListener@4983159f, org.springframework.boot.test.mock.mockito.ResetMocksTestExecutionListener@44e3a2b2, org.springframework.boot.test.autoconfigure.restdocs.RestDocsTestExecutionListener@101639ae, org.springframework.boot.test.autoconfigure.web.client.MockRestServiceServerResetTestExecutionListener@4c550889, org.springframework.boot.test.autoconfigure.web.servlet.MockMvcPrintOnlyOnFailureTestExecutionListener@1d2bd371, org.springframework.boot.test.autoconfigure.web.servlet.WebDriverTestExecutionListener@44040454]
[INFO ] 2021-07-27 15:30:48.040 [main] com.qzsoft.tah.TestJunit - Starting TestJunit on DESKTOP-2S2GF81 with PID 18232 (started by aq in D:\wsd\tah-collection\tah-wsd-platform)
[INFO ] 2021-07-27 15:30:48.041 [main] com.qzsoft.tah.TestJunit - The following profiles are active: dev
[INFO ] 2021-07-27 15:30:48.864 [main] org.springframework.data.repository.config.RepositoryConfigurationDelegate - Multiple Spring Data modules found, entering strict repository configuration mode!
[INFO ] 2021-07-27 15:30:48.866 [main] org.springframework.data.repository.config.RepositoryConfigurationDelegate - Bootstrapping Spring Data JPA repositories in DEFAULT mode.
[INFO ] 2021-07-27 15:30:48.901 [main] org.springframework.data.repository.config.RepositoryConfigurationDelegate - Finished Spring Data repository scanning in 25ms. Found 0 JPA repository interfaces.
[INFO ] 2021-07-27 15:30:48.918 [main] org.springframework.data.repository.config.RepositoryConfigurationDelegate - Multiple Spring Data modules found, entering strict repository configuration mode!
[INFO ] 2021-07-27 15:30:48.920 [main] org.springframework.data.repository.config.RepositoryConfigurationDelegate - Bootstrapping Spring Data Redis repositories in DEFAULT mode.
[INFO ] 2021-07-27 15:30:48.938 [main] org.springframework.data.repository.config.RepositoryConfigurationDelegate - Finished Spring Data repository scanning in 7ms. Found 0 Redis repository interfaces.
[INFO ] 2021-07-27 15:30:49.421 [main] org.springframework.context.support.PostProcessorRegistrationDelegate$BeanPostProcessorChecker - Bean 'org.springframework.transaction.annotation.ProxyTransactionManagementConfiguration' of type [org.springframework.transaction.annotation.ProxyTransactionManagementConfiguration] is not eligible for getting processed by all BeanPostProcessors (for example: not eligible for auto-proxying)
[INFO ] 2021-07-27 15:30:49.603 [main] org.springframework.context.support.PostProcessorRegistrationDelegate$BeanPostProcessorChecker - Bean 'redisConfig' of type [com.qzsoft.tah.config.RedisConfig$$EnhancerBySpringCGLIB$$deec41c] is not eligible for getting processed by all BeanPostProcessors (for example: not eligible for auto-proxying)
[INFO ] 2021-07-27 15:30:50.796 [main] org.springframework.boot.web.embedded.tomcat.TomcatWebServer - Tomcat initialized with port(s): 0 (http)
[INFO ] 2021-07-27 15:30:50.808 [main] org.apache.coyote.http11.Http11NioProtocol - Initializing ProtocolHandler ["http-nio-auto-1"]
[INFO ] 2021-07-27 15:30:50.808 [main] org.apache.catalina.core.StandardService - Starting service [Tomcat]
[INFO ] 2021-07-27 15:30:50.809 [main] org.apache.catalina.core.StandardEngine - Starting Servlet engine: [Apache Tomcat/9.0.29]
[INFO ] 2021-07-27 15:30:50.975 [main] org.apache.catalina.core.ContainerBase.[Tomcat].[localhost].[/] - Initializing Spring embedded WebApplicationContext
[INFO ] 2021-07-27 15:30:50.975 [main] org.springframework.web.context.ContextLoader - Root WebApplicationContext: initialization completed in 2882 ms
[INFO ] 2021-07-27 15:30:51.668 [main] com.alibaba.druid.pool.DruidDataSource - {dataSource-1} inited
[INFO ] 2021-07-27 15:30:51.870 [main] org.hibernate.jpa.internal.util.LogHelper - HHH000204: Processing PersistenceUnitInfo [name: default]
[INFO ] 2021-07-27 15:30:51.959 [main] org.hibernate.Version - HHH000412: Hibernate Core {5.4.9.Final}
[INFO ] 2021-07-27 15:30:52.127 [main] org.hibernate.annotations.common.Version - HCANN000001: Hibernate Commons Annotations {5.1.0.Final}
[INFO ] 2021-07-27 15:30:52.293 [main] org.hibernate.dialect.Dialect - HHH000400: Using dialect: org.hibernate.dialect.MySQL57Dialect
[INFO ] 2021-07-27 15:30:52.554 [main] org.hibernate.engine.transaction.jta.platform.internal.JtaPlatformInitiator - HHH000490: Using JtaPlatform implementation: [org.hibernate.engine.transaction.jta.platform.internal.NoJtaPlatform]
[INFO ] 2021-07-27 15:30:52.563 [main] org.springframework.orm.jpa.LocalContainerEntityManagerFactoryBean - Initialized JPA EntityManagerFactory for persistence unit 'default'
[INFO ] 2021-07-27 15:30:53.662 [main] org.springframework.scheduling.concurrent.ThreadPoolTaskExecutor - Initializing ExecutorService 'applicationTaskExecutor'
[INFO ] 2021-07-27 15:30:54.234 [main] org.quartz.impl.StdSchedulerFactory - Using default implementation for ThreadExecutor
[INFO ] 2021-07-27 15:30:54.253 [main] org.quartz.core.SchedulerSignalerImpl - Initialized Scheduler Signaller of type: class org.quartz.core.SchedulerSignalerImpl
[INFO ] 2021-07-27 15:30:54.254 [main] org.quartz.core.QuartzScheduler - Quartz Scheduler v.2.2.1 created.
[INFO ] 2021-07-27 15:30:54.255 [main] org.quartz.simpl.RAMJobStore - RAMJobStore initialized.
[INFO ] 2021-07-27 15:30:54.256 [main] org.quartz.core.QuartzScheduler - Scheduler meta-data: Quartz Scheduler (v2.2.1) 'quartzScheduler' with instanceId 'NON_CLUSTERED'
  Scheduler class: 'org.quartz.core.QuartzScheduler' - running locally.
  NOT STARTED.
  Currently in standby mode.
  Number of jobs executed: 0
  Using thread pool 'org.quartz.simpl.SimpleThreadPool' - with 10 threads.
  Using job-store 'org.quartz.simpl.RAMJobStore' - which does not support persistence. and is not clustered.

[INFO ] 2021-07-27 15:30:54.256 [main] org.quartz.impl.StdSchedulerFactory - Quartz scheduler 'quartzScheduler' initialized from an externally provided properties instance.
[INFO ] 2021-07-27 15:30:54.256 [main] org.quartz.impl.StdSchedulerFactory - Quartz scheduler version: 2.2.1
[INFO ] 2021-07-27 15:30:54.256 [main] org.quartz.core.QuartzScheduler - JobFactory set to: org.springframework.scheduling.quartz.SpringBeanJobFactory@2afe825a
[INFO ] 2021-07-27 15:30:54.319 [main] org.apache.catalina.core.ContainerBase.[Tomcat].[localhost].[/] - Initializing Spring TestDispatcherServlet ''
[INFO ] 2021-07-27 15:30:54.319 [main] org.springframework.test.web.servlet.TestDispatcherServlet - Initializing Servlet ''
[INFO ] 2021-07-27 15:30:54.338 [main] org.springframework.test.web.servlet.TestDispatcherServlet - Completed initialization in 19 ms
[INFO ] 2021-07-27 15:30:55.428 [main] org.springframework.scheduling.quartz.SchedulerFactoryBean - Starting Quartz Scheduler now
[INFO ] 2021-07-27 15:30:55.428 [main] org.quartz.core.QuartzScheduler - Scheduler quartzScheduler_$_NON_CLUSTERED started.
[INFO ] 2021-07-27 15:30:55.435 [main] org.apache.coyote.http11.Http11NioProtocol - Starting ProtocolHandler ["http-nio-auto-1"]
[INFO ] 2021-07-27 15:30:55.464 [main] org.springframework.boot.web.embedded.tomcat.TomcatWebServer - Tomcat started on port(s): 55451 (http) with context path ''
[INFO ] 2021-07-27 15:30:55.466 [main] com.qzsoft.tah.TestJunit - Started TestJunit in 7.903 seconds (JVM running for 9.267)
[INFO ] 2021-07-27 15:30:55.670 [main] io.lettuce.core.EpollProvider - Starting without optional epoll library
[INFO ] 2021-07-27 15:30:55.674 [main] io.lettuce.core.KqueueProvider - Starting without optional kqueue library
[INFO ] 2021-07-27 15:30:57.324 [SpringContextShutdownHook] org.quartz.core.QuartzScheduler - Scheduler quartzScheduler_$_NON_CLUSTERED paused.
[INFO ] 2021-07-27 15:30:57.325 [SpringContextShutdownHook] org.springframework.scheduling.quartz.SchedulerFactoryBean - Shutting down Quartz Scheduler
[INFO ] 2021-07-27 15:30:57.325 [SpringContextShutdownHook] org.quartz.core.QuartzScheduler - Scheduler quartzScheduler_$_NON_CLUSTERED shutting down.
[INFO ] 2021-07-27 15:30:57.325 [SpringContextShutdownHook] org.quartz.core.QuartzScheduler - Scheduler quartzScheduler_$_NON_CLUSTERED paused.
[INFO ] 2021-07-27 15:30:57.326 [SpringContextShutdownHook] org.quartz.core.QuartzScheduler - Scheduler quartzScheduler_$_NON_CLUSTERED shutdown complete.
[INFO ] 2021-07-27 15:30:57.327 [SpringContextShutdownHook] org.springframework.scheduling.concurrent.ThreadPoolTaskExecutor - Shutting down ExecutorService 'applicationTaskExecutor'
[INFO ] 2021-07-27 15:30:57.329 [SpringContextShutdownHook] org.springframework.orm.jpa.LocalContainerEntityManagerFactoryBean - Closing JPA EntityManagerFactory for persistence unit 'default'
[INFO ] 2021-07-27 15:30:57.337 [SpringContextShutdownHook] com.alibaba.druid.pool.DruidDataSource - {dataSource-1} closed
[INFO ] 2021-07-27 15:31:31.429 [main] org.springframework.boot.test.context.SpringBootTestContextBootstrapper - Neither @ContextConfiguration nor @ContextHierarchy found for test class [com.qzsoft.tah.TestJunit], using SpringBootContextLoader
[INFO ] 2021-07-27 15:31:31.436 [main] org.springframework.test.context.support.AbstractContextLoader - Could not detect default resource locations for test class [com.qzsoft.tah.TestJunit]: no resource found for suffixes {-context.xml, Context.groovy}.
[INFO ] 2021-07-27 15:31:31.653 [main] org.springframework.boot.test.context.SpringBootTestContextBootstrapper - Loaded default TestExecutionListener class names from location [META-INF/spring.factories]: [org.springframework.boot.test.mock.mockito.MockitoTestExecutionListener, org.springframework.boot.test.mock.mockito.ResetMocksTestExecutionListener, org.springframework.boot.test.autoconfigure.restdocs.RestDocsTestExecutionListener, org.springframework.boot.test.autoconfigure.web.client.MockRestServiceServerResetTestExecutionListener, org.springframework.boot.test.autoconfigure.web.servlet.MockMvcPrintOnlyOnFailureTestExecutionListener, org.springframework.boot.test.autoconfigure.web.servlet.WebDriverTestExecutionListener, org.springframework.test.context.web.ServletTestExecutionListener, org.springframework.test.context.support.DirtiesContextBeforeModesTestExecutionListener, org.springframework.test.context.support.DependencyInjectionTestExecutionListener, org.springframework.test.context.support.DirtiesContextTestExecutionListener, org.springframework.test.context.transaction.TransactionalTestExecutionListener, org.springframework.test.context.jdbc.SqlScriptsTestExecutionListener, org.springframework.test.context.event.EventPublishingTestExecutionListener]
[INFO ] 2021-07-27 15:31:31.672 [main] org.springframework.boot.test.context.SpringBootTestContextBootstrapper - Using TestExecutionListeners: [org.springframework.test.context.web.ServletTestExecutionListener@4b2a01d4, org.springframework.test.context.support.DirtiesContextBeforeModesTestExecutionListener@8692d67, org.springframework.boot.test.mock.mockito.MockitoTestExecutionListener@78f5c518, org.springframework.boot.test.autoconfigure.SpringBootDependencyInjectionTestExecutionListener@2f48b3d2, org.springframework.test.context.support.DirtiesContextTestExecutionListener@34f7234e, org.springframework.test.context.transaction.TransactionalTestExecutionListener@753432a2, org.springframework.test.context.jdbc.SqlScriptsTestExecutionListener@23bff419, org.springframework.test.context.event.EventPublishingTestExecutionListener@4983159f, org.springframework.boot.test.mock.mockito.ResetMocksTestExecutionListener@44e3a2b2, org.springframework.boot.test.autoconfigure.restdocs.RestDocsTestExecutionListener@101639ae, org.springframework.boot.test.autoconfigure.web.client.MockRestServiceServerResetTestExecutionListener@4c550889, org.springframework.boot.test.autoconfigure.web.servlet.MockMvcPrintOnlyOnFailureTestExecutionListener@1d2bd371, org.springframework.boot.test.autoconfigure.web.servlet.WebDriverTestExecutionListener@44040454]
[INFO ] 2021-07-27 15:31:32.294 [main] com.qzsoft.tah.TestJunit - Starting TestJunit on DESKTOP-2S2GF81 with PID 29448 (started by aq in D:\wsd\tah-collection\tah-wsd-platform)
[INFO ] 2021-07-27 15:31:32.295 [main] com.qzsoft.tah.TestJunit - The following profiles are active: dev
[INFO ] 2021-07-27 15:31:33.113 [main] org.springframework.data.repository.config.RepositoryConfigurationDelegate - Multiple Spring Data modules found, entering strict repository configuration mode!
[INFO ] 2021-07-27 15:31:33.115 [main] org.springframework.data.repository.config.RepositoryConfigurationDelegate - Bootstrapping Spring Data JPA repositories in DEFAULT mode.
[INFO ] 2021-07-27 15:31:33.151 [main] org.springframework.data.repository.config.RepositoryConfigurationDelegate - Finished Spring Data repository scanning in 25ms. Found 0 JPA repository interfaces.
[INFO ] 2021-07-27 15:31:33.167 [main] org.springframework.data.repository.config.RepositoryConfigurationDelegate - Multiple Spring Data modules found, entering strict repository configuration mode!
[INFO ] 2021-07-27 15:31:33.169 [main] org.springframework.data.repository.config.RepositoryConfigurationDelegate - Bootstrapping Spring Data Redis repositories in DEFAULT mode.
[INFO ] 2021-07-27 15:31:33.188 [main] org.springframework.data.repository.config.RepositoryConfigurationDelegate - Finished Spring Data repository scanning in 8ms. Found 0 Redis repository interfaces.
[INFO ] 2021-07-27 15:31:33.683 [main] org.springframework.context.support.PostProcessorRegistrationDelegate$BeanPostProcessorChecker - Bean 'org.springframework.transaction.annotation.ProxyTransactionManagementConfiguration' of type [org.springframework.transaction.annotation.ProxyTransactionManagementConfiguration] is not eligible for getting processed by all BeanPostProcessors (for example: not eligible for auto-proxying)
[INFO ] 2021-07-27 15:31:33.865 [main] org.springframework.context.support.PostProcessorRegistrationDelegate$BeanPostProcessorChecker - Bean 'redisConfig' of type [com.qzsoft.tah.config.RedisConfig$$EnhancerBySpringCGLIB$$e48b20e6] is not eligible for getting processed by all BeanPostProcessors (for example: not eligible for auto-proxying)
[INFO ] 2021-07-27 15:31:35.026 [main] org.springframework.boot.web.embedded.tomcat.TomcatWebServer - Tomcat initialized with port(s): 0 (http)
[INFO ] 2021-07-27 15:31:35.037 [main] org.apache.coyote.http11.Http11NioProtocol - Initializing ProtocolHandler ["http-nio-auto-1"]
[INFO ] 2021-07-27 15:31:35.038 [main] org.apache.catalina.core.StandardService - Starting service [Tomcat]
[INFO ] 2021-07-27 15:31:35.038 [main] org.apache.catalina.core.StandardEngine - Starting Servlet engine: [Apache Tomcat/9.0.29]
[INFO ] 2021-07-27 15:31:35.201 [main] org.apache.catalina.core.ContainerBase.[Tomcat].[localhost].[/] - Initializing Spring embedded WebApplicationContext
[INFO ] 2021-07-27 15:31:35.202 [main] org.springframework.web.context.ContextLoader - Root WebApplicationContext: initialization completed in 2892 ms
[INFO ] 2021-07-27 15:31:35.885 [main] com.alibaba.druid.pool.DruidDataSource - {dataSource-1} inited
[INFO ] 2021-07-27 15:31:36.083 [main] org.hibernate.jpa.internal.util.LogHelper - HHH000204: Processing PersistenceUnitInfo [name: default]
[INFO ] 2021-07-27 15:31:36.174 [main] org.hibernate.Version - HHH000412: Hibernate Core {5.4.9.Final}
[INFO ] 2021-07-27 15:31:36.326 [main] org.hibernate.annotations.common.Version - HCANN000001: Hibernate Commons Annotations {5.1.0.Final}
[INFO ] 2021-07-27 15:31:36.485 [main] org.hibernate.dialect.Dialect - HHH000400: Using dialect: org.hibernate.dialect.MySQL57Dialect
[INFO ] 2021-07-27 15:31:36.731 [main] org.hibernate.engine.transaction.jta.platform.internal.JtaPlatformInitiator - HHH000490: Using JtaPlatform implementation: [org.hibernate.engine.transaction.jta.platform.internal.NoJtaPlatform]
[INFO ] 2021-07-27 15:31:36.741 [main] org.springframework.orm.jpa.LocalContainerEntityManagerFactoryBean - Initialized JPA EntityManagerFactory for persistence unit 'default'
[INFO ] 2021-07-27 15:31:37.842 [main] org.springframework.scheduling.concurrent.ThreadPoolTaskExecutor - Initializing ExecutorService 'applicationTaskExecutor'
[INFO ] 2021-07-27 15:31:38.399 [main] org.quartz.impl.StdSchedulerFactory - Using default implementation for ThreadExecutor
[INFO ] 2021-07-27 15:31:38.417 [main] org.quartz.core.SchedulerSignalerImpl - Initialized Scheduler Signaller of type: class org.quartz.core.SchedulerSignalerImpl
[INFO ] 2021-07-27 15:31:38.418 [main] org.quartz.core.QuartzScheduler - Quartz Scheduler v.2.2.1 created.
[INFO ] 2021-07-27 15:31:38.419 [main] org.quartz.simpl.RAMJobStore - RAMJobStore initialized.
[INFO ] 2021-07-27 15:31:38.420 [main] org.quartz.core.QuartzScheduler - Scheduler meta-data: Quartz Scheduler (v2.2.1) 'quartzScheduler' with instanceId 'NON_CLUSTERED'
  Scheduler class: 'org.quartz.core.QuartzScheduler' - running locally.
  NOT STARTED.
  Currently in standby mode.
  Number of jobs executed: 0
  Using thread pool 'org.quartz.simpl.SimpleThreadPool' - with 10 threads.
  Using job-store 'org.quartz.simpl.RAMJobStore' - which does not support persistence. and is not clustered.

[INFO ] 2021-07-27 15:31:38.420 [main] org.quartz.impl.StdSchedulerFactory - Quartz scheduler 'quartzScheduler' initialized from an externally provided properties instance.
[INFO ] 2021-07-27 15:31:38.420 [main] org.quartz.impl.StdSchedulerFactory - Quartz scheduler version: 2.2.1
[INFO ] 2021-07-27 15:31:38.420 [main] org.quartz.core.QuartzScheduler - JobFactory set to: org.springframework.scheduling.quartz.SpringBeanJobFactory@23dda7a3
[INFO ] 2021-07-27 15:31:38.485 [main] org.apache.catalina.core.ContainerBase.[Tomcat].[localhost].[/] - Initializing Spring TestDispatcherServlet ''
[INFO ] 2021-07-27 15:31:38.486 [main] org.springframework.test.web.servlet.TestDispatcherServlet - Initializing Servlet ''
[INFO ] 2021-07-27 15:31:38.505 [main] org.springframework.test.web.servlet.TestDispatcherServlet - Completed initialization in 19 ms
[INFO ] 2021-07-27 15:31:39.600 [main] org.springframework.scheduling.quartz.SchedulerFactoryBean - Starting Quartz Scheduler now
[INFO ] 2021-07-27 15:31:39.601 [main] org.quartz.core.QuartzScheduler - Scheduler quartzScheduler_$_NON_CLUSTERED started.
[INFO ] 2021-07-27 15:31:39.608 [main] org.apache.coyote.http11.Http11NioProtocol - Starting ProtocolHandler ["http-nio-auto-1"]
[INFO ] 2021-07-27 15:31:39.637 [main] org.springframework.boot.web.embedded.tomcat.TomcatWebServer - Tomcat started on port(s): 55548 (http) with context path ''
[INFO ] 2021-07-27 15:31:39.640 [main] com.qzsoft.tah.TestJunit - Started TestJunit in 7.904 seconds (JVM running for 9.302)
[INFO ] 2021-07-27 15:31:39.877 [main] io.lettuce.core.EpollProvider - Starting without optional epoll library
[INFO ] 2021-07-27 15:31:39.880 [main] io.lettuce.core.KqueueProvider - Starting without optional kqueue library
[INFO ] 2021-07-27 15:31:51.657 [SpringContextShutdownHook] org.quartz.core.QuartzScheduler - Scheduler quartzScheduler_$_NON_CLUSTERED paused.
[INFO ] 2021-07-27 15:31:51.658 [SpringContextShutdownHook] org.springframework.scheduling.quartz.SchedulerFactoryBean - Shutting down Quartz Scheduler
[INFO ] 2021-07-27 15:31:51.658 [SpringContextShutdownHook] org.quartz.core.QuartzScheduler - Scheduler quartzScheduler_$_NON_CLUSTERED shutting down.
[INFO ] 2021-07-27 15:31:51.658 [SpringContextShutdownHook] org.quartz.core.QuartzScheduler - Scheduler quartzScheduler_$_NON_CLUSTERED paused.
[INFO ] 2021-07-27 15:31:51.659 [SpringContextShutdownHook] org.quartz.core.QuartzScheduler - Scheduler quartzScheduler_$_NON_CLUSTERED shutdown complete.
[INFO ] 2021-07-27 15:31:51.661 [SpringContextShutdownHook] org.springframework.scheduling.concurrent.ThreadPoolTaskExecutor - Shutting down ExecutorService 'applicationTaskExecutor'
[INFO ] 2021-07-27 15:31:51.662 [SpringContextShutdownHook] org.springframework.orm.jpa.LocalContainerEntityManagerFactoryBean - Closing JPA EntityManagerFactory for persistence unit 'default'
[INFO ] 2021-07-27 15:31:51.670 [SpringContextShutdownHook] com.alibaba.druid.pool.DruidDataSource - {dataSource-1} closed
