[INFO ] 2021-06-28 16:42:17.644 [main] org.springframework.boot.test.context.SpringBootTestContextBootstrapper - Neither @ContextConfiguration nor @ContextHierarchy found for test class [com.qzsoft.tah.TestJunit], using SpringBootContextLoader
[INFO ] 2021-06-28 16:42:17.654 [main] org.springframework.test.context.support.AbstractContextLoader - Could not detect default resource locations for test class [com.qzsoft.tah.TestJunit]: no resource found for suffixes {-context.xml, Context.groovy}.
[INFO ] 2021-06-28 16:42:17.953 [main] org.springframework.boot.test.context.SpringBootTestContextBootstrapper - Loaded default TestExecutionListener class names from location [META-INF/spring.factories]: [org.springframework.boot.test.mock.mockito.MockitoTestExecutionListener, org.springframework.boot.test.mock.mockito.ResetMocksTestExecutionListener, org.springframework.boot.test.autoconfigure.restdocs.RestDocsTestExecutionListener, org.springframework.boot.test.autoconfigure.web.client.MockRestServiceServerResetTestExecutionListener, org.springframework.boot.test.autoconfigure.web.servlet.MockMvcPrintOnlyOnFailureTestExecutionListener, org.springframework.boot.test.autoconfigure.web.servlet.WebDriverTestExecutionListener, org.springframework.test.context.web.ServletTestExecutionListener, org.springframework.test.context.support.DirtiesContextBeforeModesTestExecutionListener, org.springframework.test.context.support.DependencyInjectionTestExecutionListener, org.springframework.test.context.support.DirtiesContextTestExecutionListener, org.springframework.test.context.transaction.TransactionalTestExecutionListener, org.springframework.test.context.jdbc.SqlScriptsTestExecutionListener, org.springframework.test.context.event.EventPublishingTestExecutionListener]
[INFO ] 2021-06-28 16:42:17.979 [main] org.springframework.boot.test.context.SpringBootTestContextBootstrapper - Using TestExecutionListeners: [org.springframework.test.context.web.ServletTestExecutionListener@178213b, org.springframework.test.context.support.DirtiesContextBeforeModesTestExecutionListener@7103cb56, org.springframework.boot.test.mock.mockito.MockitoTestExecutionListener@1b765a2c, org.springframework.boot.test.autoconfigure.SpringBootDependencyInjectionTestExecutionListener@2e8e8225, org.springframework.test.context.support.DirtiesContextTestExecutionListener@6ebf0f36, org.springframework.test.context.transaction.TransactionalTestExecutionListener@18920cc, org.springframework.test.context.jdbc.SqlScriptsTestExecutionListener@2807bdeb, org.springframework.test.context.event.EventPublishingTestExecutionListener@72c28d64, org.springframework.boot.test.mock.mockito.ResetMocksTestExecutionListener@6492fab5, org.springframework.boot.test.autoconfigure.restdocs.RestDocsTestExecutionListener@2c5529ab, org.springframework.boot.test.autoconfigure.web.client.MockRestServiceServerResetTestExecutionListener@39a8312f, org.springframework.boot.test.autoconfigure.web.servlet.MockMvcPrintOnlyOnFailureTestExecutionListener@5f6722d3, org.springframework.boot.test.autoconfigure.web.servlet.WebDriverTestExecutionListener@2c532cd8]
[INFO ] 2021-06-28 16:42:18.639 [main] com.qzsoft.tah.TestJunit - Starting TestJunit on DESKTOP-2S2GF81 with PID 6952 (started by aq in D:\wsd\tah-collection\tah-wsd-platform)
[INFO ] 2021-06-28 16:42:18.640 [main] com.qzsoft.tah.TestJunit - The following profiles are active: dev
[INFO ] 2021-06-28 16:42:19.610 [main] org.springframework.data.repository.config.RepositoryConfigurationDelegate - Bootstrapping Spring Data JPA repositories in DEFAULT mode.
[INFO ] 2021-06-28 16:42:19.862 [main] org.springframework.data.repository.config.RepositoryConfigurationDelegate - Finished Spring Data repository scanning in 239ms. Found 5 JPA repository interfaces.
[INFO ] 2021-06-28 16:42:20.436 [main] org.springframework.context.support.PostProcessorRegistrationDelegate$BeanPostProcessorChecker - Bean 'org.springframework.transaction.annotation.ProxyTransactionManagementConfiguration' of type [org.springframework.transaction.annotation.ProxyTransactionManagementConfiguration] is not eligible for getting processed by all BeanPostProcessors (for example: not eligible for auto-proxying)
[INFO ] 2021-06-28 16:42:21.697 [main] org.springframework.boot.web.embedded.tomcat.TomcatWebServer - Tomcat initialized with port(s): 0 (http)
[INFO ] 2021-06-28 16:42:21.710 [main] org.apache.coyote.http11.Http11NioProtocol - Initializing ProtocolHandler ["http-nio-auto-1"]
[INFO ] 2021-06-28 16:42:21.711 [main] org.apache.catalina.core.StandardService - Starting service [Tomcat]
[INFO ] 2021-06-28 16:42:21.711 [main] org.apache.catalina.core.StandardEngine - Starting Servlet engine: [Apache Tomcat/9.0.29]
[INFO ] 2021-06-28 16:42:21.879 [main] org.apache.catalina.core.ContainerBase.[Tomcat].[localhost].[/] - Initializing Spring embedded WebApplicationContext
[INFO ] 2021-06-28 16:42:21.879 [main] org.springframework.web.context.ContextLoader - Root WebApplicationContext: initialization completed in 3199 ms
[INFO ] 2021-06-28 16:42:22.359 [main] com.alibaba.druid.pool.DruidDataSource - {dataSource-1} inited
[INFO ] 2021-06-28 16:42:22.597 [main] org.hibernate.jpa.internal.util.LogHelper - HHH000204: Processing PersistenceUnitInfo [name: default]
[INFO ] 2021-06-28 16:42:22.724 [main] org.hibernate.Version - HHH000412: Hibernate Core {5.4.9.Final}
[INFO ] 2021-06-28 16:42:22.951 [main] org.hibernate.annotations.common.Version - HCANN000001: Hibernate Commons Annotations {5.1.0.Final}
[INFO ] 2021-06-28 16:42:23.167 [main] org.hibernate.dialect.Dialect - HHH000400: Using dialect: org.hibernate.dialect.MySQL57Dialect
[INFO ] 2021-06-28 16:42:24.143 [main] org.hibernate.engine.transaction.jta.platform.internal.JtaPlatformInitiator - HHH000490: Using JtaPlatform implementation: [org.hibernate.engine.transaction.jta.platform.internal.NoJtaPlatform]
[INFO ] 2021-06-28 16:42:24.152 [main] org.springframework.orm.jpa.LocalContainerEntityManagerFactoryBean - Initialized JPA EntityManagerFactory for persistence unit 'default'
[INFO ] 2021-06-28 16:42:25.081 [main] org.quartz.impl.StdSchedulerFactory - Using default implementation for ThreadExecutor
[INFO ] 2021-06-28 16:42:25.113 [main] org.quartz.core.SchedulerSignalerImpl - Initialized Scheduler Signaller of type: class org.quartz.core.SchedulerSignalerImpl
[INFO ] 2021-06-28 16:42:25.114 [main] org.quartz.core.QuartzScheduler - Quartz Scheduler v.2.2.1 created.
[INFO ] 2021-06-28 16:42:25.115 [main] org.quartz.simpl.RAMJobStore - RAMJobStore initialized.
[INFO ] 2021-06-28 16:42:25.116 [main] org.quartz.core.QuartzScheduler - Scheduler meta-data: Quartz Scheduler (v2.2.1) 'schedulerFactoryBean' with instanceId 'NON_CLUSTERED'
  Scheduler class: 'org.quartz.core.QuartzScheduler' - running locally.
  NOT STARTED.
  Currently in standby mode.
  Number of jobs executed: 0
  Using thread pool 'org.quartz.simpl.SimpleThreadPool' - with 10 threads.
  Using job-store 'org.quartz.simpl.RAMJobStore' - which does not support persistence. and is not clustered.

[INFO ] 2021-06-28 16:42:25.117 [main] org.quartz.impl.StdSchedulerFactory - Quartz scheduler 'schedulerFactoryBean' initialized from an externally provided properties instance.
[INFO ] 2021-06-28 16:42:25.117 [main] org.quartz.impl.StdSchedulerFactory - Quartz scheduler version: 2.2.1
[INFO ] 2021-06-28 16:42:25.117 [main] org.quartz.core.QuartzScheduler - JobFactory set to: com.qzsoft.tah.task.config.JobFactory@6aaf1ce8
[INFO ] 2021-06-28 16:42:25.573 [main] org.springframework.scheduling.concurrent.ThreadPoolTaskExecutor - Initializing ExecutorService 'applicationTaskExecutor'
[INFO ] 2021-06-28 16:42:26.201 [main] org.springframework.scheduling.concurrent.ThreadPoolTaskScheduler - Initializing ExecutorService 'taskScheduler'
[INFO ] 2021-06-28 16:42:26.252 [main] org.apache.catalina.core.ContainerBase.[Tomcat].[localhost].[/] - Initializing Spring TestDispatcherServlet ''
[INFO ] 2021-06-28 16:42:26.252 [main] org.springframework.test.web.servlet.TestDispatcherServlet - Initializing Servlet ''
[INFO ] 2021-06-28 16:42:26.270 [main] org.springframework.test.web.servlet.TestDispatcherServlet - Completed initialization in 18 ms
[INFO ] 2021-06-28 16:42:27.326 [main] org.springframework.scheduling.quartz.SchedulerFactoryBean - Starting Quartz Scheduler now
[INFO ] 2021-06-28 16:42:27.326 [main] org.quartz.core.QuartzScheduler - Scheduler schedulerFactoryBean_$_NON_CLUSTERED started.
[INFO ] 2021-06-28 16:42:27.337 [main] org.apache.coyote.http11.Http11NioProtocol - Starting ProtocolHandler ["http-nio-auto-1"]
[INFO ] 2021-06-28 16:42:27.366 [main] org.springframework.boot.web.embedded.tomcat.TomcatWebServer - Tomcat started on port(s): 56356 (http) with context path ''
[INFO ] 2021-06-28 16:42:27.368 [main] com.qzsoft.tah.TestJunit - Started TestJunit in 9.318 seconds (JVM running for 10.794)
[INFO ] 2021-06-28 16:42:27.942 [SpringContextShutdownHook] org.quartz.core.QuartzScheduler - Scheduler schedulerFactoryBean_$_NON_CLUSTERED paused.
[INFO ] 2021-06-28 16:42:27.943 [SpringContextShutdownHook] org.springframework.scheduling.concurrent.ThreadPoolTaskScheduler - Shutting down ExecutorService 'taskScheduler'
[INFO ] 2021-06-28 16:42:27.944 [SpringContextShutdownHook] org.springframework.scheduling.concurrent.ThreadPoolTaskExecutor - Shutting down ExecutorService 'applicationTaskExecutor'
[INFO ] 2021-06-28 16:42:27.944 [SpringContextShutdownHook] org.quartz.core.QuartzScheduler - Scheduler schedulerFactoryBean_$_NON_CLUSTERED shutting down.
[INFO ] 2021-06-28 16:42:27.944 [SpringContextShutdownHook] org.quartz.core.QuartzScheduler - Scheduler schedulerFactoryBean_$_NON_CLUSTERED paused.
[INFO ] 2021-06-28 16:42:27.945 [SpringContextShutdownHook] org.quartz.core.QuartzScheduler - Scheduler schedulerFactoryBean_$_NON_CLUSTERED shutdown complete.
[INFO ] 2021-06-28 16:42:27.945 [SpringContextShutdownHook] org.springframework.scheduling.quartz.SchedulerFactoryBean - Shutting down Quartz Scheduler
[INFO ] 2021-06-28 16:42:27.946 [SpringContextShutdownHook] org.springframework.orm.jpa.LocalContainerEntityManagerFactoryBean - Closing JPA EntityManagerFactory for persistence unit 'default'
[INFO ] 2021-06-28 16:42:27.956 [SpringContextShutdownHook] com.alibaba.druid.pool.DruidDataSource - {dataSource-1} closed
[INFO ] 2021-06-28 16:44:03.201 [main] org.springframework.boot.test.context.SpringBootTestContextBootstrapper - Neither @ContextConfiguration nor @ContextHierarchy found for test class [com.qzsoft.tah.TestJunit], using SpringBootContextLoader
[INFO ] 2021-06-28 16:44:03.209 [main] org.springframework.test.context.support.AbstractContextLoader - Could not detect default resource locations for test class [com.qzsoft.tah.TestJunit]: no resource found for suffixes {-context.xml, Context.groovy}.
[INFO ] 2021-06-28 16:44:03.458 [main] org.springframework.boot.test.context.SpringBootTestContextBootstrapper - Loaded default TestExecutionListener class names from location [META-INF/spring.factories]: [org.springframework.boot.test.mock.mockito.MockitoTestExecutionListener, org.springframework.boot.test.mock.mockito.ResetMocksTestExecutionListener, org.springframework.boot.test.autoconfigure.restdocs.RestDocsTestExecutionListener, org.springframework.boot.test.autoconfigure.web.client.MockRestServiceServerResetTestExecutionListener, org.springframework.boot.test.autoconfigure.web.servlet.MockMvcPrintOnlyOnFailureTestExecutionListener, org.springframework.boot.test.autoconfigure.web.servlet.WebDriverTestExecutionListener, org.springframework.test.context.web.ServletTestExecutionListener, org.springframework.test.context.support.DirtiesContextBeforeModesTestExecutionListener, org.springframework.test.context.support.DependencyInjectionTestExecutionListener, org.springframework.test.context.support.DirtiesContextTestExecutionListener, org.springframework.test.context.transaction.TransactionalTestExecutionListener, org.springframework.test.context.jdbc.SqlScriptsTestExecutionListener, org.springframework.test.context.event.EventPublishingTestExecutionListener]
[INFO ] 2021-06-28 16:44:03.479 [main] org.springframework.boot.test.context.SpringBootTestContextBootstrapper - Using TestExecutionListeners: [org.springframework.test.context.web.ServletTestExecutionListener@613a8ee1, org.springframework.test.context.support.DirtiesContextBeforeModesTestExecutionListener@178213b, org.springframework.boot.test.mock.mockito.MockitoTestExecutionListener@7103cb56, org.springframework.boot.test.autoconfigure.SpringBootDependencyInjectionTestExecutionListener@1b765a2c, org.springframework.test.context.support.DirtiesContextTestExecutionListener@2e8e8225, org.springframework.test.context.transaction.TransactionalTestExecutionListener@6ebf0f36, org.springframework.test.context.jdbc.SqlScriptsTestExecutionListener@18920cc, org.springframework.test.context.event.EventPublishingTestExecutionListener@2807bdeb, org.springframework.boot.test.mock.mockito.ResetMocksTestExecutionListener@72c28d64, org.springframework.boot.test.autoconfigure.restdocs.RestDocsTestExecutionListener@6492fab5, org.springframework.boot.test.autoconfigure.web.client.MockRestServiceServerResetTestExecutionListener@2c5529ab, org.springframework.boot.test.autoconfigure.web.servlet.MockMvcPrintOnlyOnFailureTestExecutionListener@39a8312f, org.springframework.boot.test.autoconfigure.web.servlet.WebDriverTestExecutionListener@5f6722d3]
[INFO ] 2021-06-28 16:44:04.082 [main] com.qzsoft.tah.TestJunit - Starting TestJunit on DESKTOP-2S2GF81 with PID 12648 (started by aq in D:\wsd\tah-collection\tah-wsd-platform)
[INFO ] 2021-06-28 16:44:04.083 [main] com.qzsoft.tah.TestJunit - The following profiles are active: dev
[INFO ] 2021-06-28 16:44:04.928 [main] org.springframework.data.repository.config.RepositoryConfigurationDelegate - Bootstrapping Spring Data JPA repositories in DEFAULT mode.
[INFO ] 2021-06-28 16:44:05.172 [main] org.springframework.data.repository.config.RepositoryConfigurationDelegate - Finished Spring Data repository scanning in 230ms. Found 5 JPA repository interfaces.
[INFO ] 2021-06-28 16:44:05.721 [main] org.springframework.context.support.PostProcessorRegistrationDelegate$BeanPostProcessorChecker - Bean 'org.springframework.transaction.annotation.ProxyTransactionManagementConfiguration' of type [org.springframework.transaction.annotation.ProxyTransactionManagementConfiguration] is not eligible for getting processed by all BeanPostProcessors (for example: not eligible for auto-proxying)
[INFO ] 2021-06-28 16:44:06.892 [main] org.springframework.boot.web.embedded.tomcat.TomcatWebServer - Tomcat initialized with port(s): 0 (http)
[INFO ] 2021-06-28 16:44:06.904 [main] org.apache.coyote.http11.Http11NioProtocol - Initializing ProtocolHandler ["http-nio-auto-1"]
[INFO ] 2021-06-28 16:44:06.904 [main] org.apache.catalina.core.StandardService - Starting service [Tomcat]
[INFO ] 2021-06-28 16:44:06.905 [main] org.apache.catalina.core.StandardEngine - Starting Servlet engine: [Apache Tomcat/9.0.29]
[INFO ] 2021-06-28 16:44:07.069 [main] org.apache.catalina.core.ContainerBase.[Tomcat].[localhost].[/] - Initializing Spring embedded WebApplicationContext
[INFO ] 2021-06-28 16:44:07.069 [main] org.springframework.web.context.ContextLoader - Root WebApplicationContext: initialization completed in 2968 ms
[INFO ] 2021-06-28 16:44:07.496 [main] com.alibaba.druid.pool.DruidDataSource - {dataSource-1} inited
[INFO ] 2021-06-28 16:44:07.716 [main] org.hibernate.jpa.internal.util.LogHelper - HHH000204: Processing PersistenceUnitInfo [name: default]
[INFO ] 2021-06-28 16:44:07.833 [main] org.hibernate.Version - HHH000412: Hibernate Core {5.4.9.Final}
[INFO ] 2021-06-28 16:44:08.004 [main] org.hibernate.annotations.common.Version - HCANN000001: Hibernate Commons Annotations {5.1.0.Final}
[INFO ] 2021-06-28 16:44:08.166 [main] org.hibernate.dialect.Dialect - HHH000400: Using dialect: org.hibernate.dialect.MySQL57Dialect
[INFO ] 2021-06-28 16:44:09.033 [main] org.hibernate.engine.transaction.jta.platform.internal.JtaPlatformInitiator - HHH000490: Using JtaPlatform implementation: [org.hibernate.engine.transaction.jta.platform.internal.NoJtaPlatform]
[INFO ] 2021-06-28 16:44:09.042 [main] org.springframework.orm.jpa.LocalContainerEntityManagerFactoryBean - Initialized JPA EntityManagerFactory for persistence unit 'default'
[INFO ] 2021-06-28 16:44:09.762 [main] org.quartz.impl.StdSchedulerFactory - Using default implementation for ThreadExecutor
[INFO ] 2021-06-28 16:44:09.780 [main] org.quartz.core.SchedulerSignalerImpl - Initialized Scheduler Signaller of type: class org.quartz.core.SchedulerSignalerImpl
[INFO ] 2021-06-28 16:44:09.782 [main] org.quartz.core.QuartzScheduler - Quartz Scheduler v.2.2.1 created.
[INFO ] 2021-06-28 16:44:09.783 [main] org.quartz.simpl.RAMJobStore - RAMJobStore initialized.
[INFO ] 2021-06-28 16:44:09.785 [main] org.quartz.core.QuartzScheduler - Scheduler meta-data: Quartz Scheduler (v2.2.1) 'schedulerFactoryBean' with instanceId 'NON_CLUSTERED'
  Scheduler class: 'org.quartz.core.QuartzScheduler' - running locally.
  NOT STARTED.
  Currently in standby mode.
  Number of jobs executed: 0
  Using thread pool 'org.quartz.simpl.SimpleThreadPool' - with 10 threads.
  Using job-store 'org.quartz.simpl.RAMJobStore' - which does not support persistence. and is not clustered.

[INFO ] 2021-06-28 16:44:09.785 [main] org.quartz.impl.StdSchedulerFactory - Quartz scheduler 'schedulerFactoryBean' initialized from an externally provided properties instance.
[INFO ] 2021-06-28 16:44:09.785 [main] org.quartz.impl.StdSchedulerFactory - Quartz scheduler version: 2.2.1
[INFO ] 2021-06-28 16:44:09.786 [main] org.quartz.core.QuartzScheduler - JobFactory set to: com.qzsoft.tah.task.config.JobFactory@3da55998
[INFO ] 2021-06-28 16:44:10.225 [main] org.springframework.scheduling.concurrent.ThreadPoolTaskExecutor - Initializing ExecutorService 'applicationTaskExecutor'
[INFO ] 2021-06-28 16:44:10.758 [main] org.springframework.scheduling.concurrent.ThreadPoolTaskScheduler - Initializing ExecutorService 'taskScheduler'
[INFO ] 2021-06-28 16:44:10.812 [main] org.apache.catalina.core.ContainerBase.[Tomcat].[localhost].[/] - Initializing Spring TestDispatcherServlet ''
[INFO ] 2021-06-28 16:44:10.812 [main] org.springframework.test.web.servlet.TestDispatcherServlet - Initializing Servlet ''
[INFO ] 2021-06-28 16:44:10.831 [main] org.springframework.test.web.servlet.TestDispatcherServlet - Completed initialization in 19 ms
[INFO ] 2021-06-28 16:44:11.831 [main] org.springframework.scheduling.quartz.SchedulerFactoryBean - Starting Quartz Scheduler now
[INFO ] 2021-06-28 16:44:11.831 [main] org.quartz.core.QuartzScheduler - Scheduler schedulerFactoryBean_$_NON_CLUSTERED started.
[INFO ] 2021-06-28 16:44:11.843 [main] org.apache.coyote.http11.Http11NioProtocol - Starting ProtocolHandler ["http-nio-auto-1"]
[INFO ] 2021-06-28 16:44:11.874 [main] org.springframework.boot.web.embedded.tomcat.TomcatWebServer - Tomcat started on port(s): 56490 (http) with context path ''
[INFO ] 2021-06-28 16:44:11.875 [main] com.qzsoft.tah.TestJunit - Started TestJunit in 8.324 seconds (JVM running for 9.833)
[INFO ] 2021-06-28 16:44:12.424 [SpringContextShutdownHook] org.quartz.core.QuartzScheduler - Scheduler schedulerFactoryBean_$_NON_CLUSTERED paused.
[INFO ] 2021-06-28 16:44:12.424 [SpringContextShutdownHook] org.springframework.scheduling.concurrent.ThreadPoolTaskScheduler - Shutting down ExecutorService 'taskScheduler'
[INFO ] 2021-06-28 16:44:12.425 [SpringContextShutdownHook] org.springframework.scheduling.concurrent.ThreadPoolTaskExecutor - Shutting down ExecutorService 'applicationTaskExecutor'
[INFO ] 2021-06-28 16:44:12.425 [SpringContextShutdownHook] org.quartz.core.QuartzScheduler - Scheduler schedulerFactoryBean_$_NON_CLUSTERED shutting down.
[INFO ] 2021-06-28 16:44:12.425 [SpringContextShutdownHook] org.quartz.core.QuartzScheduler - Scheduler schedulerFactoryBean_$_NON_CLUSTERED paused.
[INFO ] 2021-06-28 16:44:12.426 [SpringContextShutdownHook] org.quartz.core.QuartzScheduler - Scheduler schedulerFactoryBean_$_NON_CLUSTERED shutdown complete.
[INFO ] 2021-06-28 16:44:12.427 [SpringContextShutdownHook] org.springframework.scheduling.quartz.SchedulerFactoryBean - Shutting down Quartz Scheduler
[INFO ] 2021-06-28 16:44:12.427 [SpringContextShutdownHook] org.springframework.orm.jpa.LocalContainerEntityManagerFactoryBean - Closing JPA EntityManagerFactory for persistence unit 'default'
[INFO ] 2021-06-28 16:44:12.433 [SpringContextShutdownHook] com.alibaba.druid.pool.DruidDataSource - {dataSource-1} closed
