[INFO ] 2021-07-14 15:53:19.802 [main] org.springframework.boot.test.context.SpringBootTestContextBootstrapper - Neither @ContextConfiguration nor @ContextHierarchy found for test class [com.qzsoft.tah.TestJunit], using SpringBootContextLoader
[INFO ] 2021-07-14 15:53:19.815 [main] org.springframework.test.context.support.AbstractContextLoader - Could not detect default resource locations for test class [com.qzsoft.tah.TestJunit]: no resource found for suffixes {-context.xml, Context.groovy}.
[INFO ] 2021-07-14 15:53:20.202 [main] org.springframework.boot.test.context.SpringBootTestContextBootstrapper - Loaded default TestExecutionListener class names from location [META-INF/spring.factories]: [org.springframework.boot.test.mock.mockito.MockitoTestExecutionListener, org.springframework.boot.test.mock.mockito.ResetMocksTestExecutionListener, org.springframework.boot.test.autoconfigure.restdocs.RestDocsTestExecutionListener, org.springframework.boot.test.autoconfigure.web.client.MockRestServiceServerResetTestExecutionListener, org.springframework.boot.test.autoconfigure.web.servlet.MockMvcPrintOnlyOnFailureTestExecutionListener, org.springframework.boot.test.autoconfigure.web.servlet.WebDriverTestExecutionListener, org.springframework.test.context.web.ServletTestExecutionListener, org.springframework.test.context.support.DirtiesContextBeforeModesTestExecutionListener, org.springframework.test.context.support.DependencyInjectionTestExecutionListener, org.springframework.test.context.support.DirtiesContextTestExecutionListener, org.springframework.test.context.transaction.TransactionalTestExecutionListener, org.springframework.test.context.jdbc.SqlScriptsTestExecutionListener, org.springframework.test.context.event.EventPublishingTestExecutionListener]
[INFO ] 2021-07-14 15:53:20.247 [main] org.springframework.boot.test.context.SpringBootTestContextBootstrapper - Using TestExecutionListeners: [org.springframework.test.context.web.ServletTestExecutionListener@21baa903, org.springframework.test.context.support.DirtiesContextBeforeModesTestExecutionListener@607fbe09, org.springframework.boot.test.mock.mockito.MockitoTestExecutionListener@60a2630a, org.springframework.boot.test.autoconfigure.SpringBootDependencyInjectionTestExecutionListener@29df4d43, org.springframework.test.context.support.DirtiesContextTestExecutionListener@5dd91bca, org.springframework.test.context.transaction.TransactionalTestExecutionListener@40cb698e, org.springframework.test.context.jdbc.SqlScriptsTestExecutionListener@3382f8ae, org.springframework.test.context.event.EventPublishingTestExecutionListener@60641ec8, org.springframework.boot.test.mock.mockito.ResetMocksTestExecutionListener@75f65e45, org.springframework.boot.test.autoconfigure.restdocs.RestDocsTestExecutionListener@6eeade6c, org.springframework.boot.test.autoconfigure.web.client.MockRestServiceServerResetTestExecutionListener@4a891c97, org.springframework.boot.test.autoconfigure.web.servlet.MockMvcPrintOnlyOnFailureTestExecutionListener@a5bd950, org.springframework.boot.test.autoconfigure.web.servlet.WebDriverTestExecutionListener@4d18aa28]
[INFO ] 2021-07-14 15:53:21.188 [main] com.qzsoft.tah.TestJunit - Starting TestJunit on DESKTOP-2S2GF81 with PID 29792 (started by aq in D:\wsd\tah-collection\tah-wsd-platform)
[INFO ] 2021-07-14 15:53:21.189 [main] com.qzsoft.tah.TestJunit - The following profiles are active: dev
[INFO ] 2021-07-14 15:53:22.627 [main] org.springframework.data.repository.config.RepositoryConfigurationDelegate - Bootstrapping Spring Data JPA repositories in DEFAULT mode.
[INFO ] 2021-07-14 15:53:22.953 [main] org.springframework.data.repository.config.RepositoryConfigurationDelegate - Finished Spring Data repository scanning in 309ms. Found 3 JPA repository interfaces.
[INFO ] 2021-07-14 15:53:23.847 [main] org.springframework.context.support.PostProcessorRegistrationDelegate$BeanPostProcessorChecker - Bean 'org.springframework.transaction.annotation.ProxyTransactionManagementConfiguration' of type [org.springframework.transaction.annotation.ProxyTransactionManagementConfiguration] is not eligible for getting processed by all BeanPostProcessors (for example: not eligible for auto-proxying)
[INFO ] 2021-07-14 15:53:25.710 [main] org.springframework.boot.web.embedded.tomcat.TomcatWebServer - Tomcat initialized with port(s): 0 (http)
[INFO ] 2021-07-14 15:53:25.732 [main] org.apache.coyote.http11.Http11NioProtocol - Initializing ProtocolHandler ["http-nio-auto-1"]
[INFO ] 2021-07-14 15:53:25.733 [main] org.apache.catalina.core.StandardService - Starting service [Tomcat]
[INFO ] 2021-07-14 15:53:25.733 [main] org.apache.catalina.core.StandardEngine - Starting Servlet engine: [Apache Tomcat/9.0.29]
[INFO ] 2021-07-14 15:53:26.090 [main] org.apache.catalina.core.ContainerBase.[Tomcat].[localhost].[/] - Initializing Spring embedded WebApplicationContext
[INFO ] 2021-07-14 15:53:26.090 [main] org.springframework.web.context.ContextLoader - Root WebApplicationContext: initialization completed in 4875 ms
[INFO ] 2021-07-14 15:53:27.921 [main] com.alibaba.druid.pool.DruidDataSource - {dataSource-1} inited
[INFO ] 2021-07-14 15:53:28.345 [main] org.hibernate.jpa.internal.util.LogHelper - HHH000204: Processing PersistenceUnitInfo [name: default]
[INFO ] 2021-07-14 15:53:28.543 [main] org.hibernate.Version - HHH000412: Hibernate Core {5.4.9.Final}
[INFO ] 2021-07-14 15:53:28.991 [main] org.hibernate.annotations.common.Version - HCANN000001: Hibernate Commons Annotations {5.1.0.Final}
[INFO ] 2021-07-14 15:53:29.402 [main] org.hibernate.dialect.Dialect - HHH000400: Using dialect: org.hibernate.dialect.MySQL57Dialect
[INFO ] 2021-07-14 15:53:33.460 [main] org.hibernate.engine.transaction.jta.platform.internal.JtaPlatformInitiator - HHH000490: Using JtaPlatform implementation: [org.hibernate.engine.transaction.jta.platform.internal.NoJtaPlatform]
[INFO ] 2021-07-14 15:53:33.519 [main] org.springframework.orm.jpa.LocalContainerEntityManagerFactoryBean - Initialized JPA EntityManagerFactory for persistence unit 'default'
[INFO ] 2021-07-14 15:53:35.647 [main] org.springframework.scheduling.concurrent.ThreadPoolTaskExecutor - Initializing ExecutorService 'applicationTaskExecutor'
[INFO ] 2021-07-14 15:53:41.042 [main] org.quartz.impl.StdSchedulerFactory - Using default implementation for ThreadExecutor
[INFO ] 2021-07-14 15:53:41.074 [main] org.quartz.core.SchedulerSignalerImpl - Initialized Scheduler Signaller of type: class org.quartz.core.SchedulerSignalerImpl
[INFO ] 2021-07-14 15:53:41.076 [main] org.quartz.core.QuartzScheduler - Quartz Scheduler v.2.2.1 created.
[INFO ] 2021-07-14 15:53:41.077 [main] org.quartz.simpl.RAMJobStore - RAMJobStore initialized.
[INFO ] 2021-07-14 15:53:41.080 [main] org.quartz.core.QuartzScheduler - Scheduler meta-data: Quartz Scheduler (v2.2.1) 'quartzScheduler' with instanceId 'NON_CLUSTERED'
  Scheduler class: 'org.quartz.core.QuartzScheduler' - running locally.
  NOT STARTED.
  Currently in standby mode.
  Number of jobs executed: 0
  Using thread pool 'org.quartz.simpl.SimpleThreadPool' - with 10 threads.
  Using job-store 'org.quartz.simpl.RAMJobStore' - which does not support persistence. and is not clustered.

[INFO ] 2021-07-14 15:53:41.082 [main] org.quartz.impl.StdSchedulerFactory - Quartz scheduler 'quartzScheduler' initialized from an externally provided properties instance.
[INFO ] 2021-07-14 15:53:41.082 [main] org.quartz.impl.StdSchedulerFactory - Quartz scheduler version: 2.2.1
[INFO ] 2021-07-14 15:53:41.082 [main] org.quartz.core.QuartzScheduler - JobFactory set to: org.springframework.scheduling.quartz.SpringBeanJobFactory@69ee0861
[INFO ] 2021-07-14 15:53:41.498 [main] org.apache.catalina.core.ContainerBase.[Tomcat].[localhost].[/] - Initializing Spring TestDispatcherServlet ''
[INFO ] 2021-07-14 15:53:41.498 [main] org.springframework.test.web.servlet.TestDispatcherServlet - Initializing Servlet ''
[INFO ] 2021-07-14 15:53:41.700 [main] org.springframework.test.web.servlet.TestDispatcherServlet - Completed initialization in 202 ms
[INFO ] 2021-07-14 15:53:45.040 [main] org.springframework.scheduling.quartz.SchedulerFactoryBean - Starting Quartz Scheduler now
[INFO ] 2021-07-14 15:53:45.040 [main] org.quartz.core.QuartzScheduler - Scheduler quartzScheduler_$_NON_CLUSTERED started.
[INFO ] 2021-07-14 15:53:45.082 [main] org.apache.coyote.http11.Http11NioProtocol - Starting ProtocolHandler ["http-nio-auto-1"]
[INFO ] 2021-07-14 15:53:45.118 [main] org.springframework.boot.web.embedded.tomcat.TomcatWebServer - Tomcat started on port(s): 65508 (http) with context path ''
[INFO ] 2021-07-14 15:53:45.124 [main] com.qzsoft.tah.TestJunit - Started TestJunit in 24.647 seconds (JVM running for 27.04)
[INFO ] 2021-07-14 15:53:45.709 [SpringContextShutdownHook] org.quartz.core.QuartzScheduler - Scheduler quartzScheduler_$_NON_CLUSTERED paused.
[INFO ] 2021-07-14 15:53:45.724 [SpringContextShutdownHook] org.springframework.scheduling.quartz.SchedulerFactoryBean - Shutting down Quartz Scheduler
[INFO ] 2021-07-14 15:53:45.724 [SpringContextShutdownHook] org.quartz.core.QuartzScheduler - Scheduler quartzScheduler_$_NON_CLUSTERED shutting down.
[INFO ] 2021-07-14 15:53:45.724 [SpringContextShutdownHook] org.quartz.core.QuartzScheduler - Scheduler quartzScheduler_$_NON_CLUSTERED paused.
[INFO ] 2021-07-14 15:53:45.726 [SpringContextShutdownHook] org.quartz.core.QuartzScheduler - Scheduler quartzScheduler_$_NON_CLUSTERED shutdown complete.
[INFO ] 2021-07-14 15:53:45.726 [SpringContextShutdownHook] org.springframework.scheduling.concurrent.ThreadPoolTaskExecutor - Shutting down ExecutorService 'applicationTaskExecutor'
[INFO ] 2021-07-14 15:53:45.727 [SpringContextShutdownHook] org.springframework.orm.jpa.LocalContainerEntityManagerFactoryBean - Closing JPA EntityManagerFactory for persistence unit 'default'
[INFO ] 2021-07-14 15:53:45.740 [SpringContextShutdownHook] com.alibaba.druid.pool.DruidDataSource - {dataSource-1} closed
[INFO ] 2021-07-14 15:59:58.184 [main] org.springframework.boot.test.context.SpringBootTestContextBootstrapper - Neither @ContextConfiguration nor @ContextHierarchy found for test class [com.qzsoft.tah.TestJunit], using SpringBootContextLoader
[INFO ] 2021-07-14 15:59:58.249 [main] org.springframework.test.context.support.AbstractContextLoader - Could not detect default resource locations for test class [com.qzsoft.tah.TestJunit]: no resource found for suffixes {-context.xml, Context.groovy}.
[INFO ] 2021-07-14 15:59:59.146 [main] org.springframework.boot.test.context.SpringBootTestContextBootstrapper - Loaded default TestExecutionListener class names from location [META-INF/spring.factories]: [org.springframework.boot.test.mock.mockito.MockitoTestExecutionListener, org.springframework.boot.test.mock.mockito.ResetMocksTestExecutionListener, org.springframework.boot.test.autoconfigure.restdocs.RestDocsTestExecutionListener, org.springframework.boot.test.autoconfigure.web.client.MockRestServiceServerResetTestExecutionListener, org.springframework.boot.test.autoconfigure.web.servlet.MockMvcPrintOnlyOnFailureTestExecutionListener, org.springframework.boot.test.autoconfigure.web.servlet.WebDriverTestExecutionListener, org.springframework.test.context.web.ServletTestExecutionListener, org.springframework.test.context.support.DirtiesContextBeforeModesTestExecutionListener, org.springframework.test.context.support.DependencyInjectionTestExecutionListener, org.springframework.test.context.support.DirtiesContextTestExecutionListener, org.springframework.test.context.transaction.TransactionalTestExecutionListener, org.springframework.test.context.jdbc.SqlScriptsTestExecutionListener, org.springframework.test.context.event.EventPublishingTestExecutionListener]
[INFO ] 2021-07-14 15:59:59.221 [main] org.springframework.boot.test.context.SpringBootTestContextBootstrapper - Using TestExecutionListeners: [org.springframework.test.context.web.ServletTestExecutionListener@613a8ee1, org.springframework.test.context.support.DirtiesContextBeforeModesTestExecutionListener@178213b, org.springframework.boot.test.mock.mockito.MockitoTestExecutionListener@7103cb56, org.springframework.boot.test.autoconfigure.SpringBootDependencyInjectionTestExecutionListener@1b765a2c, org.springframework.test.context.support.DirtiesContextTestExecutionListener@2e8e8225, org.springframework.test.context.transaction.TransactionalTestExecutionListener@6ebf0f36, org.springframework.test.context.jdbc.SqlScriptsTestExecutionListener@18920cc, org.springframework.test.context.event.EventPublishingTestExecutionListener@2807bdeb, org.springframework.boot.test.mock.mockito.ResetMocksTestExecutionListener@72c28d64, org.springframework.boot.test.autoconfigure.restdocs.RestDocsTestExecutionListener@6492fab5, org.springframework.boot.test.autoconfigure.web.client.MockRestServiceServerResetTestExecutionListener@2c5529ab, org.springframework.boot.test.autoconfigure.web.servlet.MockMvcPrintOnlyOnFailureTestExecutionListener@39a8312f, org.springframework.boot.test.autoconfigure.web.servlet.WebDriverTestExecutionListener@5f6722d3]
